[ 2016-08-03T19:42:32+08:00 ] 127.0.0.1 /index.php?c=index&a=check
INFO: [ app_begin ] --START--
INFO: Run Behavior\ReadHtmlCacheBehavior [ RunTime:0.008613s ]
INFO: [ app_begin ] --END-- [ RunTime:0.010429s ]

[ 2016-08-03T19:46:18+08:00 ] 127.0.0.1 /index.php?c=index&a=check
INFO: [ app_begin ] --START--
INFO: Run Behavior\ReadHtmlCacheBehavior [ RunTime:0.002283s ]
INFO: [ app_begin ] --END-- [ RunTime:0.003836s ]

[ 2016-08-03T19:46:19+08:00 ] 127.0.0.1 /index.php?c=index&a=check
INFO: [ app_begin ] --START--
INFO: Run Behavior\ReadHtmlCacheBehavior [ RunTime:0.002507s ]
INFO: [ app_begin ] --END-- [ RunTime:0.003907s ]

[ 2016-08-03T19:46:20+08:00 ] 127.0.0.1 /index.php?c=index&a=check
INFO: [ app_begin ] --START--
INFO: Run Behavior\ReadHtmlCacheBehavior [ RunTime:0.002156s ]
INFO: [ app_begin ] --END-- [ RunTime:0.003591s ]

[ 2016-08-03T19:46:23+08:00 ] 127.0.0.1 /index.php?c=index&a=check
INFO: [ app_begin ] --START--
INFO: Run Behavior\ReadHtmlCacheBehavior [ RunTime:0.002125s ]
INFO: [ app_begin ] --END-- [ RunTime:0.003608s ]

[ 2016-08-03T19:46:23+08:00 ] 127.0.0.1 /index.php?c=index&a=check
INFO: [ app_begin ] --START--
INFO: Run Behavior\ReadHtmlCacheBehavior [ RunTime:0.001717s ]
INFO: [ app_begin ] --END-- [ RunTime:0.002795s ]

[ 2016-08-03T19:46:23+08:00 ] 127.0.0.1 /index.php?c=index&a=check
INFO: [ app_begin ] --START--
INFO: Run Behavior\ReadHtmlCacheBehavior [ RunTime:0.002877s ]
INFO: [ app_begin ] --END-- [ RunTime:0.004611s ]

[ 2016-08-03T19:46:53+08:00 ] 127.0.0.1 /index.php?c=index&a=check
INFO: [ app_begin ] --START--
INFO: Run Behavior\ReadHtmlCacheBehavior [ RunTime:0.002142s ]
INFO: [ app_begin ] --END-- [ RunTime:0.003806s ]

[ 2016-08-03T19:46:55+08:00 ] 127.0.0.1 /index.php?c=index&a=check
INFO: [ app_begin ] --START--
INFO: Run Behavior\ReadHtmlCacheBehavior [ RunTime:0.002839s ]
INFO: [ app_begin ] --END-- [ RunTime:0.004662s ]

[ 2016-08-03T19:46:58+08:00 ] 127.0.0.1 /index.php?c=index&a=check
INFO: [ app_begin ] --START--
INFO: Run Behavior\ReadHtmlCacheBehavior [ RunTime:0.001551s ]
INFO: [ app_begin ] --END-- [ RunTime:0.003033s ]

[ 2016-08-03T19:47:00+08:00 ] 127.0.0.1 /index.php?c=index&a=check
INFO: [ app_begin ] --START--
INFO: Run Behavior\ReadHtmlCacheBehavior [ RunTime:0.003377s ]
INFO: [ app_begin ] --END-- [ RunTime:0.004978s ]

[ 2016-08-03T19:47:00+08:00 ] 127.0.0.1 /index.php?c=index&a=check
INFO: [ app_begin ] --START--
INFO: Run Behavior\ReadHtmlCacheBehavior [ RunTime:0.002222s ]
INFO: [ app_begin ] --END-- [ RunTime:0.003747s ]

[ 2016-08-03T19:47:01+08:00 ] 127.0.0.1 /index.php?c=index&a=check
INFO: [ app_begin ] --START--
INFO: Run Behavior\ReadHtmlCacheBehavior [ RunTime:0.002362s ]
INFO: [ app_begin ] --END-- [ RunTime:0.003990s ]

[ 2016-08-03T19:47:01+08:00 ] 127.0.0.1 /index.php?c=index&a=check
INFO: [ app_begin ] --START--
INFO: Run Behavior\ReadHtmlCacheBehavior [ RunTime:0.002262s ]
INFO: [ app_begin ] --END-- [ RunTime:0.003472s ]

[ 2016-08-03T19:47:01+08:00 ] 127.0.0.1 /index.php?c=index&a=check
INFO: [ app_begin ] --START--
INFO: Run Behavior\ReadHtmlCacheBehavior [ RunTime:0.002213s ]
INFO: [ app_begin ] --END-- [ RunTime:0.003584s ]

[ 2016-08-03T19:47:01+08:00 ] 127.0.0.1 /index.php?c=index&a=check
INFO: [ app_begin ] --START--
INFO: Run Behavior\ReadHtmlCacheBehavior [ RunTime:0.002334s ]
INFO: [ app_begin ] --END-- [ RunTime:0.003987s ]

[ 2016-08-03T19:47:02+08:00 ] 127.0.0.1 /index.php?c=index&a=check
INFO: [ app_begin ] --START--
INFO: Run Behavior\ReadHtmlCacheBehavior [ RunTime:0.002140s ]
INFO: [ app_begin ] --END-- [ RunTime:0.003578s ]

[ 2016-08-03T19:47:02+08:00 ] 127.0.0.1 /index.php?c=index&a=check
INFO: [ app_begin ] --START--
INFO: Run Behavior\ReadHtmlCacheBehavior [ RunTime:0.004374s ]
INFO: [ app_begin ] --END-- [ RunTime:0.006046s ]

[ 2016-08-03T19:47:02+08:00 ] 127.0.0.1 /index.php?c=index&a=check
INFO: [ app_begin ] --START--
INFO: Run Behavior\ReadHtmlCacheBehavior [ RunTime:0.002633s ]
INFO: [ app_begin ] --END-- [ RunTime:0.004155s ]

[ 2016-08-03T19:47:02+08:00 ] 127.0.0.1 /index.php?c=index&a=check
INFO: [ app_begin ] --START--
INFO: Run Behavior\ReadHtmlCacheBehavior [ RunTime:0.001872s ]
INFO: [ app_begin ] --END-- [ RunTime:0.002905s ]

[ 2016-08-03T19:47:02+08:00 ] 127.0.0.1 /index.php?c=index&a=check
INFO: [ app_begin ] --START--
INFO: Run Behavior\ReadHtmlCacheBehavior [ RunTime:0.001993s ]
INFO: [ app_begin ] --END-- [ RunTime:0.003257s ]

[ 2016-08-03T19:47:08+08:00 ] 127.0.0.1 /index.php?c=index&a=check
INFO: [ app_begin ] --START--
INFO: Run Behavior\ReadHtmlCacheBehavior [ RunTime:0.003182s ]
INFO: [ app_begin ] --END-- [ RunTime:0.005190s ]

[ 2016-08-03T19:54:09+08:00 ] 127.0.0.1 /index.php?c=index&a=check
INFO: [ app_begin ] --START--
INFO: Run Behavior\ReadHtmlCacheBehavior [ RunTime:0.040763s ]
INFO: [ app_begin ] --END-- [ RunTime:0.044091s ]
SQL: SHOW COLUMNS FROM `mat_admin` [ RunTime:0.0032s ]
ERR: Think\Model:checkUser方法不存在！

[ 2016-08-03T19:54:34+08:00 ] 127.0.0.1 /index.php?c=index&a=check
INFO: [ app_begin ] --START--
INFO: Run Behavior\ReadHtmlCacheBehavior [ RunTime:0.001999s ]
INFO: [ app_begin ] --END-- [ RunTime:0.003548s ]
SQL: SHOW COLUMNS FROM `mat_admin` [ RunTime:0.0022s ]
NOTIC: 建议使用E方法替代throw_exception

[ 2016-08-03T19:54:34+08:00 ] 127.0.0.1 /index.php?c=index&a=check
INFO: [ app_begin ] --START--
INFO: Run Behavior\ReadHtmlCacheBehavior [ RunTime:0.001898s ]
INFO: [ app_begin ] --END-- [ RunTime:0.003324s ]
SQL: SHOW COLUMNS FROM `mat_admin` [ RunTime:0.0028s ]
NOTIC: 建议使用E方法替代throw_exception

[ 2016-08-03T19:55:00+08:00 ] 127.0.0.1 /index.php?c=index&a=check
INFO: [ app_begin ] --START--
INFO: Run Behavior\ReadHtmlCacheBehavior [ RunTime:0.004403s ]
INFO: [ app_begin ] --END-- [ RunTime:0.006467s ]
SQL: SHOW COLUMNS FROM `mat_admin` [ RunTime:0.0030s ]

[ 2016-08-03T19:55:20+08:00 ] 127.0.0.1 /index.php?c=index&a=check
INFO: [ app_begin ] --START--
INFO: Run Behavior\ReadHtmlCacheBehavior [ RunTime:0.003597s ]
INFO: [ app_begin ] --END-- [ RunTime:0.005755s ]
SQL: SHOW COLUMNS FROM `mat_admin` [ RunTime:0.0039s ]

[ 2016-08-03T19:55:27+08:00 ] 127.0.0.1 /index.php?c=index&a=check
INFO: [ app_begin ] --START--
INFO: Run Behavior\ReadHtmlCacheBehavior [ RunTime:0.002226s ]
INFO: [ app_begin ] --END-- [ RunTime:0.004221s ]
SQL: SHOW COLUMNS FROM `mat_admin` [ RunTime:0.0026s ]

[ 2016-08-03T19:55:51+08:00 ] 127.0.0.1 /index.php?c=index&a=check
INFO: [ app_begin ] --START--
INFO: Run Behavior\ReadHtmlCacheBehavior [ RunTime:0.003452s ]
INFO: [ app_begin ] --END-- [ RunTime:0.006042s ]
SQL: SHOW COLUMNS FROM `mat_admin` [ RunTime:0.0037s ]

[ 2016-08-03T19:57:08+08:00 ] 127.0.0.1 /index.php?c=index&a=check
INFO: [ app_begin ] --START--
INFO: Run Behavior\ReadHtmlCacheBehavior [ RunTime:0.005907s ]
INFO: [ app_begin ] --END-- [ RunTime:0.008185s ]
SQL: SHOW COLUMNS FROM `mat_admin` [ RunTime:0.0044s ]

[ 2016-08-03T19:57:48+08:00 ] 127.0.0.1 /index.php?c=index&a=check
INFO: [ app_begin ] --START--
INFO: Run Behavior\ReadHtmlCacheBehavior [ RunTime:0.004283s ]
INFO: [ app_begin ] --END-- [ RunTime:0.008166s ]
SQL: SHOW COLUMNS FROM `mat_admin` [ RunTime:0.0028s ]

[ 2016-08-03T19:58:52+08:00 ] 127.0.0.1 /index.php?c=index&a=check
INFO: [ app_begin ] --START--
INFO: Run Behavior\ReadHtmlCacheBehavior [ RunTime:0.004266s ]
INFO: [ app_begin ] --END-- [ RunTime:0.005768s ]
SQL: SHOW COLUMNS FROM `mat_admin` [ RunTime:0.0024s ]

[ 2016-08-03T19:59:00+08:00 ] 127.0.0.1 /index.php?c=index&a=check
INFO: [ app_begin ] --START--
INFO: Run Behavior\ReadHtmlCacheBehavior [ RunTime:0.002162s ]
INFO: [ app_begin ] --END-- [ RunTime:0.003424s ]
SQL: SHOW COLUMNS FROM `mat_admin` [ RunTime:0.0017s ]
NOTIC: [8] Undefined variable: _data G:\project\Matcms\Application\Common\Model\AdminModel.class.php 第 41 行.
SQL: SELECT * FROM `mat_admin` WHERE `username` = null LIMIT 1   [ RunTime:0.0010s ]
NOTIC: [8] Use of undefined constant res - assumed 'res' G:\project\Matcms\Application\Common\Model\AdminModel.class.php 第 43 行.

[ 2016-08-03T19:59:13+08:00 ] 127.0.0.1 /index.php?c=index&a=check
INFO: [ app_begin ] --START--
INFO: Run Behavior\ReadHtmlCacheBehavior [ RunTime:0.002768s ]
INFO: [ app_begin ] --END-- [ RunTime:0.004782s ]
SQL: SHOW COLUMNS FROM `mat_admin` [ RunTime:0.0020s ]
NOTIC: [8] Undefined variable: _data G:\project\Matcms\Application\Common\Model\AdminModel.class.php 第 41 行.
SQL: SELECT * FROM `mat_admin` WHERE `username` = null LIMIT 1   [ RunTime:0.0008s ]
NOTIC: [8] Use of undefined constant res - assumed 'res' G:\project\Matcms\Application\Common\Model\AdminModel.class.php 第 43 行.

[ 2016-08-03T19:59:17+08:00 ] 127.0.0.1 /index.php?c=index&a=check
INFO: [ app_begin ] --START--
INFO: Run Behavior\ReadHtmlCacheBehavior [ RunTime:0.002468s ]
INFO: [ app_begin ] --END-- [ RunTime:0.004101s ]
SQL: SHOW COLUMNS FROM `mat_admin` [ RunTime:0.0028s ]
NOTIC: [8] Undefined variable: _data G:\project\Matcms\Application\Common\Model\AdminModel.class.php 第 41 行.
SQL: SELECT * FROM `mat_admin` WHERE `username` = null LIMIT 1   [ RunTime:0.0011s ]
NOTIC: [8] Use of undefined constant res - assumed 'res' G:\project\Matcms\Application\Common\Model\AdminModel.class.php 第 43 行.

[ 2016-08-03T19:59:41+08:00 ] 127.0.0.1 /index.php?c=index&a=check
INFO: [ app_begin ] --START--
INFO: Run Behavior\ReadHtmlCacheBehavior [ RunTime:0.002178s ]
INFO: [ app_begin ] --END-- [ RunTime:0.003074s ]
SQL: SHOW COLUMNS FROM `mat_admin` [ RunTime:0.0018s ]
NOTIC: [8] Undefined variable: _data G:\project\Matcms\Application\Common\Model\AdminModel.class.php 第 41 行.
SQL: SELECT * FROM `mat_admin` WHERE `username` = null LIMIT 1   [ RunTime:0.0010s ]

[ 2016-08-03T19:59:42+08:00 ] 127.0.0.1 /index.php?c=index&a=check
INFO: [ app_begin ] --START--
INFO: Run Behavior\ReadHtmlCacheBehavior [ RunTime:0.002701s ]
INFO: [ app_begin ] --END-- [ RunTime:0.004367s ]
SQL: SHOW COLUMNS FROM `mat_admin` [ RunTime:0.0030s ]
NOTIC: [8] Undefined variable: _data G:\project\Matcms\Application\Common\Model\AdminModel.class.php 第 41 行.
SQL: SELECT * FROM `mat_admin` WHERE `username` = null LIMIT 1   [ RunTime:0.0013s ]

[ 2016-08-03T20:00:03+08:00 ] 127.0.0.1 /index.php?c=index&a=check
INFO: [ app_begin ] --START--
INFO: Run Behavior\ReadHtmlCacheBehavior [ RunTime:0.003332s ]
INFO: [ app_begin ] --END-- [ RunTime:0.006087s ]
SQL: SHOW COLUMNS FROM `mat_admin` [ RunTime:0.0024s ]
NOTIC: [8] Undefined variable: _data G:\project\Matcms\Application\Common\Model\AdminModel.class.php 第 41 行.
SQL: SELECT * FROM `mat_admin` WHERE `username` = null LIMIT 1   [ RunTime:0.0014s ]

[ 2016-08-03T20:00:20+08:00 ] 127.0.0.1 /index.php?c=index&a=check
INFO: [ app_begin ] --START--
INFO: Run Behavior\ReadHtmlCacheBehavior [ RunTime:0.002235s ]
INFO: [ app_begin ] --END-- [ RunTime:0.003719s ]
SQL: SHOW COLUMNS FROM `mat_admin` [ RunTime:0.0024s ]

[ 2016-08-03T20:01:36+08:00 ] 127.0.0.1 /index.php?c=index&a=check
INFO: [ app_begin ] --START--
INFO: Run Behavior\ReadHtmlCacheBehavior [ RunTime:0.002859s ]
INFO: [ app_begin ] --END-- [ RunTime:0.004536s ]
SQL: SHOW COLUMNS FROM `mat_admin` [ RunTime:0.0019s ]
ERR: 1054:Unknown column 'woya' in 'where clause'
 [ SQL语句 ] : SELECT * FROM `mat_admin` WHERE ( username = woya ) LIMIT 1  
ERR: 1054:Unknown column 'woya' in 'where clause'
 [ SQL语句 ] : SELECT * FROM `mat_admin` WHERE ( username = woya ) LIMIT 1  

[ 2016-08-03T20:02:31+08:00 ] 127.0.0.1 /index.php?c=index&a=check
INFO: [ app_begin ] --START--
INFO: Run Behavior\ReadHtmlCacheBehavior [ RunTime:0.001685s ]
INFO: [ app_begin ] --END-- [ RunTime:0.002765s ]

[ 2016-08-03T20:02:33+08:00 ] 127.0.0.1 /index.php?c=index&a=check
INFO: [ app_begin ] --START--
INFO: Run Behavior\ReadHtmlCacheBehavior [ RunTime:0.002542s ]
INFO: [ app_begin ] --END-- [ RunTime:0.004436s ]

[ 2016-08-03T20:03:10+08:00 ] 127.0.0.1 /index.php?c=index&a=check
INFO: [ app_begin ] --START--
INFO: Run Behavior\ReadHtmlCacheBehavior [ RunTime:0.003618s ]
INFO: [ app_begin ] --END-- [ RunTime:0.005486s ]
SQL: SHOW COLUMNS FROM `mat_admin` [ RunTime:0.0023s ]
SQL: SELECT * FROM `mat_admin` WHERE ( username = "woya" ) LIMIT 1   [ RunTime:0.0016s ]

[ 2016-08-03T20:03:42+08:00 ] 127.0.0.1 /index.php?c=index&a=check
INFO: [ app_begin ] --START--
INFO: Run Behavior\ReadHtmlCacheBehavior [ RunTime:0.002741s ]
INFO: [ app_begin ] --END-- [ RunTime:0.005186s ]
SQL: SHOW COLUMNS FROM `mat_admin` [ RunTime:0.0022s ]
SQL: SELECT * FROM `mat_admin` WHERE ( username = "qwe" ) LIMIT 1   [ RunTime:0.0012s ]
NOTIC: [8] Use of undefined constant res - assumed 'res' G:\project\Matcms\Application\Common\Model\AdminModel.class.php 第 42 行.

[ 2016-08-03T20:03:47+08:00 ] 127.0.0.1 /index.php?c=index&a=check
INFO: [ app_begin ] --START--
INFO: Run Behavior\ReadHtmlCacheBehavior [ RunTime:0.001754s ]
INFO: [ app_begin ] --END-- [ RunTime:0.003354s ]
SQL: SHOW COLUMNS FROM `mat_admin` [ RunTime:0.0021s ]
SQL: SELECT * FROM `mat_admin` WHERE ( username = "woya" ) LIMIT 1   [ RunTime:0.0013s ]
NOTIC: [8] Use of undefined constant res - assumed 'res' G:\project\Matcms\Application\Common\Model\AdminModel.class.php 第 42 行.

[ 2016-08-03T20:04:05+08:00 ] 127.0.0.1 /index.php?c=index&a=check
INFO: [ app_begin ] --START--
INFO: Run Behavior\ReadHtmlCacheBehavior [ RunTime:0.001916s ]
INFO: [ app_begin ] --END-- [ RunTime:0.003615s ]
SQL: SHOW COLUMNS FROM `mat_admin` [ RunTime:0.0022s ]
SQL: SELECT * FROM `mat_admin` WHERE ( username = "woya" ) LIMIT 1   [ RunTime:0.0018s ]

[ 2016-08-03T20:04:22+08:00 ] 127.0.0.1 /index.php?c=index&a=check
INFO: [ app_begin ] --START--
INFO: Run Behavior\ReadHtmlCacheBehavior [ RunTime:0.001954s ]
INFO: [ app_begin ] --END-- [ RunTime:0.003288s ]
SQL: SHOW COLUMNS FROM `mat_admin` [ RunTime:0.0020s ]
SQL: SELECT * FROM `mat_admin` WHERE ( username = "woya" ) LIMIT 1   [ RunTime:0.0010s ]

[ 2016-08-03T20:04:30+08:00 ] 127.0.0.1 /index.php?c=index&a=check
INFO: [ app_begin ] --START--
INFO: Run Behavior\ReadHtmlCacheBehavior [ RunTime:0.003027s ]
INFO: [ app_begin ] --END-- [ RunTime:0.005283s ]
SQL: SHOW COLUMNS FROM `mat_admin` [ RunTime:0.0020s ]
SQL: SELECT * FROM `mat_admin` WHERE ( username = "woya" ) LIMIT 1   [ RunTime:0.0025s ]
NOTIC: [8] Use of undefined constant res - assumed 'res' G:\project\Matcms\Application\Common\Model\AdminModel.class.php 第 43 行.

[ 2016-08-03T20:04:37+08:00 ] 127.0.0.1 /index.php?c=index&a=check
INFO: [ app_begin ] --START--
INFO: Run Behavior\ReadHtmlCacheBehavior [ RunTime:0.003688s ]
INFO: [ app_begin ] --END-- [ RunTime:0.005826s ]
SQL: SHOW COLUMNS FROM `mat_admin` [ RunTime:0.0022s ]
SQL: SELECT * FROM `mat_admin` WHERE ( username = "wqeasd" ) LIMIT 1   [ RunTime:0.0009s ]
NOTIC: [8] Use of undefined constant res - assumed 'res' G:\project\Matcms\Application\Common\Model\AdminModel.class.php 第 43 行.

[ 2016-08-03T20:04:51+08:00 ] 127.0.0.1 /index.php?c=index&a=check
INFO: [ app_begin ] --START--
INFO: Run Behavior\ReadHtmlCacheBehavior [ RunTime:0.002265s ]
INFO: [ app_begin ] --END-- [ RunTime:0.003886s ]
SQL: SHOW COLUMNS FROM `mat_admin` [ RunTime:0.0018s ]
SQL: SELECT * FROM `mat_admin` WHERE ( username = "wqeasd" ) LIMIT 1   [ RunTime:0.0011s ]

[ 2016-08-03T20:06:26+08:00 ] 127.0.0.1 /index.php?c=index&a=check
INFO: [ app_begin ] --START--
INFO: Run Behavior\ReadHtmlCacheBehavior [ RunTime:0.001526s ]
INFO: [ app_begin ] --END-- [ RunTime:0.002769s ]
SQL: SHOW COLUMNS FROM `mat_admin` [ RunTime:0.0016s ]
SQL: SELECT * FROM `mat_admin` WHERE ( username = "123asd" ) LIMIT 1   [ RunTime:0.0012s ]

[ 2016-08-03T20:06:33+08:00 ] 127.0.0.1 /index.php?c=index&a=check
INFO: [ app_begin ] --START--
INFO: Run Behavior\ReadHtmlCacheBehavior [ RunTime:0.005193s ]
INFO: [ app_begin ] --END-- [ RunTime:0.006886s ]
SQL: SHOW COLUMNS FROM `mat_admin` [ RunTime:0.0026s ]
SQL: SELECT * FROM `mat_admin` WHERE ( username = "woya" ) LIMIT 1   [ RunTime:0.0017s ]

[ 2016-08-03T20:06:37+08:00 ] 127.0.0.1 /index.php?c=index&a=check
INFO: [ app_begin ] --START--
INFO: Run Behavior\ReadHtmlCacheBehavior [ RunTime:0.002995s ]
INFO: [ app_begin ] --END-- [ RunTime:0.005682s ]
SQL: SHOW COLUMNS FROM `mat_admin` [ RunTime:0.0019s ]
SQL: SELECT * FROM `mat_admin` WHERE ( username = "woya" ) LIMIT 1   [ RunTime:0.0013s ]

[ 2016-08-03T20:26:56+08:00 ] 127.0.0.1 /index.php
ERR: XML标签语法错误 : condition='!empty($_SESSION['username'])'

[ 2016-08-03T20:27:08+08:00 ] 127.0.0.1 /index.php
ERR: XML标签语法错误 : condition=' !empty($_SESSION['username']) '

[ 2016-08-03T20:28:49+08:00 ] 127.0.0.1 /index.php
ERR: XML标签语法错误 : condition=' isset($_SESSION['username']) '

[ 2016-08-03T20:28:55+08:00 ] 127.0.0.1 /index.php
ERR: XML标签语法错误 : condition=' isset($_SESSION['username']) '

[ 2016-08-03T20:29:13+08:00 ] 127.0.0.1 /index.php
ERR: XML标签语法错误 : condition=' isset($_SESSION['username']) '

[ 2016-08-03T20:32:22+08:00 ] 127.0.0.1 /index.php
ERR: XML标签语法错误 : name={$Think.session.userInfo} 

[ 2016-08-03T20:33:13+08:00 ] 127.0.0.1 /index.php
ERR: XML标签语法错误 : name='{$Think['session']['userInfo']}' 

[ 2016-08-03T20:37:58+08:00 ] 127.0.0.1 /index.php?c=index&a=check
INFO: [ app_begin ] --START--
INFO: Run Behavior\ReadHtmlCacheBehavior [ RunTime:0.003084s ]
INFO: [ app_begin ] --END-- [ RunTime:0.006153s ]
SQL: SHOW COLUMNS FROM `mat_admin` [ RunTime:0.0022s ]
SQL: SELECT * FROM `mat_admin` WHERE ( username = "woya" ) LIMIT 1   [ RunTime:0.0014s ]

[ 2016-08-03T20:38:01+08:00 ] 127.0.0.1 /index.php?c=index&a=check
INFO: [ app_begin ] --START--
INFO: Run Behavior\ReadHtmlCacheBehavior [ RunTime:0.002730s ]
INFO: [ app_begin ] --END-- [ RunTime:0.004644s ]
SQL: SHOW COLUMNS FROM `mat_admin` [ RunTime:0.0022s ]
SQL: SELECT * FROM `mat_admin` WHERE ( username = "woyaasdasd" ) LIMIT 1   [ RunTime:0.0013s ]

[ 2016-08-03T20:38:05+08:00 ] 127.0.0.1 /index.php?c=index&a=check
INFO: [ app_begin ] --START--
INFO: Run Behavior\ReadHtmlCacheBehavior [ RunTime:0.003200s ]
INFO: [ app_begin ] --END-- [ RunTime:0.004799s ]
SQL: SHOW COLUMNS FROM `mat_admin` [ RunTime:0.0026s ]
SQL: SELECT * FROM `mat_admin` WHERE ( username = "woya" ) LIMIT 1   [ RunTime:0.0017s ]

[ 2016-08-03T20:38:27+08:00 ] 127.0.0.1 /index.php?c=index&a=check
INFO: [ app_begin ] --START--
INFO: Run Behavior\ReadHtmlCacheBehavior [ RunTime:0.002578s ]
INFO: [ app_begin ] --END-- [ RunTime:0.004877s ]
SQL: SHOW COLUMNS FROM `mat_admin` [ RunTime:0.0028s ]
SQL: SELECT * FROM `mat_admin` WHERE ( username = "woya" ) LIMIT 1   [ RunTime:0.0015s ]

[ 2016-08-03T20:39:20+08:00 ] 127.0.0.1 /index.php?c=index&a=check
INFO: [ app_begin ] --START--
INFO: Run Behavior\ReadHtmlCacheBehavior [ RunTime:0.003442s ]
INFO: [ app_begin ] --END-- [ RunTime:0.005276s ]
SQL: SHOW COLUMNS FROM `mat_admin` [ RunTime:0.0020s ]
SQL: SELECT * FROM `mat_admin` WHERE ( username = "woya" ) LIMIT 1   [ RunTime:0.0017s ]

[ 2016-08-03T20:40:41+08:00 ] 127.0.0.1 /index.php?c=index&a=check
INFO: [ app_begin ] --START--
INFO: Run Behavior\ReadHtmlCacheBehavior [ RunTime:0.013630s ]
INFO: [ app_begin ] --END-- [ RunTime:0.016454s ]
SQL: SHOW COLUMNS FROM `mat_admin` [ RunTime:0.0023s ]
SQL: SELECT * FROM `mat_admin` WHERE ( username = "woya" ) LIMIT 1   [ RunTime:0.0015s ]

[ 2016-08-03T20:41:44+08:00 ] 127.0.0.1 /index.php?c=index&a=check
INFO: [ app_begin ] --START--
INFO: Run Behavior\ReadHtmlCacheBehavior [ RunTime:0.002685s ]
INFO: [ app_begin ] --END-- [ RunTime:0.004804s ]
SQL: SHOW COLUMNS FROM `mat_admin` [ RunTime:0.0023s ]
SQL: SELECT * FROM `mat_admin` WHERE ( username = "WOYA" ) LIMIT 1   [ RunTime:0.0014s ]

[ 2016-08-03T20:41:48+08:00 ] 127.0.0.1 /index.php?c=index&a=check
INFO: [ app_begin ] --START--
INFO: Run Behavior\ReadHtmlCacheBehavior [ RunTime:0.003152s ]
INFO: [ app_begin ] --END-- [ RunTime:0.006291s ]
SQL: SHOW COLUMNS FROM `mat_admin` [ RunTime:0.0027s ]
SQL: SELECT * FROM `mat_admin` WHERE ( username = "woya" ) LIMIT 1   [ RunTime:0.0011s ]

[ 2016-08-03T20:42:39+08:00 ] 127.0.0.1 /index.php?c=index&a=check
INFO: [ app_begin ] --START--
INFO: Run Behavior\ReadHtmlCacheBehavior [ RunTime:0.002953s ]
INFO: [ app_begin ] --END-- [ RunTime:0.004590s ]
SQL: SHOW COLUMNS FROM `mat_admin` [ RunTime:0.0026s ]
SQL: SELECT * FROM `mat_admin` WHERE ( username = "woya" ) LIMIT 1   [ RunTime:0.0011s ]

[ 2016-08-03T20:45:56+08:00 ] 127.0.0.1 /index.php?c=index&a=check
INFO: [ app_begin ] --START--
INFO: Run Behavior\ReadHtmlCacheBehavior [ RunTime:0.001722s ]
INFO: [ app_begin ] --END-- [ RunTime:0.002787s ]
SQL: SHOW COLUMNS FROM `mat_admin` [ RunTime:0.0035s ]
SQL: SELECT * FROM `mat_admin` WHERE ( username = "woya" ) LIMIT 1   [ RunTime:0.0013s ]
NOTIC: [8] Undefined variable: data G:\project\Matcms\Application\Home\Controller\IndexController.class.php 第 34 行.

[ 2016-08-03T20:45:58+08:00 ] 127.0.0.1 /index.php?c=index&a=check
INFO: [ app_begin ] --START--
INFO: Run Behavior\ReadHtmlCacheBehavior [ RunTime:0.010709s ]
INFO: [ app_begin ] --END-- [ RunTime:0.013227s ]
SQL: SHOW COLUMNS FROM `mat_admin` [ RunTime:0.0023s ]
SQL: SELECT * FROM `mat_admin` WHERE ( username = "woya1" ) LIMIT 1   [ RunTime:0.0015s ]

[ 2016-08-03T20:46:01+08:00 ] 127.0.0.1 /index.php?c=index&a=check
INFO: [ app_begin ] --START--
INFO: Run Behavior\ReadHtmlCacheBehavior [ RunTime:0.001841s ]
INFO: [ app_begin ] --END-- [ RunTime:0.005209s ]
SQL: SHOW COLUMNS FROM `mat_admin` [ RunTime:0.0021s ]
SQL: SELECT * FROM `mat_admin` WHERE ( username = "woya" ) LIMIT 1   [ RunTime:0.0010s ]
NOTIC: [8] Undefined variable: data G:\project\Matcms\Application\Home\Controller\IndexController.class.php 第 34 行.

[ 2016-08-03T20:46:04+08:00 ] 127.0.0.1 /index.php?c=index&a=check
INFO: [ app_begin ] --START--
INFO: Run Behavior\ReadHtmlCacheBehavior [ RunTime:0.002604s ]
INFO: [ app_begin ] --END-- [ RunTime:0.004520s ]
SQL: SHOW COLUMNS FROM `mat_admin` [ RunTime:0.0025s ]
SQL: SELECT * FROM `mat_admin` WHERE ( username = "woya" ) LIMIT 1   [ RunTime:0.0014s ]
NOTIC: [8] Undefined variable: data G:\project\Matcms\Application\Home\Controller\IndexController.class.php 第 34 行.

[ 2016-08-03T20:46:25+08:00 ] 127.0.0.1 /index.php?c=index&a=check
INFO: [ app_begin ] --START--
INFO: Run Behavior\ReadHtmlCacheBehavior [ RunTime:0.002946s ]
INFO: [ app_begin ] --END-- [ RunTime:0.005910s ]
SQL: SHOW COLUMNS FROM `mat_admin` [ RunTime:0.0021s ]
SQL: SELECT * FROM `mat_admin` WHERE ( username = "woya" ) LIMIT 1   [ RunTime:0.0014s ]

[ 2016-08-03T20:46:33+08:00 ] 127.0.0.1 /index.php?c=index&a=check
INFO: [ app_begin ] --START--
INFO: Run Behavior\ReadHtmlCacheBehavior [ RunTime:0.002010s ]
INFO: [ app_begin ] --END-- [ RunTime:0.003664s ]
SQL: SHOW COLUMNS FROM `mat_admin` [ RunTime:0.0017s ]
SQL: SELECT * FROM `mat_admin` WHERE ( username = "admin" ) LIMIT 1   [ RunTime:0.0010s ]

[ 2016-08-03T20:46:38+08:00 ] 127.0.0.1 /index.php?c=index&a=check
INFO: [ app_begin ] --START--
INFO: Run Behavior\ReadHtmlCacheBehavior [ RunTime:0.002706s ]
INFO: [ app_begin ] --END-- [ RunTime:0.004918s ]
SQL: SHOW COLUMNS FROM `mat_admin` [ RunTime:0.0022s ]
SQL: SELECT * FROM `mat_admin` WHERE ( username = "woya" ) LIMIT 1   [ RunTime:0.0014s ]

[ 2016-08-03T20:48:07+08:00 ] 127.0.0.1 /index.php?c=index&a=check
INFO: [ app_begin ] --START--
INFO: Run Behavior\ReadHtmlCacheBehavior [ RunTime:0.002787s ]
INFO: [ app_begin ] --END-- [ RunTime:0.004708s ]
SQL: SHOW COLUMNS FROM `mat_admin` [ RunTime:0.0026s ]
SQL: SELECT * FROM `mat_admin` WHERE ( username = "woya" ) LIMIT 1   [ RunTime:0.0018s ]

[ 2016-08-03T20:49:03+08:00 ] 127.0.0.1 /index.php?c=index&a=check
INFO: [ app_begin ] --START--
INFO: Run Behavior\ReadHtmlCacheBehavior [ RunTime:0.001921s ]
INFO: [ app_begin ] --END-- [ RunTime:0.003129s ]
SQL: SHOW COLUMNS FROM `mat_admin` [ RunTime:0.0024s ]
SQL: SELECT * FROM `mat_admin` WHERE ( username = "woya" ) LIMIT 1   [ RunTime:0.0015s ]

[ 2016-08-03T20:49:08+08:00 ] 127.0.0.1 /index.php?c=index&a=check
INFO: [ app_begin ] --START--
INFO: Run Behavior\ReadHtmlCacheBehavior [ RunTime:0.002560s ]
INFO: [ app_begin ] --END-- [ RunTime:0.004021s ]
SQL: SHOW COLUMNS FROM `mat_admin` [ RunTime:0.0025s ]
SQL: SELECT * FROM `mat_admin` WHERE ( username = "woya" ) LIMIT 1   [ RunTime:0.0016s ]

[ 2016-08-03T20:49:58+08:00 ] 127.0.0.1 /index.php?c=index&a=check
INFO: [ app_begin ] --START--
INFO: Run Behavior\ReadHtmlCacheBehavior [ RunTime:0.002203s ]
INFO: [ app_begin ] --END-- [ RunTime:0.003675s ]
SQL: SHOW COLUMNS FROM `mat_admin` [ RunTime:0.0021s ]
SQL: SELECT * FROM `mat_admin` WHERE ( username = "woya" ) LIMIT 1   [ RunTime:0.0012s ]

[ 2016-08-03T20:51:29+08:00 ] 127.0.0.1 /index.php?c=index&a=check
INFO: [ app_begin ] --START--
INFO: Run Behavior\ReadHtmlCacheBehavior [ RunTime:0.002503s ]
INFO: [ app_begin ] --END-- [ RunTime:0.016989s ]
SQL: SHOW COLUMNS FROM `mat_admin` [ RunTime:0.0025s ]
SQL: SELECT * FROM `mat_admin` WHERE ( username = "woya" ) LIMIT 1   [ RunTime:0.0019s ]

[ 2016-08-03T20:51:44+08:00 ] 127.0.0.1 /index.php?c=index&a=check
INFO: [ app_begin ] --START--
INFO: Run Behavior\ReadHtmlCacheBehavior [ RunTime:0.002489s ]
INFO: [ app_begin ] --END-- [ RunTime:0.004111s ]
SQL: SHOW COLUMNS FROM `mat_admin` [ RunTime:0.0024s ]
SQL: SELECT * FROM `mat_admin` WHERE ( username = "woya" ) LIMIT 1   [ RunTime:0.0010s ]

[ 2016-08-03T20:57:16+08:00 ] 127.0.0.1 /index.php?c=index&a=check
INFO: [ app_begin ] --START--
INFO: Run Behavior\ReadHtmlCacheBehavior [ RunTime:0.002275s ]
INFO: [ app_begin ] --END-- [ RunTime:0.003785s ]
SQL: SHOW COLUMNS FROM `mat_admin` [ RunTime:0.0024s ]
SQL: SELECT * FROM `mat_admin` WHERE ( username = "woya" ) LIMIT 1   [ RunTime:0.0017s ]

[ 2016-08-03T21:02:18+08:00 ] 127.0.0.1 /index.php?c=index&a=check
INFO: [ app_begin ] --START--
INFO: Run Behavior\ReadHtmlCacheBehavior [ RunTime:0.006484s ]
INFO: [ app_begin ] --END-- [ RunTime:0.009564s ]
SQL: SHOW COLUMNS FROM `mat_admin` [ RunTime:0.0022s ]
SQL: SELECT * FROM `mat_admin` WHERE ( username = "woya" ) LIMIT 1   [ RunTime:0.0013s ]
NOTIC: [8] Undefined index: username G:\project\Matcms\Application\Home\Controller\IndexController.class.php 第 38 行.

[ 2016-08-03T21:03:02+08:00 ] 127.0.0.1 /index.php?c=index&a=check
INFO: [ app_begin ] --START--
INFO: Run Behavior\ReadHtmlCacheBehavior [ RunTime:0.002978s ]
INFO: [ app_begin ] --END-- [ RunTime:0.004728s ]
SQL: SHOW COLUMNS FROM `mat_admin` [ RunTime:0.0023s ]
SQL: SELECT * FROM `mat_admin` WHERE ( username = "woya" ) LIMIT 1   [ RunTime:0.0015s ]
NOTIC: [8] Undefined index: username G:\project\Matcms\Application\Home\Controller\IndexController.class.php 第 39 行.

[ 2016-08-03T21:04:10+08:00 ] 127.0.0.1 /index.php?c=index&a=check
INFO: [ app_begin ] --START--
INFO: Run Behavior\ReadHtmlCacheBehavior [ RunTime:0.000831s ]
INFO: [ app_begin ] --END-- [ RunTime:0.001526s ]
SQL: SHOW COLUMNS FROM `mat_admin` [ RunTime:0.0009s ]
SQL: SELECT * FROM `mat_admin` WHERE ( username = "woya" ) LIMIT 1   [ RunTime:0.0005s ]

[ 2016-08-03T21:07:18+08:00 ] 127.0.0.1 /index.php?c=index&a=check
INFO: [ app_begin ] --START--
INFO: Run Behavior\ReadHtmlCacheBehavior [ RunTime:0.006123s ]
INFO: [ app_begin ] --END-- [ RunTime:0.008429s ]
SQL: SHOW COLUMNS FROM `mat_admin` [ RunTime:0.0022s ]
SQL: SELECT * FROM `mat_admin` WHERE ( username = "woya" ) LIMIT 1   [ RunTime:0.0016s ]

[ 2016-08-03T21:09:09+08:00 ] 127.0.0.1 /index.php?c=index&a=check
INFO: [ app_begin ] --START--
INFO: Run Behavior\ReadHtmlCacheBehavior [ RunTime:0.002594s ]
INFO: [ app_begin ] --END-- [ RunTime:0.004055s ]
SQL: SHOW COLUMNS FROM `mat_admin` [ RunTime:0.0025s ]
SQL: SELECT * FROM `mat_admin` WHERE ( username = "woya" ) LIMIT 1   [ RunTime:0.0015s ]

[ 2016-08-03T21:33:24+08:00 ] 127.0.0.1 /index.php?c=index&a=check
INFO: [ app_begin ] --START--
INFO: Run Behavior\ReadHtmlCacheBehavior [ RunTime:0.004861s ]
INFO: [ app_begin ] --END-- [ RunTime:0.007392s ]
SQL: SHOW COLUMNS FROM `mat_admin` [ RunTime:0.0026s ]
SQL: SELECT * FROM `mat_admin` WHERE ( username = "woya" ) LIMIT 1   [ RunTime:0.0017s ]

[ 2016-08-03T21:33:44+08:00 ] 127.0.0.1 /index.php?c=index&a=check
INFO: [ app_begin ] --START--
INFO: Run Behavior\ReadHtmlCacheBehavior [ RunTime:0.001829s ]
INFO: [ app_begin ] --END-- [ RunTime:0.004456s ]
SQL: SHOW COLUMNS FROM `mat_admin` [ RunTime:0.0019s ]
SQL: SELECT * FROM `mat_admin` WHERE ( username = "woya" ) LIMIT 1   [ RunTime:0.0010s ]

[ 2016-08-03T21:38:42+08:00 ] 127.0.0.1 /index.php?c=index&a=insert
INFO: [ app_begin ] --START--
INFO: Run Behavior\ReadHtmlCacheBehavior [ RunTime:0.003221s ]
INFO: [ app_begin ] --END-- [ RunTime:0.005464s ]

[ 2016-08-03T21:39:21+08:00 ] 127.0.0.1 /index.php?c=index&a=insert
INFO: [ app_begin ] --START--
INFO: Run Behavior\ReadHtmlCacheBehavior [ RunTime:0.001847s ]
INFO: [ app_begin ] --END-- [ RunTime:0.002992s ]

[ 2016-08-03T21:40:41+08:00 ] 127.0.0.1 /index.php?c=index&a=insert
INFO: [ app_begin ] --START--
INFO: Run Behavior\ReadHtmlCacheBehavior [ RunTime:0.009232s ]
INFO: [ app_begin ] --END-- [ RunTime:0.011704s ]

[ 2016-08-03T21:40:43+08:00 ] 127.0.0.1 /index.php?c=index&a=insert
INFO: [ app_begin ] --START--
INFO: Run Behavior\ReadHtmlCacheBehavior [ RunTime:0.001632s ]
INFO: [ app_begin ] --END-- [ RunTime:0.002637s ]

[ 2016-08-03T21:41:52+08:00 ] 127.0.0.1 /index.php?c=index&a=insert
INFO: [ app_begin ] --START--
INFO: Run Behavior\ReadHtmlCacheBehavior [ RunTime:0.002757s ]
INFO: [ app_begin ] --END-- [ RunTime:0.004514s ]

[ 2016-08-03T21:41:57+08:00 ] 127.0.0.1 /index.php?c=index&a=insert
INFO: [ app_begin ] --START--
INFO: Run Behavior\ReadHtmlCacheBehavior [ RunTime:0.001194s ]
INFO: [ app_begin ] --END-- [ RunTime:0.001987s ]

[ 2016-08-03T21:42:35+08:00 ] 127.0.0.1 /index.php?c=index&a=check
INFO: [ app_begin ] --START--
INFO: Run Behavior\ReadHtmlCacheBehavior [ RunTime:0.001652s ]
INFO: [ app_begin ] --END-- [ RunTime:0.002848s ]
SQL: SHOW COLUMNS FROM `mat_admin` [ RunTime:0.0021s ]
SQL: SELECT * FROM `mat_admin` WHERE ( username = "123" ) LIMIT 1   [ RunTime:0.0012s ]

[ 2016-08-03T21:42:44+08:00 ] 127.0.0.1 /index.php?c=index&a=insert
INFO: [ app_begin ] --START--
INFO: Run Behavior\ReadHtmlCacheBehavior [ RunTime:0.002878s ]
INFO: [ app_begin ] --END-- [ RunTime:0.007320s ]

[ 2016-08-03T23:53:54+08:00 ] 127.0.0.1 /index.php?c=index&a=check
INFO: [ app_begin ] --START--
INFO: Run Behavior\ReadHtmlCacheBehavior [ RunTime:0.002674s ]
INFO: [ app_begin ] --END-- [ RunTime:0.004173s ]
SQL: SHOW COLUMNS FROM `mat_admin` [ RunTime:0.0759s ]
SQL: SELECT * FROM `mat_admin` WHERE ( username = "woya" ) LIMIT 1   [ RunTime:0.1255s ]

[ 2016-08-03T23:54:38+08:00 ] 127.0.0.1 /index.php?c=index&a=insert
INFO: [ app_begin ] --START--
INFO: Run Behavior\ReadHtmlCacheBehavior [ RunTime:0.002830s ]
INFO: [ app_begin ] --END-- [ RunTime:0.004521s ]

[ 2016-08-03T23:54:41+08:00 ] 127.0.0.1 /index.php?c=index&a=insert
INFO: [ app_begin ] --START--
INFO: Run Behavior\ReadHtmlCacheBehavior [ RunTime:0.001715s ]
INFO: [ app_begin ] --END-- [ RunTime:0.002952s ]

[ 2016-08-03T23:54:42+08:00 ] 127.0.0.1 /index.php?c=index&a=insert
INFO: [ app_begin ] --START--
INFO: Run Behavior\ReadHtmlCacheBehavior [ RunTime:0.001653s ]
INFO: [ app_begin ] --END-- [ RunTime:0.002824s ]

[ 2016-08-03T23:55:59+08:00 ] 127.0.0.1 /index.php?c=index&a=insert
INFO: [ app_begin ] --START--
INFO: Run Behavior\ReadHtmlCacheBehavior [ RunTime:0.000598s ]
INFO: [ app_begin ] --END-- [ RunTime:0.001037s ]

[ 2016-08-03T23:58:39+08:00 ] 127.0.0.1 /index.php?c=index&a=insert
INFO: [ app_begin ] --START--
INFO: Run Behavior\ReadHtmlCacheBehavior [ RunTime:0.000993s ]
INFO: [ app_begin ] --END-- [ RunTime:0.001926s ]

