[ 2016-08-04T00:00:58+08:00 ] 127.0.0.1 /index.php?c=index&a=insert
INFO: [ app_begin ] --START--
INFO: Run Behavior\ReadHtmlCacheBehavior [ RunTime:0.000998s ]
INFO: [ app_begin ] --END-- [ RunTime:0.001493s ]
SQL: SHOW COLUMNS FROM `mat_admin` [ RunTime:0.0468s ]
ERR: Think\Model:insert方法不存在！

[ 2016-08-04T00:01:48+08:00 ] 127.0.0.1 /index.php?c=index&a=insert
INFO: [ app_begin ] --START--
INFO: Run Behavior\ReadHtmlCacheBehavior [ RunTime:0.000714s ]
INFO: [ app_begin ] --END-- [ RunTime:0.001369s ]
SQL: SHOW COLUMNS FROM `mat_admin` [ RunTime:0.0007s ]
ERR: Think\Model:insert方法不存在！

[ 2016-08-04T00:02:33+08:00 ] 127.0.0.1 /index.php?c=index&a=insert
INFO: [ app_begin ] --START--
INFO: Run Behavior\ReadHtmlCacheBehavior [ RunTime:0.000655s ]
INFO: [ app_begin ] --END-- [ RunTime:0.001109s ]
INFO: [ view_parse ] --START--
INFO: [ template_filter ] --START--
INFO: Run Behavior\ContentReplaceBehavior [ RunTime:0.000193s ]
INFO: [ template_filter ] --END-- [ RunTime:0.000393s ]
NOTIC: [2048] Declaration of Common\Model\BasicModel::save() should be compatible with Think\Model::save($data = '', $options = Array) G:\project\Matcms\Application\Common\Model\BasicModel.class.php 第 23 行.
NOTIC: [2048] Declaration of Common\Model\BasicModel::select() should be compatible with Think\Model::select($options = Array) G:\project\Matcms\Application\Common\Model\BasicModel.class.php 第 23 行.
NOTIC: [2048] Declaration of Common\Model\MenuModel::find() should be compatible with Think\Model::find($options = Array) G:\project\Matcms\Application\Common\Model\MenuModel.class.php 第 96 行.
SQL: SHOW COLUMNS FROM `mat_menu` [ RunTime:0.1078s ]
SQL: SELECT * FROM `mat_menu` WHERE `status` = 1 AND `type` = 0 ORDER BY listorder desc,menu_id desc  [ RunTime:0.0009s ]
NOTIC: [8] Undefined index: id G:\project\Matcms\Application\Runtime\Cache\Home\99eb91d9b8f688b48bb19a763d590296.php 第 1 行.
NOTIC: [8] Undefined index: userInfo G:\project\Matcms\Application\Runtime\Cache\Home\99eb91d9b8f688b48bb19a763d590296.php 第 65 行.
INFO: Run Behavior\ParseTemplateBehavior [ RunTime:0.290701s ]
INFO: [ view_parse ] --END-- [ RunTime:0.290833s ]
INFO: [ view_filter ] --START--
INFO: Run Behavior\WriteHtmlCacheBehavior [ RunTime:0.000735s ]
INFO: [ view_filter ] --END-- [ RunTime:0.000949s ]
INFO: [ app_end ] --START--
INFO: Run Behavior\ShowPageTraceBehavior [ RunTime:0.001147s ]
INFO: [ app_end ] --END-- [ RunTime:0.001404s ]

[ 2016-08-04T00:02:49+08:00 ] 127.0.0.1 /index.php?c=index&a=registerUser
INFO: [ app_begin ] --START--
INFO: Run Behavior\ReadHtmlCacheBehavior [ RunTime:0.000623s ]
INFO: [ app_begin ] --END-- [ RunTime:0.001041s ]
SQL: SHOW COLUMNS FROM `mat_admin` [ RunTime:0.0776s ]
ERR: Think\Model:insert方法不存在！

[ 2016-08-04T00:02:51+08:00 ] 127.0.0.1 /index.php?c=index&a=registerUser
INFO: [ app_begin ] --START--
INFO: Run Behavior\ReadHtmlCacheBehavior [ RunTime:0.000671s ]
INFO: [ app_begin ] --END-- [ RunTime:0.001148s ]
SQL: SHOW COLUMNS FROM `mat_admin` [ RunTime:0.0010s ]
ERR: Think\Model:insert方法不存在！

[ 2016-08-04T00:04:34+08:00 ] 127.0.0.1 /index.php?c=index&a=registerUser
INFO: [ app_begin ] --START--
INFO: Run Behavior\ReadHtmlCacheBehavior [ RunTime:0.001079s ]
INFO: [ app_begin ] --END-- [ RunTime:0.001869s ]
SQL: SHOW COLUMNS FROM `mat_admin` [ RunTime:0.0524s ]
ERR: Think\Model:insert方法不存在！

[ 2016-08-04T00:05:15+08:00 ] 127.0.0.1 /index.php?c=index&a=registerUser
INFO: [ app_begin ] --START--
INFO: Run Behavior\ReadHtmlCacheBehavior [ RunTime:0.000725s ]
INFO: [ app_begin ] --END-- [ RunTime:0.001169s ]
SQL: SHOW COLUMNS FROM `mat_admin` [ RunTime:0.0201s ]
ERR: 1364:Field 'type' doesn't have a default value
 [ SQL语句 ] : INSERT INTO `mat_admin` (`username`,`password`,`realname`,`email`) VALUES ('123','123','123','123')
ERR: 1364:Field 'type' doesn't have a default value
 [ SQL语句 ] : INSERT INTO `mat_admin` (`username`,`password`,`realname`,`email`) VALUES ('123','123','123','123')

[ 2016-08-04T00:05:16+08:00 ] 127.0.0.1 /index.php?c=index&a=registerUser
INFO: [ app_begin ] --START--
INFO: Run Behavior\ReadHtmlCacheBehavior [ RunTime:0.000695s ]
INFO: [ app_begin ] --END-- [ RunTime:0.001176s ]
SQL: SHOW COLUMNS FROM `mat_admin` [ RunTime:0.0156s ]
ERR: 1364:Field 'type' doesn't have a default value
 [ SQL语句 ] : INSERT INTO `mat_admin` (`username`,`password`,`realname`,`email`) VALUES ('123','123','123','123')
ERR: 1364:Field 'type' doesn't have a default value
 [ SQL语句 ] : INSERT INTO `mat_admin` (`username`,`password`,`realname`,`email`) VALUES ('123','123','123','123')

[ 2016-08-04T00:05:16+08:00 ] 127.0.0.1 /index.php?c=index&a=registerUser
INFO: [ app_begin ] --START--
INFO: Run Behavior\ReadHtmlCacheBehavior [ RunTime:0.000698s ]
INFO: [ app_begin ] --END-- [ RunTime:0.001206s ]
SQL: SHOW COLUMNS FROM `mat_admin` [ RunTime:0.0298s ]
ERR: 1364:Field 'type' doesn't have a default value
 [ SQL语句 ] : INSERT INTO `mat_admin` (`username`,`password`,`realname`,`email`) VALUES ('123','123','123','123')
ERR: 1364:Field 'type' doesn't have a default value
 [ SQL语句 ] : INSERT INTO `mat_admin` (`username`,`password`,`realname`,`email`) VALUES ('123','123','123','123')

[ 2016-08-04T00:05:17+08:00 ] 127.0.0.1 /index.php?c=index&a=registerUser
INFO: [ app_begin ] --START--
INFO: Run Behavior\ReadHtmlCacheBehavior [ RunTime:0.000656s ]
INFO: [ app_begin ] --END-- [ RunTime:0.001160s ]
SQL: SHOW COLUMNS FROM `mat_admin` [ RunTime:0.0011s ]
ERR: 1364:Field 'type' doesn't have a default value
 [ SQL语句 ] : INSERT INTO `mat_admin` (`username`,`password`,`realname`,`email`) VALUES ('123','123','123','123')
ERR: 1364:Field 'type' doesn't have a default value
 [ SQL语句 ] : INSERT INTO `mat_admin` (`username`,`password`,`realname`,`email`) VALUES ('123','123','123','123')

[ 2016-08-04T00:06:18+08:00 ] 127.0.0.1 /index.php?c=index&a=registerUser
INFO: [ app_begin ] --START--
INFO: Run Behavior\ReadHtmlCacheBehavior [ RunTime:0.000678s ]
INFO: [ app_begin ] --END-- [ RunTime:0.001146s ]
SQL: SHOW COLUMNS FROM `mat_admin` [ RunTime:0.0388s ]
SQL: INSERT INTO `mat_admin` (`username`,`password`,`realname`,`email`,`type`) VALUES ('123','123','123','123','1') [ RunTime:0.0005s ]

[ 2016-08-04T00:06:28+08:00 ] 127.0.0.1 /index.php?c=index&a=check
INFO: [ app_begin ] --START--
INFO: Run Behavior\ReadHtmlCacheBehavior [ RunTime:0.001026s ]
INFO: [ app_begin ] --END-- [ RunTime:0.001800s ]
SQL: SHOW COLUMNS FROM `mat_admin` [ RunTime:0.0007s ]
SQL: SELECT * FROM `mat_admin` WHERE ( username = "123" ) LIMIT 1   [ RunTime:0.0005s ]

[ 2016-08-04T00:06:31+08:00 ] 127.0.0.1 /index.php?c=index&a=check
INFO: [ app_begin ] --START--
INFO: Run Behavior\ReadHtmlCacheBehavior [ RunTime:0.001230s ]
INFO: [ app_begin ] --END-- [ RunTime:0.002038s ]
SQL: SHOW COLUMNS FROM `mat_admin` [ RunTime:0.0296s ]
SQL: SELECT * FROM `mat_admin` WHERE ( username = "123" ) LIMIT 1   [ RunTime:0.0008s ]

[ 2016-08-04T00:07:16+08:00 ] 127.0.0.1 /index.php?c=index&a=registerUser
INFO: [ app_begin ] --START--
INFO: Run Behavior\ReadHtmlCacheBehavior [ RunTime:0.000675s ]
INFO: [ app_begin ] --END-- [ RunTime:0.001126s ]

[ 2016-08-04T00:07:18+08:00 ] 127.0.0.1 /index.php?c=index&a=registerUser
INFO: [ app_begin ] --START--
INFO: Run Behavior\ReadHtmlCacheBehavior [ RunTime:0.000668s ]
INFO: [ app_begin ] --END-- [ RunTime:0.001164s ]

[ 2016-08-04T00:07:23+08:00 ] 127.0.0.1 /index.php?c=index&a=registerUser
INFO: [ app_begin ] --START--
INFO: Run Behavior\ReadHtmlCacheBehavior [ RunTime:0.000679s ]
INFO: [ app_begin ] --END-- [ RunTime:0.001170s ]
SQL: SHOW COLUMNS FROM `mat_admin` [ RunTime:0.0011s ]
SQL: INSERT INTO `mat_admin` (`username`,`password`,`realname`,`email`,`type`) VALUES ('321','646780b04da4005e52dd929ea5b4624a','321','312','1') [ RunTime:0.0008s ]

[ 2016-08-04T00:07:32+08:00 ] 127.0.0.1 /index.php?c=index&a=check
INFO: [ app_begin ] --START--
INFO: Run Behavior\ReadHtmlCacheBehavior [ RunTime:0.000723s ]
INFO: [ app_begin ] --END-- [ RunTime:0.001214s ]
SQL: SHOW COLUMNS FROM `mat_admin` [ RunTime:0.0313s ]
SQL: SELECT * FROM `mat_admin` WHERE ( username = "321" ) LIMIT 1   [ RunTime:0.0005s ]

[ 2016-08-04T00:09:07+08:00 ] 127.0.0.1 /index.php?c=index&a=check
INFO: [ app_begin ] --START--
INFO: Run Behavior\ReadHtmlCacheBehavior [ RunTime:0.000787s ]
INFO: [ app_begin ] --END-- [ RunTime:0.001234s ]
SQL: SHOW COLUMNS FROM `mat_admin` [ RunTime:0.0010s ]
SQL: SELECT * FROM `mat_admin` WHERE ( username = "321" ) LIMIT 1   [ RunTime:0.0007s ]
NOTIC: [8] Undefined index: admin_id G:\project\Matcms\Application\Common\Model\AdminModel.class.php 第 34 行.
ERR: 1064:You have an error in your SQL syntax; check the manual that corresponds to your MySQL server version for the right syntax to use near ')' at line 1
 [ SQL语句 ] : UPDATE `mat_admin` SET `username`='321',`password`='646780b04da4005e52dd929ea5b4624a',`lastlogintime`='1470240547',`lastloginip`='2130706433' WHERE ( admin_id = )
ERR: 1064:You have an error in your SQL syntax; check the manual that corresponds to your MySQL server version for the right syntax to use near ')' at line 1
 [ SQL语句 ] : UPDATE `mat_admin` SET `username`='321',`password`='646780b04da4005e52dd929ea5b4624a',`lastlogintime`='1470240547',`lastloginip`='2130706433' WHERE ( admin_id = )

[ 2016-08-04T00:09:11+08:00 ] 127.0.0.1 /index.php?c=index&a=check
INFO: [ app_begin ] --START--
INFO: Run Behavior\ReadHtmlCacheBehavior [ RunTime:0.001052s ]
INFO: [ app_begin ] --END-- [ RunTime:0.001813s ]
SQL: SHOW COLUMNS FROM `mat_admin` [ RunTime:0.0011s ]
SQL: SELECT * FROM `mat_admin` WHERE ( username = "321" ) LIMIT 1   [ RunTime:0.0007s ]
NOTIC: [8] Undefined index: admin_id G:\project\Matcms\Application\Common\Model\AdminModel.class.php 第 34 行.
ERR: 1064:You have an error in your SQL syntax; check the manual that corresponds to your MySQL server version for the right syntax to use near ')' at line 1
 [ SQL语句 ] : UPDATE `mat_admin` SET `username`='321',`password`='646780b04da4005e52dd929ea5b4624a',`lastlogintime`='1470240551',`lastloginip`='2130706433' WHERE ( admin_id = )
ERR: 1064:You have an error in your SQL syntax; check the manual that corresponds to your MySQL server version for the right syntax to use near ')' at line 1
 [ SQL语句 ] : UPDATE `mat_admin` SET `username`='321',`password`='646780b04da4005e52dd929ea5b4624a',`lastlogintime`='1470240551',`lastloginip`='2130706433' WHERE ( admin_id = )

[ 2016-08-04T00:09:57+08:00 ] 127.0.0.1 /index.php?c=index&a=check
INFO: [ app_begin ] --START--
INFO: Run Behavior\ReadHtmlCacheBehavior [ RunTime:0.000656s ]
INFO: [ app_begin ] --END-- [ RunTime:0.001134s ]
SQL: SHOW COLUMNS FROM `mat_admin` [ RunTime:0.0554s ]
SQL: SELECT * FROM `mat_admin` WHERE ( username = "321" ) LIMIT 1   [ RunTime:0.0006s ]
SQL: UPDATE `mat_admin` SET `username`='321',`password`='646780b04da4005e52dd929ea5b4624a',`lastlogintime`='1470240597',`lastloginip`='2130706433',`admin_id`='10' WHERE ( admin_id =10 ) [ RunTime:0.0318s ]

