[ 2016-07-23T00:54:54+08:00 ] 127.0.0.1 /admin.php?c=admin
ERR: 无法加载控制器:Admin

[ 2016-07-23T00:55:15+08:00 ] 127.0.0.1 /admin.php?c=admin
ERR: 无法加载控制器:Admin

[ 2016-07-23T01:46:41+08:00 ] 127.0.0.1 /admin.php?c=content&a=add
INFO: [ app_begin ] --START--
INFO: Run Behavior\ReadHtmlCacheBehavior [ RunTime:0.000359s ]
INFO: [ app_begin ] --END-- [ RunTime:0.000615s ]
NOTIC: [2048] Declaration of Common\Model\NewsModel::find() should be compatible with Think\Model::find($options = Array) D:\web\takahashi\Application\Common\Model\NewsModel.class.php 第 23 行.
SQL: SHOW COLUMNS FROM `mat_news` [ RunTime:0.0022s ]
NOTIC: [8] Undefined variable: db D:\web\takahashi\Application\Common\Model\NewsModel.class.php 第 80 行.

[ 2016-07-23T01:46:43+08:00 ] 127.0.0.1 /admin.php?c=content&a=add
INFO: [ app_begin ] --START--
INFO: Run Behavior\ReadHtmlCacheBehavior [ RunTime:0.000422s ]
INFO: [ app_begin ] --END-- [ RunTime:0.000770s ]
NOTIC: [2048] Declaration of Common\Model\NewsModel::find() should be compatible with Think\Model::find($options = Array) D:\web\takahashi\Application\Common\Model\NewsModel.class.php 第 23 行.
SQL: SHOW COLUMNS FROM `mat_news` [ RunTime:0.0007s ]
NOTIC: [8] Undefined variable: db D:\web\takahashi\Application\Common\Model\NewsModel.class.php 第 80 行.

[ 2016-07-23T01:47:47+08:00 ] 127.0.0.1 /admin.php?c=content&a=add
INFO: [ app_begin ] --START--
INFO: Run Behavior\ReadHtmlCacheBehavior [ RunTime:0.000320s ]
INFO: [ app_begin ] --END-- [ RunTime:0.000602s ]
NOTIC: [2048] Declaration of Common\Model\NewsModel::find() should be compatible with Think\Model::find($options = Array) D:\web\takahashi\Application\Common\Model\NewsModel.class.php 第 23 行.
SQL: SHOW COLUMNS FROM `mat_news` [ RunTime:0.0007s ]
NOTIC: [8] Undefined variable: db D:\web\takahashi\Application\Common\Model\NewsModel.class.php 第 80 行.

[ 2016-07-23T01:49:04+08:00 ] 127.0.0.1 /admin.php?c=content&a=add
INFO: [ app_begin ] --START--
INFO: Run Behavior\ReadHtmlCacheBehavior [ RunTime:0.000642s ]
INFO: [ app_begin ] --END-- [ RunTime:0.000989s ]
NOTIC: [2048] Declaration of Common\Model\NewsModel::find() should be compatible with Think\Model::find($options = Array) D:\web\takahashi\Application\Common\Model\NewsModel.class.php 第 23 行.
SQL: SHOW COLUMNS FROM `mat_news` [ RunTime:0.0007s ]
NOTIC: [8] Undefined variable: db D:\web\takahashi\Application\Common\Model\NewsModel.class.php 第 80 行.

[ 2016-07-23T01:50:02+08:00 ] 127.0.0.1 /admin.php?c=content&a=add
INFO: [ app_begin ] --START--
INFO: Run Behavior\ReadHtmlCacheBehavior [ RunTime:0.000322s ]
INFO: [ app_begin ] --END-- [ RunTime:0.000585s ]
NOTIC: [2048] Declaration of Common\Model\NewsModel::find() should be compatible with Think\Model::find($options = Array) D:\web\takahashi\Application\Common\Model\NewsModel.class.php 第 23 行.
SQL: SHOW COLUMNS FROM `mat_news` [ RunTime:0.0008s ]
NOTIC: [8] Undefined variable: db D:\web\takahashi\Application\Common\Model\NewsModel.class.php 第 80 行.

[ 2016-07-23T01:51:04+08:00 ] 127.0.0.1 /admin.php?c=content&a=add
INFO: [ app_begin ] --START--
INFO: Run Behavior\ReadHtmlCacheBehavior [ RunTime:0.000420s ]
INFO: [ app_begin ] --END-- [ RunTime:0.000762s ]
NOTIC: [2048] Declaration of Common\Model\NewsModel::find() should be compatible with Think\Model::find($options = Array) D:\web\takahashi\Application\Common\Model\NewsModel.class.php 第 23 行.
SQL: SHOW COLUMNS FROM `mat_news` [ RunTime:0.0008s ]
NOTIC: [8] Undefined variable: db D:\web\takahashi\Application\Common\Model\NewsModel.class.php 第 80 行.

[ 2016-07-23T01:51:42+08:00 ] 127.0.0.1 /admin.php?c=content&a=add
INFO: [ app_begin ] --START--
INFO: Run Behavior\ReadHtmlCacheBehavior [ RunTime:0.000419s ]
INFO: [ app_begin ] --END-- [ RunTime:0.000752s ]
NOTIC: [2048] Declaration of Common\Model\NewsModel::find() should be compatible with Think\Model::find($options = Array) D:\web\takahashi\Application\Common\Model\NewsModel.class.php 第 23 行.
SQL: SHOW COLUMNS FROM `mat_news` [ RunTime:0.0008s ]
SQL: UPDATE `mat_news` SET `title`='science',`small_title`='science',`thumb`='/upload/2016/07/22/5790fe1975f74.png',`title_font_color`='#3A5FCD',`catid`='8',`copyfrom`='0',`description`='science',`keywords`='science' WHERE ( news_id=25 ) [ RunTime:0.0005s ]
SQL: SHOW COLUMNS FROM `mat_news_content` [ RunTime:0.0005s ]
NOTIC: [8] Undefined variable: newId D:\web\takahashi\Application\Admin\Controller\ContentController.class.php 第 133 行.
ERR: Think\Model:updateNewsById方法不存在！

[ 2016-07-23T01:51:54+08:00 ] 127.0.0.1 /admin.php?c=content&a=add
INFO: [ app_begin ] --START--
INFO: Run Behavior\ReadHtmlCacheBehavior [ RunTime:0.000544s ]
INFO: [ app_begin ] --END-- [ RunTime:0.000966s ]
NOTIC: [2048] Declaration of Common\Model\NewsModel::find() should be compatible with Think\Model::find($options = Array) D:\web\takahashi\Application\Common\Model\NewsModel.class.php 第 23 行.
SQL: SHOW COLUMNS FROM `mat_news` [ RunTime:0.0007s ]
SQL: UPDATE `mat_news` SET `title`='science',`small_title`='science',`thumb`='/upload/2016/07/22/5790fe1975f74.png',`title_font_color`='#3A5FCD',`catid`='8',`copyfrom`='0',`description`='science',`keywords`='science' WHERE ( news_id=25 ) [ RunTime:0.0004s ]
SQL: SHOW COLUMNS FROM `mat_news_content` [ RunTime:0.0005s ]
NOTIC: [8] Undefined variable: newId D:\web\takahashi\Application\Admin\Controller\ContentController.class.php 第 133 行.
ERR: Think\Model:updateNewsById方法不存在！

[ 2016-07-23T01:52:51+08:00 ] 127.0.0.1 /admin.php?c=content&a=add
INFO: [ app_begin ] --START--
INFO: Run Behavior\ReadHtmlCacheBehavior [ RunTime:0.000716s ]
INFO: [ app_begin ] --END-- [ RunTime:0.001156s ]
NOTIC: [2048] Declaration of Common\Model\NewsModel::find() should be compatible with Think\Model::find($options = Array) D:\web\takahashi\Application\Common\Model\NewsModel.class.php 第 23 行.
SQL: SHOW COLUMNS FROM `mat_news` [ RunTime:0.0007s ]
SQL: UPDATE `mat_news` SET `title`='science',`small_title`='science',`thumb`='/upload/2016/07/22/5790fe1975f74.png',`title_font_color`='#3A5FCD',`catid`='8',`copyfrom`='0',`description`='science',`keywords`='science' WHERE ( news_id=25 ) [ RunTime:0.0004s ]
NOTIC: [2048] Declaration of Common\Model\NewsContentModel::find() should be compatible with Think\Model::find($options = Array) D:\web\takahashi\Application\Common\Model\NewsContentModel.class.php 第 68 行.
SQL: SHOW COLUMNS FROM `mat_news_content` [ RunTime:0.0005s ]
NOTIC: [8] Undefined variable: newId D:\web\takahashi\Application\Admin\Controller\ContentController.class.php 第 133 行.
NOTIC: 建议使用E方法替代throw_exception

[ 2016-07-23T01:53:04+08:00 ] 127.0.0.1 /admin.php?c=content&a=add
INFO: [ app_begin ] --START--
INFO: Run Behavior\ReadHtmlCacheBehavior [ RunTime:0.000413s ]
INFO: [ app_begin ] --END-- [ RunTime:0.000739s ]
NOTIC: [2048] Declaration of Common\Model\NewsModel::find() should be compatible with Think\Model::find($options = Array) D:\web\takahashi\Application\Common\Model\NewsModel.class.php 第 23 行.
SQL: SHOW COLUMNS FROM `mat_news` [ RunTime:0.0008s ]
SQL: UPDATE `mat_news` SET `title`='science',`small_title`='science',`thumb`='/upload/2016/07/22/5790fe1975f74.png',`title_font_color`='#3A5FCD',`catid`='8',`copyfrom`='0',`description`='science',`keywords`='science' WHERE ( news_id=25 ) [ RunTime:0.0004s ]
NOTIC: [2048] Declaration of Common\Model\NewsContentModel::find() should be compatible with Think\Model::find($options = Array) D:\web\takahashi\Application\Common\Model\NewsContentModel.class.php 第 68 行.
SQL: SHOW COLUMNS FROM `mat_news_content` [ RunTime:0.0006s ]
NOTIC: [8] Undefined variable: newId D:\web\takahashi\Application\Admin\Controller\ContentController.class.php 第 133 行.
NOTIC: 建议使用E方法替代throw_exception

[ 2016-07-23T01:53:56+08:00 ] 127.0.0.1 /admin.php?c=content&a=add
INFO: [ app_begin ] --START--
INFO: Run Behavior\ReadHtmlCacheBehavior [ RunTime:0.000416s ]
INFO: [ app_begin ] --END-- [ RunTime:0.000747s ]
NOTIC: [2048] Declaration of Common\Model\NewsModel::find() should be compatible with Think\Model::find($options = Array) D:\web\takahashi\Application\Common\Model\NewsModel.class.php 第 23 行.
SQL: SHOW COLUMNS FROM `mat_news` [ RunTime:0.0008s ]
SQL: UPDATE `mat_news` SET `title`='science',`small_title`='science',`thumb`='/upload/2016/07/22/5790fe1975f74.png',`title_font_color`='#3A5FCD',`catid`='8',`copyfrom`='0',`description`='science',`keywords`='science' WHERE ( news_id=25 ) [ RunTime:0.0004s ]
NOTIC: [2048] Declaration of Common\Model\NewsContentModel::find() should be compatible with Think\Model::find($options = Array) D:\web\takahashi\Application\Common\Model\NewsContentModel.class.php 第 68 行.
SQL: SHOW COLUMNS FROM `mat_news_content` [ RunTime:0.0006s ]
NOTIC: [8] Undefined variable: db D:\web\takahashi\Application\Common\Model\NewsContentModel.class.php 第 66 行.

[ 2016-07-23T01:54:19+08:00 ] 127.0.0.1 /admin.php?c=content&a=add
INFO: [ app_begin ] --START--
INFO: Run Behavior\ReadHtmlCacheBehavior [ RunTime:0.000412s ]
INFO: [ app_begin ] --END-- [ RunTime:0.000746s ]
NOTIC: [2048] Declaration of Common\Model\NewsModel::find() should be compatible with Think\Model::find($options = Array) D:\web\takahashi\Application\Common\Model\NewsModel.class.php 第 23 行.
SQL: SHOW COLUMNS FROM `mat_news` [ RunTime:0.0007s ]
SQL: UPDATE `mat_news` SET `title`='science',`small_title`='science',`thumb`='/upload/2016/07/22/5790fe1975f74.png',`title_font_color`='#3A5FCD',`catid`='8',`copyfrom`='0',`description`='science',`keywords`='science' WHERE ( news_id=25 ) [ RunTime:0.0003s ]
NOTIC: [2048] Declaration of Common\Model\NewsContentModel::find() should be compatible with Think\Model::find($options = Array) D:\web\takahashi\Application\Common\Model\NewsContentModel.class.php 第 68 行.
SQL: SHOW COLUMNS FROM `mat_news_content` [ RunTime:0.0006s ]
NOTIC: [8] Undefined variable: db D:\web\takahashi\Application\Common\Model\NewsContentModel.class.php 第 66 行.

[ 2016-07-23T01:54:50+08:00 ] 127.0.0.1 /admin.php?c=content&a=add
INFO: [ app_begin ] --START--
INFO: Run Behavior\ReadHtmlCacheBehavior [ RunTime:0.000453s ]
INFO: [ app_begin ] --END-- [ RunTime:0.000778s ]
NOTIC: [2048] Declaration of Common\Model\NewsModel::find() should be compatible with Think\Model::find($options = Array) D:\web\takahashi\Application\Common\Model\NewsModel.class.php 第 23 行.
SQL: SHOW COLUMNS FROM `mat_news` [ RunTime:0.0007s ]
SQL: UPDATE `mat_news` SET `title`='science',`small_title`='science',`thumb`='/upload/2016/07/22/5790fe1975f74.png',`title_font_color`='#3A5FCD',`catid`='8',`copyfrom`='0',`description`='science',`keywords`='science' WHERE ( news_id=25 ) [ RunTime:0.0004s ]
NOTIC: [2048] Declaration of Common\Model\NewsContentModel::find() should be compatible with Think\Model::find($options = Array) D:\web\takahashi\Application\Common\Model\NewsContentModel.class.php 第 68 行.
SQL: SHOW COLUMNS FROM `mat_news_content` [ RunTime:0.0005s ]
SQL: UPDATE `mat_news_content` SET `content`='&lt;div style=&quot;text-align:left;&quot;&gt;
	&lt;span style=&quot;line-height:1.5;&quot;&gt;sciencesciencesciencesciencesciencesciencesciencesciencescience&lt;/span&gt;&lt;span style=&quot;line-height:1.5;&quot;&gt; &amp;nbsp;&amp;nbsp;&lt;/span&gt; 
&lt;/div&gt;' WHERE ( news_id=25 ) [ RunTime:0.0005s ]

[ 2016-07-23T01:55:23+08:00 ] 127.0.0.1 /admin.php?c=content&a=add
INFO: [ app_begin ] --START--
INFO: Run Behavior\ReadHtmlCacheBehavior [ RunTime:0.001138s ]
INFO: [ app_begin ] --END-- [ RunTime:0.001611s ]
NOTIC: [2048] Declaration of Common\Model\NewsModel::find() should be compatible with Think\Model::find($options = Array) D:\web\takahashi\Application\Common\Model\NewsModel.class.php 第 23 行.
SQL: SHOW COLUMNS FROM `mat_news` [ RunTime:0.0006s ]
SQL: UPDATE `mat_news` SET `title`='science',`small_title`='science',`thumb`='/upload/2016/07/23/57925e0956189.png',`title_font_color`='#3A5FCD',`catid`='8',`copyfrom`='0',`description`='science',`keywords`='science' WHERE ( news_id=25 ) [ RunTime:0.0003s ]
NOTIC: [2048] Declaration of Common\Model\NewsContentModel::find() should be compatible with Think\Model::find($options = Array) D:\web\takahashi\Application\Common\Model\NewsContentModel.class.php 第 68 行.
SQL: SHOW COLUMNS FROM `mat_news_content` [ RunTime:0.0004s ]
SQL: UPDATE `mat_news_content` SET `content`='&lt;div style=&quot;text-align:left;&quot;&gt;
	&lt;span style=&quot;line-height:1.5;&quot;&gt;sciencesciencesciencesciencesciencesciencesciencesciencescience&lt;/span&gt;&lt;span style=&quot;line-height:1.5;&quot;&gt; &amp;nbsp;&amp;nbsp;&lt;/span&gt; 
&lt;/div&gt;' WHERE ( news_id=25 ) [ RunTime:0.0002s ]

[ 2016-07-23T11:00:02+08:00 ] 127.0.0.1 /admin.php?c=login&a=check
INFO: [ app_begin ] --START--
INFO: Run Behavior\ReadHtmlCacheBehavior [ RunTime:0.000320s ]
INFO: [ app_begin ] --END-- [ RunTime:0.000571s ]
SQL: SHOW COLUMNS FROM `mat_admin` [ RunTime:0.0103s ]
SQL: SELECT * FROM `mat_admin` WHERE ( username="woya" ) LIMIT 1   [ RunTime:0.0003s ]

[ 2016-07-23T11:34:37+08:00 ] 127.0.0.1 /admin.php?c=content&a=setStatus
INFO: [ app_begin ] --START--
INFO: Run Behavior\ReadHtmlCacheBehavior [ RunTime:0.000543s ]
INFO: [ app_begin ] --END-- [ RunTime:0.000872s ]
ERR: 非法操作:setStatus

[ 2016-07-23T11:34:38+08:00 ] 127.0.0.1 /admin.php?c=content&a=setStatus
INFO: [ app_begin ] --START--
INFO: Run Behavior\ReadHtmlCacheBehavior [ RunTime:0.000570s ]
INFO: [ app_begin ] --END-- [ RunTime:0.001119s ]
ERR: 非法操作:setStatus

[ 2016-07-23T11:45:58+08:00 ] 127.0.0.1 /admin.php?c=content&a=setStatus
INFO: [ app_begin ] --START--
INFO: Run Behavior\ReadHtmlCacheBehavior [ RunTime:0.000714s ]
INFO: [ app_begin ] --END-- [ RunTime:0.001143s ]
NOTIC: [2048] Declaration of Common\Model\NewsModel::find() should be compatible with Think\Model::find($options = Array) D:\web\takahashi\Application\Common\Model\NewsModel.class.php 第 23 行.
SQL: SHOW COLUMNS FROM `mat_news` [ RunTime:0.0010s ]
NOTIC: [8] Undefined variable: is_numeric D:\web\takahashi\Application\Common\Model\NewsModel.class.php 第 84 行.

[ 2016-07-23T11:45:59+08:00 ] 127.0.0.1 /admin.php?c=content&a=setStatus
INFO: [ app_begin ] --START--
INFO: Run Behavior\ReadHtmlCacheBehavior [ RunTime:0.000421s ]
INFO: [ app_begin ] --END-- [ RunTime:0.000752s ]
NOTIC: [2048] Declaration of Common\Model\NewsModel::find() should be compatible with Think\Model::find($options = Array) D:\web\takahashi\Application\Common\Model\NewsModel.class.php 第 23 行.
SQL: SHOW COLUMNS FROM `mat_news` [ RunTime:0.0011s ]
NOTIC: [8] Undefined variable: is_numeric D:\web\takahashi\Application\Common\Model\NewsModel.class.php 第 84 行.

[ 2016-07-23T11:45:59+08:00 ] 127.0.0.1 /admin.php?c=content&a=setStatus
INFO: [ app_begin ] --START--
INFO: Run Behavior\ReadHtmlCacheBehavior [ RunTime:0.000419s ]
INFO: [ app_begin ] --END-- [ RunTime:0.000746s ]
NOTIC: [2048] Declaration of Common\Model\NewsModel::find() should be compatible with Think\Model::find($options = Array) D:\web\takahashi\Application\Common\Model\NewsModel.class.php 第 23 行.
SQL: SHOW COLUMNS FROM `mat_news` [ RunTime:0.0011s ]
NOTIC: [8] Undefined variable: is_numeric D:\web\takahashi\Application\Common\Model\NewsModel.class.php 第 84 行.

[ 2016-07-23T11:46:09+08:00 ] 127.0.0.1 /admin.php?c=content&a=setStatus
INFO: [ app_begin ] --START--
INFO: Run Behavior\ReadHtmlCacheBehavior [ RunTime:0.000420s ]
INFO: [ app_begin ] --END-- [ RunTime:0.000760s ]
NOTIC: [2048] Declaration of Common\Model\NewsModel::find() should be compatible with Think\Model::find($options = Array) D:\web\takahashi\Application\Common\Model\NewsModel.class.php 第 23 行.
SQL: SHOW COLUMNS FROM `mat_news` [ RunTime:0.0010s ]
NOTIC: [8] Undefined variable: is_numeric D:\web\takahashi\Application\Common\Model\NewsModel.class.php 第 84 行.

[ 2016-07-23T11:47:09+08:00 ] 127.0.0.1 /admin.php?c=content&a=setStatus
INFO: [ app_begin ] --START--
INFO: Run Behavior\ReadHtmlCacheBehavior [ RunTime:0.000545s ]
INFO: [ app_begin ] --END-- [ RunTime:0.000878s ]
NOTIC: [2048] Declaration of Common\Model\NewsModel::find() should be compatible with Think\Model::find($options = Array) D:\web\takahashi\Application\Common\Model\NewsModel.class.php 第 23 行.
SQL: SHOW COLUMNS FROM `mat_news` [ RunTime:0.0008s ]
NOTIC: [8] Undefined variable: is_numeric D:\web\takahashi\Application\Common\Model\NewsModel.class.php 第 87 行.

[ 2016-07-23T11:47:23+08:00 ] 127.0.0.1 /admin.php?c=content&a=setStatus
INFO: [ app_begin ] --START--
INFO: Run Behavior\ReadHtmlCacheBehavior [ RunTime:0.000429s ]
INFO: [ app_begin ] --END-- [ RunTime:0.000759s ]
NOTIC: [2048] Declaration of Common\Model\NewsModel::find() should be compatible with Think\Model::find($options = Array) D:\web\takahashi\Application\Common\Model\NewsModel.class.php 第 23 行.
SQL: SHOW COLUMNS FROM `mat_news` [ RunTime:0.0010s ]
NOTIC: [8] Undefined variable: is_numeric D:\web\takahashi\Application\Common\Model\NewsModel.class.php 第 87 行.

[ 2016-07-23T11:47:44+08:00 ] 127.0.0.1 /admin.php?c=content&a=setStatus
INFO: [ app_begin ] --START--
INFO: Run Behavior\ReadHtmlCacheBehavior [ RunTime:0.000321s ]
INFO: [ app_begin ] --END-- [ RunTime:0.000586s ]
NOTIC: [2048] Declaration of Common\Model\NewsModel::find() should be compatible with Think\Model::find($options = Array) D:\web\takahashi\Application\Common\Model\NewsModel.class.php 第 23 行.
SQL: SHOW COLUMNS FROM `mat_news` [ RunTime:0.0010s ]
SQL: UPDATE `mat_news` SET `status`='-1' WHERE ( news_id=17 ) [ RunTime:0.0004s ]

[ 2016-07-23T11:47:58+08:00 ] 127.0.0.1 /admin.php?c=content&a=setStatus
INFO: [ app_begin ] --START--
INFO: Run Behavior\ReadHtmlCacheBehavior [ RunTime:0.000347s ]
INFO: [ app_begin ] --END-- [ RunTime:0.000650s ]
NOTIC: [2048] Declaration of Common\Model\NewsModel::find() should be compatible with Think\Model::find($options = Array) D:\web\takahashi\Application\Common\Model\NewsModel.class.php 第 23 行.
SQL: SHOW COLUMNS FROM `mat_news` [ RunTime:0.0008s ]
SQL: UPDATE `mat_news` SET `status`='-1' WHERE ( news_id=26 ) [ RunTime:0.0003s ]

[ 2016-07-23T11:49:25+08:00 ] 127.0.0.1 /admin.php?c=content&a=setStatus
INFO: [ app_begin ] --START--
INFO: Run Behavior\ReadHtmlCacheBehavior [ RunTime:0.000424s ]
INFO: [ app_begin ] --END-- [ RunTime:0.000819s ]

[ 2016-07-23T11:49:35+08:00 ] 127.0.0.1 /admin.php?c=content&a=setStatus
INFO: [ app_begin ] --START--
INFO: Run Behavior\ReadHtmlCacheBehavior [ RunTime:0.000839s ]
INFO: [ app_begin ] --END-- [ RunTime:0.001318s ]

[ 2016-07-23T11:50:14+08:00 ] 127.0.0.1 /admin.php?c=content&a=setStatus
INFO: [ app_begin ] --START--
INFO: Run Behavior\ReadHtmlCacheBehavior [ RunTime:0.000721s ]
INFO: [ app_begin ] --END-- [ RunTime:0.001150s ]
NOTIC: [2048] Declaration of Common\Model\NewsModel::find() should be compatible with Think\Model::find($options = Array) D:\web\takahashi\Application\Common\Model\NewsModel.class.php 第 23 行.
SQL: SHOW COLUMNS FROM `mat_news` [ RunTime:0.0007s ]

[ 2016-07-23T11:50:50+08:00 ] 127.0.0.1 /admin.php?c=content&a=setStatus
INFO: [ app_begin ] --START--
INFO: Run Behavior\ReadHtmlCacheBehavior [ RunTime:0.000419s ]
INFO: [ app_begin ] --END-- [ RunTime:0.000749s ]
NOTIC: [2048] Declaration of Common\Model\NewsModel::find() should be compatible with Think\Model::find($options = Array) D:\web\takahashi\Application\Common\Model\NewsModel.class.php 第 23 行.
SQL: SHOW COLUMNS FROM `mat_news` [ RunTime:0.0007s ]
NOTIC: 建议使用E方法替代throw_exception

[ 2016-07-23T11:51:15+08:00 ] 127.0.0.1 /admin.php?c=content&a=setStatus
INFO: [ app_begin ] --START--
INFO: Run Behavior\ReadHtmlCacheBehavior [ RunTime:0.000433s ]
INFO: [ app_begin ] --END-- [ RunTime:0.000787s ]
NOTIC: [2048] Declaration of Common\Model\NewsModel::find() should be compatible with Think\Model::find($options = Array) D:\web\takahashi\Application\Common\Model\NewsModel.class.php 第 23 行.
SQL: SHOW COLUMNS FROM `mat_news` [ RunTime:0.0007s ]

[ 2016-07-23T11:53:41+08:00 ] 127.0.0.1 /admin.php?c=content&a=setStatus
INFO: [ app_begin ] --START--
INFO: Run Behavior\ReadHtmlCacheBehavior [ RunTime:0.000728s ]
INFO: [ app_begin ] --END-- [ RunTime:0.001169s ]
NOTIC: [2048] Declaration of Common\Model\NewsModel::find() should be compatible with Think\Model::find($options = Array) D:\web\takahashi\Application\Common\Model\NewsModel.class.php 第 23 行.
SQL: SHOW COLUMNS FROM `mat_news` [ RunTime:0.0007s ]

[ 2016-07-23T11:53:57+08:00 ] 127.0.0.1 /admin.php?c=content&a=setStatus
INFO: [ app_begin ] --START--
INFO: Run Behavior\ReadHtmlCacheBehavior [ RunTime:0.000721s ]
INFO: [ app_begin ] --END-- [ RunTime:0.001164s ]
NOTIC: [2048] Declaration of Common\Model\NewsModel::find() should be compatible with Think\Model::find($options = Array) D:\web\takahashi\Application\Common\Model\NewsModel.class.php 第 23 行.
SQL: SHOW COLUMNS FROM `mat_news` [ RunTime:0.0008s ]
SQL: UPDATE `mat_news` SET `status`='-1' WHERE ( news_id=18 ) [ RunTime:0.0004s ]

[ 2016-07-23T11:54:49+08:00 ] 127.0.0.1 /admin.php?c=content&a=setStatus
INFO: [ app_begin ] --START--
INFO: Run Behavior\ReadHtmlCacheBehavior [ RunTime:0.000418s ]
INFO: [ app_begin ] --END-- [ RunTime:0.000750s ]
NOTIC: [2048] Declaration of Common\Model\NewsModel::find() should be compatible with Think\Model::find($options = Array) D:\web\takahashi\Application\Common\Model\NewsModel.class.php 第 23 行.
SQL: SHOW COLUMNS FROM `mat_news` [ RunTime:0.0007s ]
NOTIC: 建议使用E方法替代throw_exception

[ 2016-07-23T11:54:56+08:00 ] 127.0.0.1 /admin.php?c=content&a=setStatus
INFO: [ app_begin ] --START--
INFO: Run Behavior\ReadHtmlCacheBehavior [ RunTime:0.000422s ]
INFO: [ app_begin ] --END-- [ RunTime:0.000758s ]
NOTIC: [2048] Declaration of Common\Model\NewsModel::find() should be compatible with Think\Model::find($options = Array) D:\web\takahashi\Application\Common\Model\NewsModel.class.php 第 23 行.
SQL: SHOW COLUMNS FROM `mat_news` [ RunTime:0.0007s ]
SQL: UPDATE `mat_news` SET `status`='1' WHERE ( news_id=18 ) [ RunTime:0.0003s ]

[ 2016-07-23T11:55:08+08:00 ] 127.0.0.1 /admin.php?c=content&a=setStatus
INFO: [ app_begin ] --START--
INFO: Run Behavior\ReadHtmlCacheBehavior [ RunTime:0.000416s ]
INFO: [ app_begin ] --END-- [ RunTime:0.000742s ]
NOTIC: [2048] Declaration of Common\Model\NewsModel::find() should be compatible with Think\Model::find($options = Array) D:\web\takahashi\Application\Common\Model\NewsModel.class.php 第 23 行.
SQL: SHOW COLUMNS FROM `mat_news` [ RunTime:0.0006s ]
SQL: UPDATE `mat_news` SET `status`='1' WHERE ( news_id=23 ) [ RunTime:0.0003s ]

[ 2016-07-23T11:55:40+08:00 ] 127.0.0.1 /admin.php?c=content&a=setStatus
INFO: [ app_begin ] --START--
INFO: Run Behavior\ReadHtmlCacheBehavior [ RunTime:0.000758s ]
INFO: [ app_begin ] --END-- [ RunTime:0.001182s ]
NOTIC: [2048] Declaration of Common\Model\NewsModel::find() should be compatible with Think\Model::find($options = Array) D:\web\takahashi\Application\Common\Model\NewsModel.class.php 第 23 行.
SQL: SHOW COLUMNS FROM `mat_news` [ RunTime:0.0007s ]

[ 2016-07-23T11:55:55+08:00 ] 127.0.0.1 /admin.php?c=content&a=setStatus
INFO: [ app_begin ] --START--
INFO: Run Behavior\ReadHtmlCacheBehavior [ RunTime:0.000717s ]
INFO: [ app_begin ] --END-- [ RunTime:0.001152s ]
NOTIC: [2048] Declaration of Common\Model\NewsModel::find() should be compatible with Think\Model::find($options = Array) D:\web\takahashi\Application\Common\Model\NewsModel.class.php 第 23 行.
SQL: SHOW COLUMNS FROM `mat_news` [ RunTime:0.0007s ]
NOTIC: 建议使用E方法替代throw_exception

[ 2016-07-23T11:57:13+08:00 ] 127.0.0.1 /admin.php?c=content&a=setStatus
INFO: [ app_begin ] --START--
INFO: Run Behavior\ReadHtmlCacheBehavior [ RunTime:0.000813s ]
INFO: [ app_begin ] --END-- [ RunTime:0.001245s ]
NOTIC: [2048] Declaration of Common\Model\NewsModel::find() should be compatible with Think\Model::find($options = Array) D:\web\takahashi\Application\Common\Model\NewsModel.class.php 第 23 行.
SQL: SHOW COLUMNS FROM `mat_news` [ RunTime:0.0008s ]
NOTIC: [8] Undefined variable: id D:\web\takahashi\Application\Common\Model\NewsModel.class.php 第 88 行.
NOTIC: 建议使用E方法替代throw_exception

[ 2016-07-23T11:57:27+08:00 ] 127.0.0.1 /admin.php?c=content&a=setStatus
INFO: [ app_begin ] --START--
INFO: Run Behavior\ReadHtmlCacheBehavior [ RunTime:0.000424s ]
INFO: [ app_begin ] --END-- [ RunTime:0.000760s ]
NOTIC: [2048] Declaration of Common\Model\NewsModel::find() should be compatible with Think\Model::find($options = Array) D:\web\takahashi\Application\Common\Model\NewsModel.class.php 第 23 行.
SQL: SHOW COLUMNS FROM `mat_news` [ RunTime:0.0007s ]
NOTIC: [8] Undefined variable: id D:\web\takahashi\Application\Common\Model\NewsModel.class.php 第 88 行.
NOTIC: 建议使用E方法替代throw_exception

[ 2016-07-23T11:58:21+08:00 ] 127.0.0.1 /admin.php?c=content&a=setStatus
INFO: [ app_begin ] --START--
INFO: Run Behavior\ReadHtmlCacheBehavior [ RunTime:0.000430s ]
INFO: [ app_begin ] --END-- [ RunTime:0.000764s ]
NOTIC: [2048] Declaration of Common\Model\NewsModel::find() should be compatible with Think\Model::find($options = Array) D:\web\takahashi\Application\Common\Model\NewsModel.class.php 第 23 行.
SQL: SHOW COLUMNS FROM `mat_news` [ RunTime:0.0008s ]
NOTIC: [8] Undefined variable: id D:\web\takahashi\Application\Common\Model\NewsModel.class.php 第 88 行.
NOTIC: 建议使用E方法替代throw_exception

[ 2016-07-23T12:04:47+08:00 ] 127.0.0.1 /admin.php?c=content&a=setStatus
INFO: [ app_begin ] --START--
INFO: Run Behavior\ReadHtmlCacheBehavior [ RunTime:0.000555s ]
INFO: [ app_begin ] --END-- [ RunTime:0.000887s ]
NOTIC: [2048] Declaration of Common\Model\NewsModel::find() should be compatible with Think\Model::find($options = Array) D:\web\takahashi\Application\Common\Model\NewsModel.class.php 第 23 行.
SQL: SHOW COLUMNS FROM `mat_news` [ RunTime:0.0006s ]
NOTIC: [8] Undefined variable: status D:\web\takahashi\Application\Common\Model\NewsModel.class.php 第 85 行.

[ 2016-07-23T12:05:22+08:00 ] 127.0.0.1 /admin.php?c=content&a=setStatus
INFO: [ app_begin ] --START--
INFO: Run Behavior\ReadHtmlCacheBehavior [ RunTime:0.000425s ]
INFO: [ app_begin ] --END-- [ RunTime:0.000761s ]
NOTIC: [2048] Declaration of Common\Model\NewsModel::find() should be compatible with Think\Model::find($options = Array) D:\web\takahashi\Application\Common\Model\NewsModel.class.php 第 23 行.
SQL: SHOW COLUMNS FROM `mat_news` [ RunTime:0.0006s ]
NOTIC: [8] Undefined variable: status D:\web\takahashi\Application\Common\Model\NewsModel.class.php 第 85 行.
NOTIC: 建议使用E方法替代throw_exception

[ 2016-07-23T12:10:08+08:00 ] 127.0.0.1 /admin.php?c=content&a=setStatus
INFO: [ app_begin ] --START--
INFO: Run Behavior\ReadHtmlCacheBehavior [ RunTime:0.000724s ]
INFO: [ app_begin ] --END-- [ RunTime:0.001195s ]
NOTIC: [2048] Declaration of Common\Model\NewsModel::find() should be compatible with Think\Model::find($options = Array) D:\web\takahashi\Application\Common\Model\NewsModel.class.php 第 23 行.
SQL: SHOW COLUMNS FROM `mat_news` [ RunTime:0.0007s ]
SQL: UPDATE `mat_news` SET `status`='-1' WHERE ( news_id=18 ) [ RunTime:0.0004s ]

[ 2016-07-23T12:10:26+08:00 ] 127.0.0.1 /admin.php?c=content&a=setStatus
INFO: [ app_begin ] --START--
INFO: Run Behavior\ReadHtmlCacheBehavior [ RunTime:0.000555s ]
INFO: [ app_begin ] --END-- [ RunTime:0.000906s ]
NOTIC: [2048] Declaration of Common\Model\NewsModel::find() should be compatible with Think\Model::find($options = Array) D:\web\takahashi\Application\Common\Model\NewsModel.class.php 第 23 行.
SQL: SHOW COLUMNS FROM `mat_news` [ RunTime:0.0006s ]
NOTIC: [8] Undefined variable: status D:\web\takahashi\Application\Common\Model\NewsModel.class.php 第 85 行.

[ 2016-07-23T12:10:28+08:00 ] 127.0.0.1 /admin.php?c=content&a=setStatus
INFO: [ app_begin ] --START--
INFO: Run Behavior\ReadHtmlCacheBehavior [ RunTime:0.000309s ]
INFO: [ app_begin ] --END-- [ RunTime:0.000554s ]
NOTIC: [2048] Declaration of Common\Model\NewsModel::find() should be compatible with Think\Model::find($options = Array) D:\web\takahashi\Application\Common\Model\NewsModel.class.php 第 23 行.
SQL: SHOW COLUMNS FROM `mat_news` [ RunTime:0.0006s ]
NOTIC: [8] Undefined variable: status D:\web\takahashi\Application\Common\Model\NewsModel.class.php 第 85 行.

[ 2016-07-23T12:10:31+08:00 ] 127.0.0.1 /admin.php?c=content&a=setStatus
INFO: [ app_begin ] --START--
INFO: Run Behavior\ReadHtmlCacheBehavior [ RunTime:0.000429s ]
INFO: [ app_begin ] --END-- [ RunTime:0.000769s ]
NOTIC: [2048] Declaration of Common\Model\NewsModel::find() should be compatible with Think\Model::find($options = Array) D:\web\takahashi\Application\Common\Model\NewsModel.class.php 第 23 行.
SQL: SHOW COLUMNS FROM `mat_news` [ RunTime:0.0008s ]
NOTIC: [8] Undefined variable: status D:\web\takahashi\Application\Common\Model\NewsModel.class.php 第 85 行.

[ 2016-07-23T12:16:26+08:00 ] 127.0.0.1 /admin.php?c=content&a=setStatus
INFO: [ app_begin ] --START--
INFO: Run Behavior\ReadHtmlCacheBehavior [ RunTime:0.000485s ]
INFO: [ app_begin ] --END-- [ RunTime:0.000857s ]
NOTIC: [2048] Declaration of Common\Model\NewsModel::find() should be compatible with Think\Model::find($options = Array) D:\web\takahashi\Application\Common\Model\NewsModel.class.php 第 23 行.
SQL: SHOW COLUMNS FROM `mat_news` [ RunTime:0.0007s ]
SQL: UPDATE `mat_news` SET `status`='-1' WHERE ( news_id=18 ) [ RunTime:0.0004s ]

[ 2016-07-23T16:32:57+08:00 ] 127.0.0.1 /admin.php?c=content
ERR: XML标签语法错误 : condition='$news['status'] eq 1'

[ 2016-07-23T16:32:59+08:00 ] 127.0.0.1 /admin.php?c=content
ERR: XML标签语法错误 : condition='$news['status'] eq 1'

[ 2016-07-23T16:34:09+08:00 ] 127.0.0.1 /admin.php?c=content&a=setStatus
INFO: [ app_begin ] --START--
INFO: Run Behavior\ReadHtmlCacheBehavior [ RunTime:0.000485s ]
INFO: [ app_begin ] --END-- [ RunTime:0.000838s ]
NOTIC: [2048] Declaration of Common\Model\NewsModel::find() should be compatible with Think\Model::find($options = Array) D:\web\takahashi\Application\Common\Model\NewsModel.class.php 第 23 行.
SQL: SHOW COLUMNS FROM `mat_news` [ RunTime:0.0008s ]
NOTIC: 建议使用E方法替代throw_exception

[ 2016-07-23T16:34:14+08:00 ] 127.0.0.1 /admin.php?c=content&a=setStatus
INFO: [ app_begin ] --START--
INFO: Run Behavior\ReadHtmlCacheBehavior [ RunTime:0.000422s ]
INFO: [ app_begin ] --END-- [ RunTime:0.000758s ]
NOTIC: [2048] Declaration of Common\Model\NewsModel::find() should be compatible with Think\Model::find($options = Array) D:\web\takahashi\Application\Common\Model\NewsModel.class.php 第 23 行.
SQL: SHOW COLUMNS FROM `mat_news` [ RunTime:0.0009s ]
NOTIC: 建议使用E方法替代throw_exception

[ 2016-07-23T16:39:38+08:00 ] 127.0.0.1 /admin.php?c=content
ERR: XML标签语法错误 : condition='$news['status'] == 1'

[ 2016-07-23T16:39:59+08:00 ] 127.0.0.1 /admin.php?c=content&a=setStatus
INFO: [ app_begin ] --START--
INFO: Run Behavior\ReadHtmlCacheBehavior [ RunTime:0.000536s ]
INFO: [ app_begin ] --END-- [ RunTime:0.000928s ]
NOTIC: [2048] Declaration of Common\Model\NewsModel::find() should be compatible with Think\Model::find($options = Array) D:\web\takahashi\Application\Common\Model\NewsModel.class.php 第 23 行.
SQL: SHOW COLUMNS FROM `mat_news` [ RunTime:0.0011s ]
NOTIC: 建议使用E方法替代throw_exception

[ 2016-07-23T16:40:11+08:00 ] 127.0.0.1 /admin.php?c=content&a=setStatus
INFO: [ app_begin ] --START--
INFO: Run Behavior\ReadHtmlCacheBehavior [ RunTime:0.000415s ]
INFO: [ app_begin ] --END-- [ RunTime:0.000744s ]
NOTIC: [2048] Declaration of Common\Model\NewsModel::find() should be compatible with Think\Model::find($options = Array) D:\web\takahashi\Application\Common\Model\NewsModel.class.php 第 23 行.
SQL: SHOW COLUMNS FROM `mat_news` [ RunTime:0.0008s ]
NOTIC: 建议使用E方法替代throw_exception

[ 2016-07-23T16:41:01+08:00 ] 127.0.0.1 /admin.php?c=content&a=setStatus
INFO: [ app_begin ] --START--
INFO: Run Behavior\ReadHtmlCacheBehavior [ RunTime:0.000452s ]
INFO: [ app_begin ] --END-- [ RunTime:0.000810s ]
NOTIC: [2048] Declaration of Common\Model\NewsModel::find() should be compatible with Think\Model::find($options = Array) D:\web\takahashi\Application\Common\Model\NewsModel.class.php 第 23 行.
SQL: SHOW COLUMNS FROM `mat_news` [ RunTime:0.0009s ]
NOTIC: 建议使用E方法替代throw_exception

[ 2016-07-23T16:41:05+08:00 ] 127.0.0.1 /admin.php?c=content&a=setStatus
INFO: [ app_begin ] --START--
INFO: Run Behavior\ReadHtmlCacheBehavior [ RunTime:0.000715s ]
INFO: [ app_begin ] --END-- [ RunTime:0.001158s ]
NOTIC: [2048] Declaration of Common\Model\NewsModel::find() should be compatible with Think\Model::find($options = Array) D:\web\takahashi\Application\Common\Model\NewsModel.class.php 第 23 行.
SQL: SHOW COLUMNS FROM `mat_news` [ RunTime:0.0008s ]
NOTIC: 建议使用E方法替代throw_exception

[ 2016-07-23T16:41:43+08:00 ] 127.0.0.1 /admin.php?c=content&a=setStatus
INFO: [ app_begin ] --START--
INFO: Run Behavior\ReadHtmlCacheBehavior [ RunTime:0.000837s ]
INFO: [ app_begin ] --END-- [ RunTime:0.001349s ]
NOTIC: [2048] Declaration of Common\Model\NewsModel::find() should be compatible with Think\Model::find($options = Array) D:\web\takahashi\Application\Common\Model\NewsModel.class.php 第 23 行.
SQL: SHOW COLUMNS FROM `mat_news` [ RunTime:0.0008s ]
NOTIC: 建议使用E方法替代throw_exception

[ 2016-07-23T16:41:43+08:00 ] 127.0.0.1 /admin.php?c=content&a=setStatus
INFO: [ app_begin ] --START--
INFO: Run Behavior\ReadHtmlCacheBehavior [ RunTime:0.000422s ]
INFO: [ app_begin ] --END-- [ RunTime:0.000756s ]
NOTIC: [2048] Declaration of Common\Model\NewsModel::find() should be compatible with Think\Model::find($options = Array) D:\web\takahashi\Application\Common\Model\NewsModel.class.php 第 23 行.
SQL: SHOW COLUMNS FROM `mat_news` [ RunTime:0.0007s ]
NOTIC: 建议使用E方法替代throw_exception

[ 2016-07-23T16:42:00+08:00 ] 127.0.0.1 /admin.php?c=content&a=setStatus
INFO: [ app_begin ] --START--
INFO: Run Behavior\ReadHtmlCacheBehavior [ RunTime:0.000419s ]
INFO: [ app_begin ] --END-- [ RunTime:0.000757s ]
NOTIC: [2048] Declaration of Common\Model\NewsModel::find() should be compatible with Think\Model::find($options = Array) D:\web\takahashi\Application\Common\Model\NewsModel.class.php 第 23 行.
SQL: SHOW COLUMNS FROM `mat_news` [ RunTime:0.0007s ]
SQL: UPDATE `mat_news` SET `status`='0' WHERE ( news_id=23 ) [ RunTime:0.0005s ]

[ 2016-07-23T16:42:44+08:00 ] 127.0.0.1 /admin.php?c=content&a=setStatus
INFO: [ app_begin ] --START--
INFO: Run Behavior\ReadHtmlCacheBehavior [ RunTime:0.000419s ]
INFO: [ app_begin ] --END-- [ RunTime:0.000748s ]
NOTIC: [2048] Declaration of Common\Model\NewsModel::find() should be compatible with Think\Model::find($options = Array) D:\web\takahashi\Application\Common\Model\NewsModel.class.php 第 23 行.
SQL: SHOW COLUMNS FROM `mat_news` [ RunTime:0.0009s ]
SQL: UPDATE `mat_news` SET `status`='0' WHERE ( news_id=17 ) [ RunTime:0.0004s ]

[ 2016-07-23T16:42:58+08:00 ] 127.0.0.1 /admin.php?c=content&a=setStatus
INFO: [ app_begin ] --START--
INFO: Run Behavior\ReadHtmlCacheBehavior [ RunTime:0.000710s ]
INFO: [ app_begin ] --END-- [ RunTime:0.001144s ]
NOTIC: [2048] Declaration of Common\Model\NewsModel::find() should be compatible with Think\Model::find($options = Array) D:\web\takahashi\Application\Common\Model\NewsModel.class.php 第 23 行.
SQL: SHOW COLUMNS FROM `mat_news` [ RunTime:0.0007s ]
SQL: UPDATE `mat_news` SET `status`='1' WHERE ( news_id=23 ) [ RunTime:0.0003s ]

[ 2016-07-23T16:43:01+08:00 ] 127.0.0.1 /admin.php?c=content&a=setStatus
INFO: [ app_begin ] --START--
INFO: Run Behavior\ReadHtmlCacheBehavior [ RunTime:0.000427s ]
INFO: [ app_begin ] --END-- [ RunTime:0.000771s ]
NOTIC: [2048] Declaration of Common\Model\NewsModel::find() should be compatible with Think\Model::find($options = Array) D:\web\takahashi\Application\Common\Model\NewsModel.class.php 第 23 行.
SQL: SHOW COLUMNS FROM `mat_news` [ RunTime:0.0006s ]
SQL: UPDATE `mat_news` SET `status`='1' WHERE ( news_id=17 ) [ RunTime:0.0003s ]

[ 2016-07-23T16:43:09+08:00 ] 127.0.0.1 /admin.php?c=content&a=setStatus
INFO: [ app_begin ] --START--
INFO: Run Behavior\ReadHtmlCacheBehavior [ RunTime:0.000430s ]
INFO: [ app_begin ] --END-- [ RunTime:0.000807s ]
NOTIC: [2048] Declaration of Common\Model\NewsModel::find() should be compatible with Think\Model::find($options = Array) D:\web\takahashi\Application\Common\Model\NewsModel.class.php 第 23 行.
SQL: SHOW COLUMNS FROM `mat_news` [ RunTime:0.0008s ]
SQL: UPDATE `mat_news` SET `status`='0' WHERE ( news_id=17 ) [ RunTime:0.0003s ]

[ 2016-07-23T16:43:12+08:00 ] 127.0.0.1 /admin.php?c=content&a=setStatus
INFO: [ app_begin ] --START--
INFO: Run Behavior\ReadHtmlCacheBehavior [ RunTime:0.000418s ]
INFO: [ app_begin ] --END-- [ RunTime:0.000747s ]
NOTIC: [2048] Declaration of Common\Model\NewsModel::find() should be compatible with Think\Model::find($options = Array) D:\web\takahashi\Application\Common\Model\NewsModel.class.php 第 23 行.
SQL: SHOW COLUMNS FROM `mat_news` [ RunTime:0.0007s ]
SQL: UPDATE `mat_news` SET `status`='1' WHERE ( news_id=17 ) [ RunTime:0.0004s ]

[ 2016-07-23T16:51:38+08:00 ] 127.0.0.1 /admin.php?c=content&a=setStatus
INFO: [ app_begin ] --START--
INFO: Run Behavior\ReadHtmlCacheBehavior [ RunTime:0.000737s ]
INFO: [ app_begin ] --END-- [ RunTime:0.001160s ]
NOTIC: [2048] Declaration of Common\Model\NewsModel::find() should be compatible with Think\Model::find($options = Array) D:\web\takahashi\Application\Common\Model\NewsModel.class.php 第 23 行.
SQL: SHOW COLUMNS FROM `mat_news` [ RunTime:0.0010s ]
SQL: UPDATE `mat_news` SET `status`='0' WHERE ( news_id=23 ) [ RunTime:0.0006s ]

[ 2016-07-23T18:15:50+08:00 ] 127.0.0.1 /admin.php?c=basic
ERR: 无法加载控制器:Basic

[ 2016-07-23T18:22:23+08:00 ] 127.0.0.1 /admin.php?c=content&a=listorder
INFO: [ app_begin ] --START--
INFO: Run Behavior\ReadHtmlCacheBehavior [ RunTime:0.000704s ]
INFO: [ app_begin ] --END-- [ RunTime:0.001136s ]
NOTIC: [8] Undefined index: listorder D:\web\takahashi\Application\Admin\Controller\ContentController.class.php 第 157 行.

[ 2016-07-23T18:22:29+08:00 ] 127.0.0.1 /admin.php?c=content&a=listorder
INFO: [ app_begin ] --START--
INFO: Run Behavior\ReadHtmlCacheBehavior [ RunTime:0.000425s ]
INFO: [ app_begin ] --END-- [ RunTime:0.000765s ]
NOTIC: [8] Undefined index: listorder D:\web\takahashi\Application\Admin\Controller\ContentController.class.php 第 157 行.

[ 2016-07-23T18:25:37+08:00 ] 127.0.0.1 /admin.php?c=content&a=listorder
INFO: [ app_begin ] --START--
INFO: Run Behavior\ReadHtmlCacheBehavior [ RunTime:0.000705s ]
INFO: [ app_begin ] --END-- [ RunTime:0.001126s ]
NOTIC: [8] Undefined index: listorder D:\web\takahashi\Application\Admin\Controller\ContentController.class.php 第 157 行.

[ 2016-07-23T18:29:00+08:00 ] 127.0.0.1 /admin.php?c=position
ERR: 无法加载控制器:Position

[ 2016-07-23T18:30:52+08:00 ] 127.0.0.1 /admin.php?c=content&a=listorder
INFO: [ app_begin ] --START--
INFO: Run Behavior\ReadHtmlCacheBehavior [ RunTime:0.000427s ]
INFO: [ app_begin ] --END-- [ RunTime:0.000773s ]
NOTIC: [8] Undefined index: listorder D:\web\takahashi\Application\Admin\Controller\ContentController.class.php 第 157 行.

[ 2016-07-23T18:32:02+08:00 ] 127.0.0.1 /admin.php?c=content&a=listorder
INFO: [ app_begin ] --START--
INFO: Run Behavior\ReadHtmlCacheBehavior [ RunTime:0.000442s ]
INFO: [ app_begin ] --END-- [ RunTime:0.000780s ]
NOTIC: [8] Undefined index: listorder D:\web\takahashi\Application\Admin\Controller\ContentController.class.php 第 157 行.

[ 2016-07-23T18:32:42+08:00 ] 127.0.0.1 /admin.php?c=content&a=listorder
INFO: [ app_begin ] --START--
INFO: Run Behavior\ReadHtmlCacheBehavior [ RunTime:0.000726s ]
INFO: [ app_begin ] --END-- [ RunTime:0.001170s ]
NOTIC: [2] Invalid argument supplied for foreach() D:\web\takahashi\Application\Admin\Controller\ContentController.class.php 第 162 行.

[ 2016-07-23T18:32:48+08:00 ] 127.0.0.1 /admin.php?c=content&a=listorder
INFO: [ app_begin ] --START--
INFO: Run Behavior\ReadHtmlCacheBehavior [ RunTime:0.000459s ]
INFO: [ app_begin ] --END-- [ RunTime:0.000813s ]
NOTIC: [2] Invalid argument supplied for foreach() D:\web\takahashi\Application\Admin\Controller\ContentController.class.php 第 162 行.

[ 2016-07-23T18:32:54+08:00 ] 127.0.0.1 /admin.php?c=content&a=listorder
INFO: [ app_begin ] --START--
INFO: Run Behavior\ReadHtmlCacheBehavior [ RunTime:0.000504s ]
INFO: [ app_begin ] --END-- [ RunTime:0.000902s ]
NOTIC: [2] Invalid argument supplied for foreach() D:\web\takahashi\Application\Admin\Controller\ContentController.class.php 第 162 行.

[ 2016-07-23T18:33:02+08:00 ] 127.0.0.1 /admin.php?c=content&a=listorder
INFO: [ app_begin ] --START--
INFO: Run Behavior\ReadHtmlCacheBehavior [ RunTime:0.000444s ]
INFO: [ app_begin ] --END-- [ RunTime:0.000840s ]
NOTIC: [2] Invalid argument supplied for foreach() D:\web\takahashi\Application\Admin\Controller\ContentController.class.php 第 162 行.

[ 2016-07-23T18:33:09+08:00 ] 127.0.0.1 /admin.php?c=content&a=listorder
INFO: [ app_begin ] --START--
INFO: Run Behavior\ReadHtmlCacheBehavior [ RunTime:0.000433s ]
INFO: [ app_begin ] --END-- [ RunTime:0.000797s ]
NOTIC: [2] Invalid argument supplied for foreach() D:\web\takahashi\Application\Admin\Controller\ContentController.class.php 第 162 行.

[ 2016-07-23T18:33:15+08:00 ] 127.0.0.1 /admin.php?c=content&a=listorder
INFO: [ app_begin ] --START--
INFO: Run Behavior\ReadHtmlCacheBehavior [ RunTime:0.000438s ]
INFO: [ app_begin ] --END-- [ RunTime:0.000780s ]
NOTIC: [2] Invalid argument supplied for foreach() D:\web\takahashi\Application\Admin\Controller\ContentController.class.php 第 162 行.

[ 2016-07-23T18:33:24+08:00 ] 127.0.0.1 /admin.php?c=menu&a=listorder
INFO: [ app_begin ] --START--
INFO: Run Behavior\ReadHtmlCacheBehavior [ RunTime:0.000421s ]
INFO: [ app_begin ] --END-- [ RunTime:0.000751s ]
NOTIC: [2048] Declaration of Common\Model\MenuModel::find() should be compatible with Think\Model::find($options = Array) D:\web\takahashi\Application\Common\Model\MenuModel.class.php 第 13 行.
SQL: SHOW COLUMNS FROM `mat_menu` [ RunTime:0.0006s ]
SQL: UPDATE `mat_menu` SET `listorder`='12' WHERE ( menu_id=1 ) [ RunTime:0.0057s ]
SQL: UPDATE `mat_menu` SET `listorder`='100' WHERE ( menu_id=11 ) [ RunTime:0.0003s ]
SQL: UPDATE `mat_menu` SET `listorder`='25' WHERE ( menu_id=8 ) [ RunTime:0.0002s ]
SQL: UPDATE `mat_menu` SET `listorder`='10' WHERE ( menu_id=10 ) [ RunTime:0.0002s ]
SQL: UPDATE `mat_menu` SET `listorder`='9' WHERE ( menu_id=9 ) [ RunTime:0.0002s ]

[ 2016-07-23T18:33:53+08:00 ] 127.0.0.1 /admin.php?c=content&a=listorder
INFO: [ app_begin ] --START--
INFO: Run Behavior\ReadHtmlCacheBehavior [ RunTime:0.000719s ]
INFO: [ app_begin ] --END-- [ RunTime:0.001169s ]
NOTIC: [2] Invalid argument supplied for foreach() D:\web\takahashi\Application\Admin\Controller\ContentController.class.php 第 162 行.

[ 2016-07-23T18:33:56+08:00 ] 127.0.0.1 /admin.php?c=content&a=listorder
INFO: [ app_begin ] --START--
INFO: Run Behavior\ReadHtmlCacheBehavior [ RunTime:0.000686s ]
INFO: [ app_begin ] --END-- [ RunTime:0.001298s ]
NOTIC: [2] Invalid argument supplied for foreach() D:\web\takahashi\Application\Admin\Controller\ContentController.class.php 第 162 行.

[ 2016-07-23T18:34:27+08:00 ] 127.0.0.1 /admin.php?c=content&a=listorder
INFO: [ app_begin ] --START--
INFO: Run Behavior\ReadHtmlCacheBehavior [ RunTime:0.000433s ]
INFO: [ app_begin ] --END-- [ RunTime:0.000788s ]
NOTIC: [2] Invalid argument supplied for foreach() D:\web\takahashi\Application\Admin\Controller\ContentController.class.php 第 162 行.

[ 2016-07-23T18:34:59+08:00 ] 127.0.0.1 /admin.php?c=content&a=listorder
INFO: [ app_begin ] --START--
INFO: Run Behavior\ReadHtmlCacheBehavior [ RunTime:0.000714s ]
INFO: [ app_begin ] --END-- [ RunTime:0.001152s ]
NOTIC: [2] Invalid argument supplied for foreach() D:\web\takahashi\Application\Admin\Controller\ContentController.class.php 第 162 行.

[ 2016-07-23T18:36:46+08:00 ] 127.0.0.1 /admin.php?c=content&a=listorder
INFO: [ app_begin ] --START--
INFO: Run Behavior\ReadHtmlCacheBehavior [ RunTime:0.000743s ]
INFO: [ app_begin ] --END-- [ RunTime:0.001171s ]
NOTIC: [2048] Declaration of Common\Model\NewsModel::find() should be compatible with Think\Model::find($options = Array) D:\web\takahashi\Application\Common\Model\NewsModel.class.php 第 23 行.
SQL: SHOW COLUMNS FROM `mat_news` [ RunTime:0.0007s ]
SQL: UPDATE `mat_news` SET `listorder`='26' WHERE ( news_id=26 ) [ RunTime:0.0003s ]
SQL: UPDATE `mat_news` SET `listorder`='25' WHERE ( news_id=25 ) [ RunTime:0.0002s ]
SQL: UPDATE `mat_news` SET `listorder`='24' WHERE ( news_id=24 ) [ RunTime:0.0003s ]
SQL: UPDATE `mat_news` SET `listorder`='23' WHERE ( news_id=23 ) [ RunTime:0.0002s ]
SQL: UPDATE `mat_news` SET `listorder`='22' WHERE ( news_id=22 ) [ RunTime:0.0002s ]

[ 2016-07-23T18:36:56+08:00 ] 127.0.0.1 /admin.php?c=content&a=listorder
INFO: [ app_begin ] --START--
INFO: Run Behavior\ReadHtmlCacheBehavior [ RunTime:0.000443s ]
INFO: [ app_begin ] --END-- [ RunTime:0.000815s ]
NOTIC: [2048] Declaration of Common\Model\NewsModel::find() should be compatible with Think\Model::find($options = Array) D:\web\takahashi\Application\Common\Model\NewsModel.class.php 第 23 行.
SQL: SHOW COLUMNS FROM `mat_news` [ RunTime:0.0007s ]
SQL: UPDATE `mat_news` SET `listorder`='27' WHERE ( news_id=26 ) [ RunTime:0.0003s ]
SQL: UPDATE `mat_news` SET `listorder`='25' WHERE ( news_id=25 ) [ RunTime:0.0002s ]
SQL: UPDATE `mat_news` SET `listorder`='24' WHERE ( news_id=24 ) [ RunTime:0.0002s ]
SQL: UPDATE `mat_news` SET `listorder`='23' WHERE ( news_id=23 ) [ RunTime:0.0003s ]
SQL: UPDATE `mat_news` SET `listorder`='22' WHERE ( news_id=22 ) [ RunTime:0.0002s ]

[ 2016-07-23T18:37:03+08:00 ] 127.0.0.1 /admin.php?c=content&a=listorder
INFO: [ app_begin ] --START--
INFO: Run Behavior\ReadHtmlCacheBehavior [ RunTime:0.000416s ]
INFO: [ app_begin ] --END-- [ RunTime:0.000741s ]
NOTIC: [2048] Declaration of Common\Model\NewsModel::find() should be compatible with Think\Model::find($options = Array) D:\web\takahashi\Application\Common\Model\NewsModel.class.php 第 23 行.
SQL: SHOW COLUMNS FROM `mat_news` [ RunTime:0.0007s ]
SQL: UPDATE `mat_news` SET `listorder`='27' WHERE ( news_id=26 ) [ RunTime:0.0003s ]
SQL: UPDATE `mat_news` SET `listorder`='122' WHERE ( news_id=25 ) [ RunTime:0.0003s ]
SQL: UPDATE `mat_news` SET `listorder`='24' WHERE ( news_id=24 ) [ RunTime:0.0002s ]
SQL: UPDATE `mat_news` SET `listorder`='23' WHERE ( news_id=23 ) [ RunTime:0.0002s ]
SQL: UPDATE `mat_news` SET `listorder`='22' WHERE ( news_id=22 ) [ RunTime:0.0002s ]

[ 2016-07-23T18:37:45+08:00 ] 127.0.0.1 /admin.php?c=content&a=listorder
INFO: [ app_begin ] --START--
INFO: Run Behavior\ReadHtmlCacheBehavior [ RunTime:0.000451s ]
INFO: [ app_begin ] --END-- [ RunTime:0.000799s ]
NOTIC: [2048] Declaration of Common\Model\NewsModel::find() should be compatible with Think\Model::find($options = Array) D:\web\takahashi\Application\Common\Model\NewsModel.class.php 第 23 行.
SQL: SHOW COLUMNS FROM `mat_news` [ RunTime:0.0007s ]
SQL: UPDATE `mat_news` SET `listorder`='122' WHERE ( news_id=25 ) [ RunTime:0.0003s ]
SQL: UPDATE `mat_news` SET `listorder`='27' WHERE ( news_id=26 ) [ RunTime:0.0002s ]
SQL: UPDATE `mat_news` SET `listorder`='24' WHERE ( news_id=24 ) [ RunTime:0.0002s ]
SQL: UPDATE `mat_news` SET `listorder`='23' WHERE ( news_id=23 ) [ RunTime:0.0002s ]
SQL: UPDATE `mat_news` SET `listorder`='22' WHERE ( news_id=22 ) [ RunTime:0.0002s ]

[ 2016-07-23T18:38:45+08:00 ] 127.0.0.1 /admin.php?c=content&a=listorder
INFO: [ app_begin ] --START--
INFO: Run Behavior\ReadHtmlCacheBehavior [ RunTime:0.000755s ]
INFO: [ app_begin ] --END-- [ RunTime:0.001370s ]
NOTIC: [8] Use of undefined constant listorder - assumed 'listorder' D:\web\takahashi\Application\Admin\Controller\ContentController.class.php 第 160 行.

[ 2016-07-23T18:38:50+08:00 ] 127.0.0.1 /admin.php?c=content&a=listorder
INFO: [ app_begin ] --START--
INFO: Run Behavior\ReadHtmlCacheBehavior [ RunTime:0.000424s ]
INFO: [ app_begin ] --END-- [ RunTime:0.000759s ]
NOTIC: [8] Use of undefined constant listorder - assumed 'listorder' D:\web\takahashi\Application\Admin\Controller\ContentController.class.php 第 160 行.

[ 2016-07-23T18:39:04+08:00 ] 127.0.0.1 /admin.php?c=content&a=listorder
INFO: [ app_begin ] --START--
INFO: Run Behavior\ReadHtmlCacheBehavior [ RunTime:0.000767s ]
INFO: [ app_begin ] --END-- [ RunTime:0.001199s ]

[ 2016-07-23T18:39:40+08:00 ] 127.0.0.1 /admin.php?c=content&a=listorder
INFO: [ app_begin ] --START--
INFO: Run Behavior\ReadHtmlCacheBehavior [ RunTime:0.000733s ]
INFO: [ app_begin ] --END-- [ RunTime:0.001262s ]

[ 2016-07-23T18:40:12+08:00 ] 127.0.0.1 /admin.php?c=content&a=listorder
INFO: [ app_begin ] --START--
INFO: Run Behavior\ReadHtmlCacheBehavior [ RunTime:0.000712s ]
INFO: [ app_begin ] --END-- [ RunTime:0.001140s ]

[ 2016-07-23T19:40:27+08:00 ] 127.0.0.1 /admin.php?c=positioncontent
ERR: 无法加载控制器:Positioncontent

[ 2016-07-23T19:40:29+08:00 ] 127.0.0.1 /admin.php?c=positioncontent
ERR: 无法加载控制器:Positioncontent

[ 2016-07-23T19:40:31+08:00 ] 127.0.0.1 /admin.php?c=positioncontent
ERR: 无法加载控制器:Positioncontent

[ 2016-07-23T19:40:57+08:00 ] 127.0.0.1 /admin.php?c=positioncontent
ERR: Think\Controller:diaplay方法不存在！

[ 2016-07-23T19:41:10+08:00 ] 127.0.0.1 /admin.php?c=position
ERR: 无法加载控制器:Position

[ 2016-07-23T19:41:21+08:00 ] 127.0.0.1 /admin.php?c=position
ERR: 无法加载控制器:Position

[ 2016-07-23T19:41:39+08:00 ] 127.0.0.1 /admin.php?c=basic
ERR: 无法加载控制器:Basic

[ 2016-07-23T19:44:37+08:00 ] 127.0.0.1 /admin.php?c=position
ERR: 无法加载控制器:Position

[ 2016-07-23T19:44:58+08:00 ] 127.0.0.1 /admin.php?c=position
ERR: 模板不存在:./Application/Admin/View/Position/index.html

[ 2016-07-23T19:51:27+08:00 ] 127.0.0.1 /admin.php?c=basic
ERR: 无法加载控制器:Basic

[ 2016-07-23T19:59:23+08:00 ] 127.0.0.1 /admin.php?c=position
ERR: 1054:Unknown column 'listorder' in 'order clause'
 [ SQL语句 ] : SELECT * FROM `mat_position` WHERE `status` <> -1 ORDER BY listorder desc,news_id desc LIMIT 0,5  

[ 2016-07-23T20:06:14+08:00 ] 127.0.0.1 /admin.php?m=Admin&c=Position&a=index&p=1
ERR: Think\Model:getNewsCount方法不存在！

[ 2016-07-23T20:10:38+08:00 ] 127.0.0.1 /admin.php?c=basic
ERR: 无法加载控制器:Basic

[ 2016-07-23T20:15:57+08:00 ] 127.0.0.1 /admin.php?c=positioncontent&a=setStatus
INFO: [ app_begin ] --START--
INFO: Run Behavior\ReadHtmlCacheBehavior [ RunTime:0.000480s ]
INFO: [ app_begin ] --END-- [ RunTime:0.000850s ]
ERR: 非法操作:setStatus

[ 2016-07-23T20:15:58+08:00 ] 127.0.0.1 /admin.php?c=positioncontent&a=setStatus
INFO: [ app_begin ] --START--
INFO: Run Behavior\ReadHtmlCacheBehavior [ RunTime:0.000422s ]
INFO: [ app_begin ] --END-- [ RunTime:0.000752s ]
ERR: 非法操作:setStatus

[ 2016-07-23T20:16:05+08:00 ] 127.0.0.1 /admin.php?c=positioncontent&a=setStatus
INFO: [ app_begin ] --START--
INFO: Run Behavior\ReadHtmlCacheBehavior [ RunTime:0.000712s ]
INFO: [ app_begin ] --END-- [ RunTime:0.001154s ]
ERR: 非法操作:setStatus

[ 2016-07-23T20:16:31+08:00 ] 127.0.0.1 /admin.php?c=position&a=setStatus
INFO: [ app_begin ] --START--
INFO: Run Behavior\ReadHtmlCacheBehavior [ RunTime:0.000429s ]
INFO: [ app_begin ] --END-- [ RunTime:0.000777s ]
SQL: SHOW COLUMNS FROM `mat_position` [ RunTime:0.0006s ]
SQL: UPDATE `mat_position` SET `status`='0' WHERE ( id=5 ) [ RunTime:0.0005s ]

[ 2016-07-23T20:16:34+08:00 ] 127.0.0.1 /admin.php?c=position&a=setStatus
INFO: [ app_begin ] --START--
INFO: Run Behavior\ReadHtmlCacheBehavior [ RunTime:0.000421s ]
INFO: [ app_begin ] --END-- [ RunTime:0.000750s ]
SQL: SHOW COLUMNS FROM `mat_position` [ RunTime:0.0006s ]
SQL: UPDATE `mat_position` SET `status`='0' WHERE ( id=3 ) [ RunTime:0.0003s ]

[ 2016-07-23T20:16:37+08:00 ] 127.0.0.1 /admin.php?c=position&a=setStatus
INFO: [ app_begin ] --START--
INFO: Run Behavior\ReadHtmlCacheBehavior [ RunTime:0.000427s ]
INFO: [ app_begin ] --END-- [ RunTime:0.000793s ]
SQL: SHOW COLUMNS FROM `mat_position` [ RunTime:0.0006s ]
SQL: UPDATE `mat_position` SET `status`='1' WHERE ( id=5 ) [ RunTime:0.0004s ]

[ 2016-07-23T20:16:39+08:00 ] 127.0.0.1 /admin.php?c=position&a=setStatus
INFO: [ app_begin ] --START--
INFO: Run Behavior\ReadHtmlCacheBehavior [ RunTime:0.000418s ]
INFO: [ app_begin ] --END-- [ RunTime:0.000746s ]
SQL: SHOW COLUMNS FROM `mat_position` [ RunTime:0.0006s ]
SQL: UPDATE `mat_position` SET `status`='1' WHERE ( id=3 ) [ RunTime:0.0003s ]

[ 2016-07-23T20:17:11+08:00 ] 127.0.0.1 /admin.php?c=position&a=setStatus
INFO: [ app_begin ] --START--
INFO: Run Behavior\ReadHtmlCacheBehavior [ RunTime:0.000532s ]
INFO: [ app_begin ] --END-- [ RunTime:0.000934s ]
SQL: SHOW COLUMNS FROM `mat_position` [ RunTime:0.0007s ]
SQL: UPDATE `mat_position` SET `status`='0' WHERE ( id=5 ) [ RunTime:0.0003s ]

[ 2016-07-23T20:17:42+08:00 ] 127.0.0.1 /admin.php?c=position&a=setStatus
INFO: [ app_begin ] --START--
INFO: Run Behavior\ReadHtmlCacheBehavior [ RunTime:0.000420s ]
INFO: [ app_begin ] --END-- [ RunTime:0.000751s ]
SQL: SHOW COLUMNS FROM `mat_position` [ RunTime:0.0006s ]
SQL: UPDATE `mat_position` SET `status`='1' WHERE ( id=5 ) [ RunTime:0.0003s ]

[ 2016-07-23T22:46:40+08:00 ] 127.0.0.1 /admin.php?c=content&a=listorder
INFO: [ app_begin ] --START--
INFO: Run Behavior\ReadHtmlCacheBehavior [ RunTime:0.000724s ]
INFO: [ app_begin ] --END-- [ RunTime:0.001160s ]
NOTIC: [2048] Declaration of Common\Model\NewsModel::find() should be compatible with Think\Model::find($options = Array) D:\web\takahashi\Application\Common\Model\NewsModel.class.php 第 23 行.
SQL: SHOW COLUMNS FROM `mat_news` [ RunTime:0.0008s ]
SQL: UPDATE `mat_news` SET `listorder`='122' WHERE ( news_id=25 ) [ RunTime:0.0018s ]
SQL: UPDATE `mat_news` SET `listorder`='27' WHERE ( news_id=26 ) [ RunTime:0.0002s ]
SQL: UPDATE `mat_news` SET `listorder`='24' WHERE ( news_id=24 ) [ RunTime:0.0002s ]
SQL: UPDATE `mat_news` SET `listorder`='23' WHERE ( news_id=23 ) [ RunTime:0.0002s ]
SQL: UPDATE `mat_news` SET `listorder`='22' WHERE ( news_id=22 ) [ RunTime:0.0002s ]

[ 2016-07-23T23:12:20+08:00 ] 127.0.0.1 /admin.php?c=content&a=listorder
INFO: [ app_begin ] --START--
INFO: Run Behavior\ReadHtmlCacheBehavior [ RunTime:0.000777s ]
INFO: [ app_begin ] --END-- [ RunTime:0.001255s ]
NOTIC: [2048] Declaration of Common\Model\NewsModel::find() should be compatible with Think\Model::find($options = Array) D:\web\takahashi\Application\Common\Model\NewsModel.class.php 第 23 行.
SQL: SHOW COLUMNS FROM `mat_news` [ RunTime:0.0008s ]
SQL: UPDATE `mat_news` SET `listorder`='122' WHERE ( news_id=25 ) [ RunTime:0.0004s ]
SQL: UPDATE `mat_news` SET `listorder`='27' WHERE ( news_id=26 ) [ RunTime:0.0002s ]
SQL: UPDATE `mat_news` SET `listorder`='24' WHERE ( news_id=24 ) [ RunTime:0.0002s ]
SQL: UPDATE `mat_news` SET `listorder`='23' WHERE ( news_id=23 ) [ RunTime:0.0002s ]
SQL: UPDATE `mat_news` SET `listorder`='22' WHERE ( news_id=22 ) [ RunTime:0.0002s ]

[ 2016-07-23T23:53:27+08:00 ] 127.0.0.1 /admin.php?c=basic
ERR: 无法加载控制器:Basic

[ 2016-07-23T23:53:30+08:00 ] 127.0.0.1 /admin.php?c=admin
ERR: 无法加载控制器:Admin

