[ 2016-07-09T00:00:23+08:00 ] 127.0.0.1 /admin.php?c=menu&a=edit&id=18
INFO: [ app_init ] --START--
INFO: Run Behavior\BuildLiteBehavior [ RunTime:0.000013s ]
INFO: [ app_init ] --END-- [ RunTime:0.000501s ]
INFO: [ app_begin ] --START--
INFO: Run Behavior\ReadHtmlCacheBehavior [ RunTime:0.001003s ]
INFO: [ app_begin ] --END-- [ RunTime:0.001055s ]
NOTIC: [2048] Declaration of Common\Model\MenuModel::find() should be compatible with Think\Model::find($options = Array) D:\web\takahashi\Application\Common\Model\MenuModel.class.php 第 13 行.
SQL: SHOW COLUMNS FROM `menu` [ RunTime:0.0007s ]
SQL: SELECT * FROM `menu` WHERE ( menu_id=18 ) LIMIT 1   [ RunTime:0.0003s ]
INFO: [ view_parse ] --START--
INFO: [ template_filter ] --START--
INFO: Run Behavior\ContentReplaceBehavior [ RunTime:0.000050s ]
INFO: [ template_filter ] --END-- [ RunTime:0.000096s ]
INFO: Run Behavior\ParseTemplateBehavior [ RunTime:0.025661s ]
INFO: [ view_parse ] --END-- [ RunTime:0.025719s ]
INFO: [ view_filter ] --START--
INFO: Run Behavior\WriteHtmlCacheBehavior [ RunTime:0.000764s ]
INFO: [ view_filter ] --END-- [ RunTime:0.000798s ]
INFO: [ app_end ] --START--
INFO: Run Behavior\ShowPageTraceBehavior [ RunTime:0.000948s ]
INFO: [ app_end ] --END-- [ RunTime:0.000985s ]

[ 2016-07-09T00:00:27+08:00 ] 127.0.0.1 /admin.php?c=menu&a=add
INFO: [ app_init ] --START--
INFO: Run Behavior\BuildLiteBehavior [ RunTime:0.000012s ]
INFO: [ app_init ] --END-- [ RunTime:0.000451s ]
INFO: [ app_begin ] --START--
INFO: Run Behavior\ReadHtmlCacheBehavior [ RunTime:0.000915s ]
INFO: [ app_begin ] --END-- [ RunTime:0.000958s ]
NOTIC: [2048] Declaration of Common\Model\MenuModel::find() should be compatible with Think\Model::find($options = Array) D:\web\takahashi\Application\Common\Model\MenuModel.class.php 第 13 行.
SQL: SHOW COLUMNS FROM `menu` [ RunTime:0.0011s ]
SQL: UPDATE `menu` SET `name`='用户管理3',`type`='1',`m`='admin',`c`='admin',`f`='index',`status`='1' WHERE ( menu_id=18 ) [ RunTime:0.0006s ]

[ 2016-07-09T00:01:04+08:00 ] 127.0.0.1 /admin.php?c=menu&a=edit&id=18
INFO: [ app_init ] --START--
INFO: Run Behavior\BuildLiteBehavior [ RunTime:0.000015s ]
INFO: [ app_init ] --END-- [ RunTime:0.000526s ]
INFO: [ app_begin ] --START--
INFO: Run Behavior\ReadHtmlCacheBehavior [ RunTime:0.000947s ]
INFO: [ app_begin ] --END-- [ RunTime:0.001003s ]
NOTIC: [2048] Declaration of Common\Model\MenuModel::find() should be compatible with Think\Model::find($options = Array) D:\web\takahashi\Application\Common\Model\MenuModel.class.php 第 13 行.
SQL: SHOW COLUMNS FROM `menu` [ RunTime:0.0008s ]
SQL: SELECT * FROM `menu` WHERE ( menu_id=18 ) LIMIT 1   [ RunTime:0.0005s ]
INFO: [ view_parse ] --START--
INFO: [ template_filter ] --START--
INFO: Run Behavior\ContentReplaceBehavior [ RunTime:0.000066s ]
INFO: [ template_filter ] --END-- [ RunTime:0.000131s ]
INFO: Run Behavior\ParseTemplateBehavior [ RunTime:0.012287s ]
INFO: [ view_parse ] --END-- [ RunTime:0.012357s ]
INFO: [ view_filter ] --START--
INFO: Run Behavior\WriteHtmlCacheBehavior [ RunTime:0.000767s ]
INFO: [ view_filter ] --END-- [ RunTime:0.000804s ]
INFO: [ app_end ] --START--
INFO: Run Behavior\ShowPageTraceBehavior [ RunTime:0.001127s ]
INFO: [ app_end ] --END-- [ RunTime:0.001177s ]

[ 2016-07-09T00:01:09+08:00 ] 127.0.0.1 /admin.php?c=menu&a=add
INFO: [ app_init ] --START--
INFO: Run Behavior\BuildLiteBehavior [ RunTime:0.000013s ]
INFO: [ app_init ] --END-- [ RunTime:0.000482s ]
INFO: [ app_begin ] --START--
INFO: Run Behavior\ReadHtmlCacheBehavior [ RunTime:0.001362s ]
INFO: [ app_begin ] --END-- [ RunTime:0.001521s ]
NOTIC: [2048] Declaration of Common\Model\MenuModel::find() should be compatible with Think\Model::find($options = Array) D:\web\takahashi\Application\Common\Model\MenuModel.class.php 第 13 行.
SQL: SHOW COLUMNS FROM `menu` [ RunTime:0.0010s ]
SQL: UPDATE `menu` SET `name`='用户管理4',`type`='1',`m`='admin',`c`='admin',`f`='index',`status`='1' WHERE ( menu_id=18 ) [ RunTime:0.0010s ]

[ 2016-07-09T00:01:11+08:00 ] 127.0.0.1 /admin.php?c=menu
INFO: [ app_init ] --START--
INFO: Run Behavior\BuildLiteBehavior [ RunTime:0.000012s ]
INFO: [ app_init ] --END-- [ RunTime:0.000470s ]
INFO: [ app_begin ] --START--
INFO: Run Behavior\ReadHtmlCacheBehavior [ RunTime:0.000910s ]
INFO: [ app_begin ] --END-- [ RunTime:0.000958s ]
NOTIC: [2048] Declaration of Common\Model\MenuModel::find() should be compatible with Think\Model::find($options = Array) D:\web\takahashi\Application\Common\Model\MenuModel.class.php 第 13 行.
SQL: SHOW COLUMNS FROM `menu` [ RunTime:0.0010s ]
SQL: SELECT * FROM `menu` WHERE `status` <> -1 ORDER BY menu_id desc LIMIT 0,10   [ RunTime:0.0006s ]
SQL: SELECT COUNT(*) AS tp_count FROM `menu` WHERE `status` <> -1 LIMIT 1   [ RunTime:0.0003s ]
INFO: [ view_parse ] --START--
INFO: [ template_filter ] --START--
INFO: Run Behavior\ContentReplaceBehavior [ RunTime:0.000055s ]
INFO: [ template_filter ] --END-- [ RunTime:0.000102s ]
NOTIC: [8] Undefined variable: nav D:\web\takahashi\Application\Runtime\Cache\Admin\b956215329b6f9aca22277599a4efdfc.php 第 100 行.
NOTIC: [8] Undefined variable: type D:\web\takahashi\Application\Runtime\Cache\Admin\b956215329b6f9aca22277599a4efdfc.php 第 114 行.
NOTIC: [8] Undefined variable: type D:\web\takahashi\Application\Runtime\Cache\Admin\b956215329b6f9aca22277599a4efdfc.php 第 115 行.
INFO: Run Behavior\ParseTemplateBehavior [ RunTime:0.013071s ]
INFO: [ view_parse ] --END-- [ RunTime:0.013123s ]
INFO: [ view_filter ] --START--
INFO: Run Behavior\WriteHtmlCacheBehavior [ RunTime:0.000768s ]
INFO: [ view_filter ] --END-- [ RunTime:0.000801s ]
INFO: [ app_end ] --START--
INFO: Run Behavior\ShowPageTraceBehavior [ RunTime:0.000961s ]
INFO: [ app_end ] --END-- [ RunTime:0.001007s ]

[ 2016-07-09T00:02:20+08:00 ] 127.0.0.1 /admin.php?c=menu&a=edit&id=18
INFO: [ app_init ] --START--
INFO: Run Behavior\BuildLiteBehavior [ RunTime:0.000013s ]
INFO: [ app_init ] --END-- [ RunTime:0.000470s ]
INFO: [ app_begin ] --START--
INFO: Run Behavior\ReadHtmlCacheBehavior [ RunTime:0.000958s ]
INFO: [ app_begin ] --END-- [ RunTime:0.001010s ]
NOTIC: [2048] Declaration of Common\Model\MenuModel::find() should be compatible with Think\Model::find($options = Array) D:\web\takahashi\Application\Common\Model\MenuModel.class.php 第 13 行.
SQL: SHOW COLUMNS FROM `menu` [ RunTime:0.0008s ]
SQL: SELECT * FROM `menu` WHERE ( menu_id=18 ) LIMIT 1   [ RunTime:0.0004s ]
INFO: [ view_parse ] --START--
INFO: [ template_filter ] --START--
INFO: Run Behavior\ContentReplaceBehavior [ RunTime:0.000046s ]
INFO: [ template_filter ] --END-- [ RunTime:0.000091s ]
INFO: Run Behavior\ParseTemplateBehavior [ RunTime:0.025266s ]
INFO: [ view_parse ] --END-- [ RunTime:0.025324s ]
INFO: [ view_filter ] --START--
INFO: Run Behavior\WriteHtmlCacheBehavior [ RunTime:0.000753s ]
INFO: [ view_filter ] --END-- [ RunTime:0.000787s ]
INFO: [ app_end ] --START--
INFO: Run Behavior\ShowPageTraceBehavior [ RunTime:0.000913s ]
INFO: [ app_end ] --END-- [ RunTime:0.000951s ]

[ 2016-07-09T00:02:23+08:00 ] 127.0.0.1 /admin.php?c=menu&a=add
INFO: [ app_init ] --START--
INFO: Run Behavior\BuildLiteBehavior [ RunTime:0.000015s ]
INFO: [ app_init ] --END-- [ RunTime:0.000490s ]
INFO: [ app_begin ] --START--
INFO: Run Behavior\ReadHtmlCacheBehavior [ RunTime:0.001365s ]
INFO: [ app_begin ] --END-- [ RunTime:0.001449s ]
NOTIC: [2048] Declaration of Common\Model\MenuModel::find() should be compatible with Think\Model::find($options = Array) D:\web\takahashi\Application\Common\Model\MenuModel.class.php 第 13 行.
SQL: SHOW COLUMNS FROM `menu` [ RunTime:0.0017s ]
SQL: UPDATE `menu` SET `name`='用户管理3',`type`='1',`m`='admin',`c`='admin',`f`='index',`status`='1' WHERE ( menu_id=18 ) [ RunTime:0.0004s ]

[ 2016-07-09T00:02:24+08:00 ] 127.0.0.1 /admin.php?c=menu
INFO: [ app_init ] --START--
INFO: Run Behavior\BuildLiteBehavior [ RunTime:0.000018s ]
INFO: [ app_init ] --END-- [ RunTime:0.000621s ]
INFO: [ app_begin ] --START--
INFO: Run Behavior\ReadHtmlCacheBehavior [ RunTime:0.001540s ]
INFO: [ app_begin ] --END-- [ RunTime:0.001658s ]
NOTIC: [2048] Declaration of Common\Model\MenuModel::find() should be compatible with Think\Model::find($options = Array) D:\web\takahashi\Application\Common\Model\MenuModel.class.php 第 13 行.
SQL: SHOW COLUMNS FROM `menu` [ RunTime:0.0015s ]
SQL: SELECT * FROM `menu` WHERE `status` <> -1 ORDER BY menu_id desc LIMIT 0,10   [ RunTime:0.0007s ]
SQL: SELECT COUNT(*) AS tp_count FROM `menu` WHERE `status` <> -1 LIMIT 1   [ RunTime:0.0003s ]
INFO: [ view_parse ] --START--
INFO: [ template_filter ] --START--
INFO: Run Behavior\ContentReplaceBehavior [ RunTime:0.000079s ]
INFO: [ template_filter ] --END-- [ RunTime:0.000161s ]
NOTIC: [8] Undefined variable: nav D:\web\takahashi\Application\Runtime\Cache\Admin\b956215329b6f9aca22277599a4efdfc.php 第 100 行.
NOTIC: [8] Undefined variable: type D:\web\takahashi\Application\Runtime\Cache\Admin\b956215329b6f9aca22277599a4efdfc.php 第 114 行.
NOTIC: [8] Undefined variable: type D:\web\takahashi\Application\Runtime\Cache\Admin\b956215329b6f9aca22277599a4efdfc.php 第 115 行.
INFO: Run Behavior\ParseTemplateBehavior [ RunTime:0.013555s ]
INFO: [ view_parse ] --END-- [ RunTime:0.013613s ]
INFO: [ view_filter ] --START--
INFO: Run Behavior\WriteHtmlCacheBehavior [ RunTime:0.001371s ]
INFO: [ view_filter ] --END-- [ RunTime:0.001451s ]
INFO: [ app_end ] --START--
INFO: Run Behavior\ShowPageTraceBehavior [ RunTime:0.001244s ]
INFO: [ app_end ] --END-- [ RunTime:0.001299s ]

[ 2016-07-09T00:03:58+08:00 ] 127.0.0.1 /admin.php?c=menu
INFO: [ app_init ] --START--
INFO: Run Behavior\BuildLiteBehavior [ RunTime:0.000023s ]
INFO: [ app_init ] --END-- [ RunTime:0.000703s ]
INFO: [ app_begin ] --START--
INFO: Run Behavior\ReadHtmlCacheBehavior [ RunTime:0.001173s ]
INFO: [ app_begin ] --END-- [ RunTime:0.001322s ]
NOTIC: [2048] Declaration of Common\Model\MenuModel::find() should be compatible with Think\Model::find($options = Array) D:\web\takahashi\Application\Common\Model\MenuModel.class.php 第 13 行.
SQL: SHOW COLUMNS FROM `menu` [ RunTime:0.0010s ]
SQL: SELECT * FROM `menu` WHERE `status` <> -1 ORDER BY menu_id desc LIMIT 0,10   [ RunTime:0.0005s ]
SQL: SELECT COUNT(*) AS tp_count FROM `menu` WHERE `status` <> -1 LIMIT 1   [ RunTime:0.0003s ]
INFO: [ view_parse ] --START--
INFO: [ template_filter ] --START--
INFO: Run Behavior\ContentReplaceBehavior [ RunTime:0.000105s ]
INFO: [ template_filter ] --END-- [ RunTime:0.000200s ]
NOTIC: [8] Undefined variable: nav D:\web\takahashi\Application\Runtime\Cache\Admin\b956215329b6f9aca22277599a4efdfc.php 第 100 行.
NOTIC: [8] Undefined variable: type D:\web\takahashi\Application\Runtime\Cache\Admin\b956215329b6f9aca22277599a4efdfc.php 第 114 行.
NOTIC: [8] Undefined variable: type D:\web\takahashi\Application\Runtime\Cache\Admin\b956215329b6f9aca22277599a4efdfc.php 第 115 行.
INFO: Run Behavior\ParseTemplateBehavior [ RunTime:0.014713s ]
INFO: [ view_parse ] --END-- [ RunTime:0.014764s ]
INFO: [ view_filter ] --START--
INFO: Run Behavior\WriteHtmlCacheBehavior [ RunTime:0.000857s ]
INFO: [ view_filter ] --END-- [ RunTime:0.000896s ]
INFO: [ app_end ] --START--
INFO: Run Behavior\ShowPageTraceBehavior [ RunTime:0.002061s ]
INFO: [ app_end ] --END-- [ RunTime:0.002161s ]

[ 2016-07-09T00:29:16+08:00 ] 127.0.0.1 /admin.php?c=menu
INFO: [ app_init ] --START--
INFO: Run Behavior\BuildLiteBehavior [ RunTime:0.000011s ]
INFO: [ app_init ] --END-- [ RunTime:0.000539s ]
INFO: [ app_begin ] --START--
INFO: Run Behavior\ReadHtmlCacheBehavior [ RunTime:0.000745s ]
INFO: [ app_begin ] --END-- [ RunTime:0.000789s ]
NOTIC: [2048] Declaration of Common\Model\MenuModel::find() should be compatible with Think\Model::find($options = Array) D:\web\takahashi\Application\Common\Model\MenuModel.class.php 第 13 行.
SQL: SHOW COLUMNS FROM `menu` [ RunTime:0.0020s ]
SQL: SELECT * FROM `menu` WHERE `status` <> -1 ORDER BY menu_id desc LIMIT 0,10   [ RunTime:0.0005s ]
SQL: SELECT COUNT(*) AS tp_count FROM `menu` WHERE `status` <> -1 LIMIT 1   [ RunTime:0.0003s ]
INFO: [ view_parse ] --START--
INFO: [ template_filter ] --START--
INFO: Run Behavior\ContentReplaceBehavior [ RunTime:0.000104s ]
INFO: [ template_filter ] --END-- [ RunTime:0.000185s ]
NOTIC: [8] Undefined variable: nav D:\web\takahashi\Application\Runtime\Cache\Admin\b956215329b6f9aca22277599a4efdfc.php 第 100 行.
NOTIC: [8] Undefined variable: type D:\web\takahashi\Application\Runtime\Cache\Admin\b956215329b6f9aca22277599a4efdfc.php 第 114 行.
NOTIC: [8] Undefined variable: type D:\web\takahashi\Application\Runtime\Cache\Admin\b956215329b6f9aca22277599a4efdfc.php 第 115 行.
INFO: Run Behavior\ParseTemplateBehavior [ RunTime:0.010551s ]
INFO: [ view_parse ] --END-- [ RunTime:0.010592s ]
INFO: [ view_filter ] --START--
INFO: Run Behavior\WriteHtmlCacheBehavior [ RunTime:0.000704s ]
INFO: [ view_filter ] --END-- [ RunTime:0.000734s ]
INFO: [ app_end ] --START--
INFO: Run Behavior\ShowPageTraceBehavior [ RunTime:0.001160s ]
INFO: [ app_end ] --END-- [ RunTime:0.001224s ]

[ 2016-07-09T00:29:19+08:00 ] 127.0.0.1 /admin.php?c=menu&a=setStatus
INFO: [ app_init ] --START--
INFO: Run Behavior\BuildLiteBehavior [ RunTime:0.000015s ]
INFO: [ app_init ] --END-- [ RunTime:0.000355s ]
INFO: [ app_begin ] --START--
INFO: Run Behavior\ReadHtmlCacheBehavior [ RunTime:0.001064s ]
INFO: [ app_begin ] --END-- [ RunTime:0.001132s ]
ERR: 非法操作:setStatus

[ 2016-07-09T00:29:22+08:00 ] 127.0.0.1 /admin.php?c=menu&a=setStatus
INFO: [ app_init ] --START--
INFO: Run Behavior\BuildLiteBehavior [ RunTime:0.000010s ]
INFO: [ app_init ] --END-- [ RunTime:0.000350s ]
INFO: [ app_begin ] --START--
INFO: Run Behavior\ReadHtmlCacheBehavior [ RunTime:0.000825s ]
INFO: [ app_begin ] --END-- [ RunTime:0.000859s ]
ERR: 非法操作:setStatus

[ 2016-07-09T00:30:02+08:00 ] 127.0.0.1 /admin.php?c=menu
INFO: [ app_init ] --START--
INFO: Run Behavior\BuildLiteBehavior [ RunTime:0.000011s ]
INFO: [ app_init ] --END-- [ RunTime:0.000477s ]
INFO: [ app_begin ] --START--
INFO: Run Behavior\ReadHtmlCacheBehavior [ RunTime:0.000692s ]
INFO: [ app_begin ] --END-- [ RunTime:0.000726s ]
NOTIC: [2048] Declaration of Common\Model\MenuModel::find() should be compatible with Think\Model::find($options = Array) D:\web\takahashi\Application\Common\Model\MenuModel.class.php 第 13 行.
SQL: SHOW COLUMNS FROM `menu` [ RunTime:0.0026s ]
SQL: SELECT * FROM `menu` WHERE `status` <> -1 ORDER BY menu_id desc LIMIT 0,10   [ RunTime:0.0006s ]
SQL: SELECT COUNT(*) AS tp_count FROM `menu` WHERE `status` <> -1 LIMIT 1   [ RunTime:0.0003s ]
INFO: [ view_parse ] --START--
INFO: [ template_filter ] --START--
INFO: Run Behavior\ContentReplaceBehavior [ RunTime:0.000051s ]
INFO: [ template_filter ] --END-- [ RunTime:0.000083s ]
NOTIC: [8] Undefined variable: nav D:\web\takahashi\Application\Runtime\Cache\Admin\b956215329b6f9aca22277599a4efdfc.php 第 100 行.
NOTIC: [8] Undefined variable: type D:\web\takahashi\Application\Runtime\Cache\Admin\b956215329b6f9aca22277599a4efdfc.php 第 114 行.
NOTIC: [8] Undefined variable: type D:\web\takahashi\Application\Runtime\Cache\Admin\b956215329b6f9aca22277599a4efdfc.php 第 115 行.
INFO: Run Behavior\ParseTemplateBehavior [ RunTime:0.009598s ]
INFO: [ view_parse ] --END-- [ RunTime:0.009631s ]
INFO: [ view_filter ] --START--
INFO: Run Behavior\WriteHtmlCacheBehavior [ RunTime:0.000581s ]
INFO: [ view_filter ] --END-- [ RunTime:0.000606s ]
INFO: [ app_end ] --START--
INFO: Run Behavior\ShowPageTraceBehavior [ RunTime:0.001126s ]
INFO: [ app_end ] --END-- [ RunTime:0.001197s ]

[ 2016-07-09T00:30:20+08:00 ] 127.0.0.1 /admin.php?c=menu
INFO: [ app_init ] --START--
INFO: Run Behavior\BuildLiteBehavior [ RunTime:0.000011s ]
INFO: [ app_init ] --END-- [ RunTime:0.000376s ]
INFO: [ app_begin ] --START--
INFO: Run Behavior\ReadHtmlCacheBehavior [ RunTime:0.000714s ]
INFO: [ app_begin ] --END-- [ RunTime:0.000749s ]
NOTIC: [2048] Declaration of Common\Model\MenuModel::find() should be compatible with Think\Model::find($options = Array) D:\web\takahashi\Application\Common\Model\MenuModel.class.php 第 13 行.
SQL: SHOW COLUMNS FROM `menu` [ RunTime:0.0006s ]
SQL: SELECT * FROM `menu` WHERE `status` <> -1 ORDER BY menu_id desc LIMIT 0,10   [ RunTime:0.0003s ]
SQL: SELECT COUNT(*) AS tp_count FROM `menu` WHERE `status` <> -1 LIMIT 1   [ RunTime:0.0002s ]
INFO: [ view_parse ] --START--
INFO: [ template_filter ] --START--
INFO: Run Behavior\ContentReplaceBehavior [ RunTime:0.000041s ]
INFO: [ template_filter ] --END-- [ RunTime:0.000073s ]
NOTIC: [8] Undefined variable: nav D:\web\takahashi\Application\Runtime\Cache\Admin\b956215329b6f9aca22277599a4efdfc.php 第 100 行.
NOTIC: [8] Undefined variable: type D:\web\takahashi\Application\Runtime\Cache\Admin\b956215329b6f9aca22277599a4efdfc.php 第 114 行.
NOTIC: [8] Undefined variable: type D:\web\takahashi\Application\Runtime\Cache\Admin\b956215329b6f9aca22277599a4efdfc.php 第 115 行.
INFO: Run Behavior\ParseTemplateBehavior [ RunTime:0.009209s ]
INFO: [ view_parse ] --END-- [ RunTime:0.009242s ]
INFO: [ view_filter ] --START--
INFO: Run Behavior\WriteHtmlCacheBehavior [ RunTime:0.000573s ]
INFO: [ view_filter ] --END-- [ RunTime:0.000598s ]
INFO: [ app_end ] --START--
INFO: Run Behavior\ShowPageTraceBehavior [ RunTime:0.001067s ]
INFO: [ app_end ] --END-- [ RunTime:0.001117s ]

[ 2016-07-09T00:30:29+08:00 ] 127.0.0.1 /admin.php?c=menu
INFO: [ app_init ] --START--
INFO: Run Behavior\BuildLiteBehavior [ RunTime:0.000010s ]
INFO: [ app_init ] --END-- [ RunTime:0.000373s ]
INFO: [ app_begin ] --START--
INFO: Run Behavior\ReadHtmlCacheBehavior [ RunTime:0.000692s ]
INFO: [ app_begin ] --END-- [ RunTime:0.000726s ]
NOTIC: [2048] Declaration of Common\Model\MenuModel::find() should be compatible with Think\Model::find($options = Array) D:\web\takahashi\Application\Common\Model\MenuModel.class.php 第 13 行.
SQL: SHOW COLUMNS FROM `menu` [ RunTime:0.0007s ]
SQL: SELECT * FROM `menu` WHERE `status` <> -1 ORDER BY menu_id desc LIMIT 0,10   [ RunTime:0.0004s ]
SQL: SELECT COUNT(*) AS tp_count FROM `menu` WHERE `status` <> -1 LIMIT 1   [ RunTime:0.0002s ]
INFO: [ view_parse ] --START--
INFO: [ template_filter ] --START--
INFO: Run Behavior\ContentReplaceBehavior [ RunTime:0.000061s ]
INFO: [ template_filter ] --END-- [ RunTime:0.000114s ]
NOTIC: [8] Undefined variable: nav D:\web\takahashi\Application\Runtime\Cache\Admin\b956215329b6f9aca22277599a4efdfc.php 第 100 行.
NOTIC: [8] Undefined variable: type D:\web\takahashi\Application\Runtime\Cache\Admin\b956215329b6f9aca22277599a4efdfc.php 第 114 行.
NOTIC: [8] Undefined variable: type D:\web\takahashi\Application\Runtime\Cache\Admin\b956215329b6f9aca22277599a4efdfc.php 第 115 行.
INFO: Run Behavior\ParseTemplateBehavior [ RunTime:0.010907s ]
INFO: [ view_parse ] --END-- [ RunTime:0.010948s ]
INFO: [ view_filter ] --START--
INFO: Run Behavior\WriteHtmlCacheBehavior [ RunTime:0.000658s ]
INFO: [ view_filter ] --END-- [ RunTime:0.000687s ]
INFO: [ app_end ] --START--
INFO: Run Behavior\ShowPageTraceBehavior [ RunTime:0.001204s ]
INFO: [ app_end ] --END-- [ RunTime:0.001277s ]

[ 2016-07-09T00:30:32+08:00 ] 127.0.0.1 /admin.php?c=menu&a=setStatus
INFO: [ app_init ] --START--
INFO: Run Behavior\BuildLiteBehavior [ RunTime:0.000009s ]
INFO: [ app_init ] --END-- [ RunTime:0.000349s ]
INFO: [ app_begin ] --START--
INFO: Run Behavior\ReadHtmlCacheBehavior [ RunTime:0.000681s ]
INFO: [ app_begin ] --END-- [ RunTime:0.000713s ]
ERR: 非法操作:setStatus

[ 2016-07-09T01:01:44+08:00 ] 127.0.0.1 /admin.php?c=menu&a=index
INFO: [ app_init ] --START--
INFO: Run Behavior\BuildLiteBehavior [ RunTime:0.000008s ]
INFO: [ app_init ] --END-- [ RunTime:0.000459s ]
INFO: [ app_begin ] --START--
INFO: Run Behavior\ReadHtmlCacheBehavior [ RunTime:0.000687s ]
INFO: [ app_begin ] --END-- [ RunTime:0.000720s ]
NOTIC: [2048] Declaration of Common\Model\MenuModel::find() should be compatible with Think\Model::find($options = Array) D:\web\takahashi\Application\Common\Model\MenuModel.class.php 第 13 行.
SQL: SHOW COLUMNS FROM `menu` [ RunTime:0.0021s ]
SQL: SELECT * FROM `menu` WHERE `status` <> -1 ORDER BY menu_id desc LIMIT 0,10   [ RunTime:0.0006s ]
SQL: SELECT COUNT(*) AS tp_count FROM `menu` WHERE `status` <> -1 LIMIT 1   [ RunTime:0.0003s ]
INFO: [ view_parse ] --START--
INFO: [ template_filter ] --START--
INFO: Run Behavior\ContentReplaceBehavior [ RunTime:0.000051s ]
INFO: [ template_filter ] --END-- [ RunTime:0.000086s ]
NOTIC: [8] Undefined variable: nav D:\web\takahashi\Application\Runtime\Cache\Admin\b956215329b6f9aca22277599a4efdfc.php 第 100 行.
NOTIC: [8] Undefined variable: type D:\web\takahashi\Application\Runtime\Cache\Admin\b956215329b6f9aca22277599a4efdfc.php 第 114 行.
NOTIC: [8] Undefined variable: type D:\web\takahashi\Application\Runtime\Cache\Admin\b956215329b6f9aca22277599a4efdfc.php 第 115 行.
INFO: Run Behavior\ParseTemplateBehavior [ RunTime:0.030544s ]
INFO: [ view_parse ] --END-- [ RunTime:0.030590s ]
INFO: [ view_filter ] --START--
INFO: Run Behavior\WriteHtmlCacheBehavior [ RunTime:0.000637s ]
INFO: [ view_filter ] --END-- [ RunTime:0.000667s ]
INFO: [ app_end ] --START--
INFO: Run Behavior\ShowPageTraceBehavior [ RunTime:0.001512s ]
INFO: [ app_end ] --END-- [ RunTime:0.001598s ]

[ 2016-07-09T01:01:47+08:00 ] 127.0.0.1 /admin.php?c=menu&a=setStatus
INFO: [ app_init ] --START--
INFO: Run Behavior\BuildLiteBehavior [ RunTime:0.000010s ]
INFO: [ app_init ] --END-- [ RunTime:0.000361s ]
INFO: [ app_begin ] --START--
INFO: Run Behavior\ReadHtmlCacheBehavior [ RunTime:0.000686s ]
INFO: [ app_begin ] --END-- [ RunTime:0.000718s ]
NOTIC: [2048] Declaration of Common\Model\MenuModel::find() should be compatible with Think\Model::find($options = Array) D:\web\takahashi\Application\Common\Model\MenuModel.class.php 第 13 行.
SQL: SHOW COLUMNS FROM `menu` [ RunTime:0.0009s ]
NOTIC: 建议使用E方法替代throw_exception

[ 2016-07-09T01:02:00+08:00 ] 127.0.0.1 /admin.php?c=menu&a=index
INFO: [ app_init ] --START--
INFO: Run Behavior\BuildLiteBehavior [ RunTime:0.000016s ]
INFO: [ app_init ] --END-- [ RunTime:0.000452s ]
INFO: [ app_begin ] --START--
INFO: Run Behavior\ReadHtmlCacheBehavior [ RunTime:0.000699s ]
INFO: [ app_begin ] --END-- [ RunTime:0.000734s ]
NOTIC: [2048] Declaration of Common\Model\MenuModel::find() should be compatible with Think\Model::find($options = Array) D:\web\takahashi\Application\Common\Model\MenuModel.class.php 第 13 行.
SQL: SHOW COLUMNS FROM `menu` [ RunTime:0.0009s ]
SQL: SELECT * FROM `menu` WHERE `status` <> -1 ORDER BY menu_id desc LIMIT 0,10   [ RunTime:0.0007s ]
SQL: SELECT COUNT(*) AS tp_count FROM `menu` WHERE `status` <> -1 LIMIT 1   [ RunTime:0.0007s ]
INFO: [ view_parse ] --START--
INFO: [ template_filter ] --START--
INFO: Run Behavior\ContentReplaceBehavior [ RunTime:0.000043s ]
INFO: [ template_filter ] --END-- [ RunTime:0.000078s ]
NOTIC: [8] Undefined variable: nav D:\web\takahashi\Application\Runtime\Cache\Admin\b956215329b6f9aca22277599a4efdfc.php 第 100 行.
NOTIC: [8] Undefined variable: type D:\web\takahashi\Application\Runtime\Cache\Admin\b956215329b6f9aca22277599a4efdfc.php 第 114 行.
NOTIC: [8] Undefined variable: type D:\web\takahashi\Application\Runtime\Cache\Admin\b956215329b6f9aca22277599a4efdfc.php 第 115 行.
INFO: Run Behavior\ParseTemplateBehavior [ RunTime:0.011267s ]
INFO: [ view_parse ] --END-- [ RunTime:0.011309s ]
INFO: [ view_filter ] --START--
INFO: Run Behavior\WriteHtmlCacheBehavior [ RunTime:0.000761s ]
INFO: [ view_filter ] --END-- [ RunTime:0.000793s ]
INFO: [ app_end ] --START--
INFO: Run Behavior\ShowPageTraceBehavior [ RunTime:0.001955s ]
INFO: [ app_end ] --END-- [ RunTime:0.002099s ]

[ 2016-07-09T01:02:02+08:00 ] 127.0.0.1 /admin.php?c=menu&a=index
INFO: [ app_init ] --START--
INFO: Run Behavior\BuildLiteBehavior [ RunTime:0.000010s ]
INFO: [ app_init ] --END-- [ RunTime:0.000355s ]
INFO: [ app_begin ] --START--
INFO: Run Behavior\ReadHtmlCacheBehavior [ RunTime:0.000718s ]
INFO: [ app_begin ] --END-- [ RunTime:0.000758s ]
NOTIC: [2048] Declaration of Common\Model\MenuModel::find() should be compatible with Think\Model::find($options = Array) D:\web\takahashi\Application\Common\Model\MenuModel.class.php 第 13 行.
SQL: SHOW COLUMNS FROM `menu` [ RunTime:0.0007s ]
SQL: SELECT * FROM `menu` WHERE `status` <> -1 ORDER BY menu_id desc LIMIT 0,10   [ RunTime:0.0003s ]
SQL: SELECT COUNT(*) AS tp_count FROM `menu` WHERE `status` <> -1 LIMIT 1   [ RunTime:0.0002s ]
INFO: [ view_parse ] --START--
INFO: [ template_filter ] --START--
INFO: Run Behavior\ContentReplaceBehavior [ RunTime:0.000057s ]
INFO: [ template_filter ] --END-- [ RunTime:0.000124s ]
NOTIC: [8] Undefined variable: nav D:\web\takahashi\Application\Runtime\Cache\Admin\b956215329b6f9aca22277599a4efdfc.php 第 100 行.
NOTIC: [8] Undefined variable: type D:\web\takahashi\Application\Runtime\Cache\Admin\b956215329b6f9aca22277599a4efdfc.php 第 114 行.
NOTIC: [8] Undefined variable: type D:\web\takahashi\Application\Runtime\Cache\Admin\b956215329b6f9aca22277599a4efdfc.php 第 115 行.
INFO: Run Behavior\ParseTemplateBehavior [ RunTime:0.013602s ]
INFO: [ view_parse ] --END-- [ RunTime:0.013690s ]
INFO: [ view_filter ] --START--
INFO: Run Behavior\WriteHtmlCacheBehavior [ RunTime:0.001535s ]
INFO: [ view_filter ] --END-- [ RunTime:0.001575s ]
INFO: [ app_end ] --START--
INFO: Run Behavior\ShowPageTraceBehavior [ RunTime:0.000797s ]
INFO: [ app_end ] --END-- [ RunTime:0.000840s ]

[ 2016-07-09T01:02:06+08:00 ] 127.0.0.1 /admin.php?c=menu&a=setStatus
INFO: [ app_init ] --START--
INFO: Run Behavior\BuildLiteBehavior [ RunTime:0.000012s ]
INFO: [ app_init ] --END-- [ RunTime:0.000460s ]
INFO: [ app_begin ] --START--
INFO: Run Behavior\ReadHtmlCacheBehavior [ RunTime:0.000685s ]
INFO: [ app_begin ] --END-- [ RunTime:0.000716s ]
NOTIC: [2048] Declaration of Common\Model\MenuModel::find() should be compatible with Think\Model::find($options = Array) D:\web\takahashi\Application\Common\Model\MenuModel.class.php 第 13 行.
SQL: SHOW COLUMNS FROM `menu` [ RunTime:0.0006s ]
NOTIC: 建议使用E方法替代throw_exception

[ 2016-07-09T01:03:29+08:00 ] 127.0.0.1 /admin.php?c=menu&a=index
INFO: [ app_init ] --START--
INFO: Run Behavior\BuildLiteBehavior [ RunTime:0.000012s ]
INFO: [ app_init ] --END-- [ RunTime:0.000388s ]
INFO: [ app_begin ] --START--
INFO: Run Behavior\ReadHtmlCacheBehavior [ RunTime:0.000706s ]
INFO: [ app_begin ] --END-- [ RunTime:0.000765s ]
NOTIC: [2048] Declaration of Common\Model\MenuModel::find() should be compatible with Think\Model::find($options = Array) D:\web\takahashi\Application\Common\Model\MenuModel.class.php 第 13 行.
SQL: SHOW COLUMNS FROM `menu` [ RunTime:0.0008s ]
SQL: SELECT * FROM `menu` WHERE `status` <> -1 ORDER BY menu_id desc LIMIT 0,10   [ RunTime:0.0004s ]
SQL: SELECT COUNT(*) AS tp_count FROM `menu` WHERE `status` <> -1 LIMIT 1   [ RunTime:0.0003s ]
INFO: [ view_parse ] --START--
INFO: [ template_filter ] --START--
INFO: Run Behavior\ContentReplaceBehavior [ RunTime:0.000044s ]
INFO: [ template_filter ] --END-- [ RunTime:0.000082s ]
NOTIC: [8] Undefined variable: nav D:\web\takahashi\Application\Runtime\Cache\Admin\b956215329b6f9aca22277599a4efdfc.php 第 100 行.
NOTIC: [8] Undefined variable: type D:\web\takahashi\Application\Runtime\Cache\Admin\b956215329b6f9aca22277599a4efdfc.php 第 114 行.
NOTIC: [8] Undefined variable: type D:\web\takahashi\Application\Runtime\Cache\Admin\b956215329b6f9aca22277599a4efdfc.php 第 115 行.
INFO: Run Behavior\ParseTemplateBehavior [ RunTime:0.031563s ]
INFO: [ view_parse ] --END-- [ RunTime:0.031604s ]
INFO: [ view_filter ] --START--
INFO: Run Behavior\WriteHtmlCacheBehavior [ RunTime:0.000580s ]
INFO: [ view_filter ] --END-- [ RunTime:0.000606s ]
INFO: [ app_end ] --START--
INFO: Run Behavior\ShowPageTraceBehavior [ RunTime:0.001094s ]
INFO: [ app_end ] --END-- [ RunTime:0.001148s ]

[ 2016-07-09T01:03:31+08:00 ] 127.0.0.1 /admin.php?c=menu&a=index
INFO: [ app_init ] --START--
INFO: Run Behavior\BuildLiteBehavior [ RunTime:0.000009s ]
INFO: [ app_init ] --END-- [ RunTime:0.000348s ]
INFO: [ app_begin ] --START--
INFO: Run Behavior\ReadHtmlCacheBehavior [ RunTime:0.000672s ]
INFO: [ app_begin ] --END-- [ RunTime:0.000704s ]
NOTIC: [2048] Declaration of Common\Model\MenuModel::find() should be compatible with Think\Model::find($options = Array) D:\web\takahashi\Application\Common\Model\MenuModel.class.php 第 13 行.
SQL: SHOW COLUMNS FROM `menu` [ RunTime:0.0007s ]
SQL: SELECT * FROM `menu` WHERE `status` <> -1 ORDER BY menu_id desc LIMIT 0,10   [ RunTime:0.0004s ]
SQL: SELECT COUNT(*) AS tp_count FROM `menu` WHERE `status` <> -1 LIMIT 1   [ RunTime:0.0002s ]
INFO: [ view_parse ] --START--
INFO: [ template_filter ] --START--
INFO: Run Behavior\ContentReplaceBehavior [ RunTime:0.000048s ]
INFO: [ template_filter ] --END-- [ RunTime:0.000090s ]
NOTIC: [8] Undefined variable: nav D:\web\takahashi\Application\Runtime\Cache\Admin\b956215329b6f9aca22277599a4efdfc.php 第 100 行.
NOTIC: [8] Undefined variable: type D:\web\takahashi\Application\Runtime\Cache\Admin\b956215329b6f9aca22277599a4efdfc.php 第 114 行.
NOTIC: [8] Undefined variable: type D:\web\takahashi\Application\Runtime\Cache\Admin\b956215329b6f9aca22277599a4efdfc.php 第 115 行.
INFO: Run Behavior\ParseTemplateBehavior [ RunTime:0.010737s ]
INFO: [ view_parse ] --END-- [ RunTime:0.010773s ]
INFO: [ view_filter ] --START--
INFO: Run Behavior\WriteHtmlCacheBehavior [ RunTime:0.000586s ]
INFO: [ view_filter ] --END-- [ RunTime:0.000610s ]
INFO: [ app_end ] --START--
INFO: Run Behavior\ShowPageTraceBehavior [ RunTime:0.000759s ]
INFO: [ app_end ] --END-- [ RunTime:0.000792s ]

[ 2016-07-09T01:03:38+08:00 ] 127.0.0.1 /admin.php?c=menu&a=setStatus
INFO: [ app_init ] --START--
INFO: Run Behavior\BuildLiteBehavior [ RunTime:0.000010s ]
INFO: [ app_init ] --END-- [ RunTime:0.000357s ]
INFO: [ app_begin ] --START--
INFO: Run Behavior\ReadHtmlCacheBehavior [ RunTime:0.000685s ]
INFO: [ app_begin ] --END-- [ RunTime:0.000717s ]
NOTIC: [2048] Declaration of Common\Model\MenuModel::find() should be compatible with Think\Model::find($options = Array) D:\web\takahashi\Application\Common\Model\MenuModel.class.php 第 13 行.
SQL: SHOW COLUMNS FROM `menu` [ RunTime:0.0006s ]
SQL: UPDATE `menu` SET `status`='-1' WHERE ( menu_id=18 ) [ RunTime:0.0006s ]

[ 2016-07-09T01:04:15+08:00 ] 127.0.0.1 /admin.php?c=menu&a=setStatus
INFO: [ app_init ] --START--
INFO: Run Behavior\BuildLiteBehavior [ RunTime:0.000017s ]
INFO: [ app_init ] --END-- [ RunTime:0.001223s ]
INFO: [ app_begin ] --START--
INFO: Run Behavior\ReadHtmlCacheBehavior [ RunTime:0.001092s ]
INFO: [ app_begin ] --END-- [ RunTime:0.001155s ]
NOTIC: [2048] Declaration of Common\Model\MenuModel::find() should be compatible with Think\Model::find($options = Array) D:\web\takahashi\Application\Common\Model\MenuModel.class.php 第 13 行.
SQL: SHOW COLUMNS FROM `menu` [ RunTime:0.0011s ]
SQL: UPDATE `menu` SET `status`='-1' WHERE ( menu_id=18 ) [ RunTime:0.0004s ]

[ 2016-07-09T01:04:17+08:00 ] 127.0.0.1 /admin.php?c=menu&a=index
INFO: [ app_init ] --START--
INFO: Run Behavior\BuildLiteBehavior [ RunTime:0.000009s ]
INFO: [ app_init ] --END-- [ RunTime:0.000347s ]
INFO: [ app_begin ] --START--
INFO: Run Behavior\ReadHtmlCacheBehavior [ RunTime:0.000694s ]
INFO: [ app_begin ] --END-- [ RunTime:0.000730s ]
NOTIC: [2048] Declaration of Common\Model\MenuModel::find() should be compatible with Think\Model::find($options = Array) D:\web\takahashi\Application\Common\Model\MenuModel.class.php 第 13 行.
SQL: SHOW COLUMNS FROM `menu` [ RunTime:0.0008s ]
SQL: SELECT * FROM `menu` WHERE `status` <> -1 ORDER BY menu_id desc LIMIT 0,10   [ RunTime:0.0012s ]
SQL: SELECT COUNT(*) AS tp_count FROM `menu` WHERE `status` <> -1 LIMIT 1   [ RunTime:0.0003s ]
INFO: [ view_parse ] --START--
INFO: [ template_filter ] --START--
INFO: Run Behavior\ContentReplaceBehavior [ RunTime:0.000041s ]
INFO: [ template_filter ] --END-- [ RunTime:0.000073s ]
NOTIC: [8] Undefined variable: nav D:\web\takahashi\Application\Runtime\Cache\Admin\b956215329b6f9aca22277599a4efdfc.php 第 100 行.
NOTIC: [8] Undefined variable: type D:\web\takahashi\Application\Runtime\Cache\Admin\b956215329b6f9aca22277599a4efdfc.php 第 114 行.
NOTIC: [8] Undefined variable: type D:\web\takahashi\Application\Runtime\Cache\Admin\b956215329b6f9aca22277599a4efdfc.php 第 115 行.
INFO: Run Behavior\ParseTemplateBehavior [ RunTime:0.009405s ]
INFO: [ view_parse ] --END-- [ RunTime:0.009440s ]
INFO: [ view_filter ] --START--
INFO: Run Behavior\WriteHtmlCacheBehavior [ RunTime:0.000664s ]
INFO: [ view_filter ] --END-- [ RunTime:0.000691s ]
INFO: [ app_end ] --START--
INFO: Run Behavior\ShowPageTraceBehavior [ RunTime:0.000994s ]
INFO: [ app_end ] --END-- [ RunTime:0.001047s ]

[ 2016-07-09T01:04:20+08:00 ] 127.0.0.1 /admin.php?c=menu&a=setStatus
INFO: [ app_init ] --START--
INFO: Run Behavior\BuildLiteBehavior [ RunTime:0.000024s ]
INFO: [ app_init ] --END-- [ RunTime:0.000603s ]
INFO: [ app_begin ] --START--
INFO: Run Behavior\ReadHtmlCacheBehavior [ RunTime:0.000689s ]
INFO: [ app_begin ] --END-- [ RunTime:0.000724s ]
NOTIC: [2048] Declaration of Common\Model\MenuModel::find() should be compatible with Think\Model::find($options = Array) D:\web\takahashi\Application\Common\Model\MenuModel.class.php 第 13 行.
SQL: SHOW COLUMNS FROM `menu` [ RunTime:0.0006s ]
SQL: UPDATE `menu` SET `status`='-1' WHERE ( menu_id=17 ) [ RunTime:0.0003s ]

[ 2016-07-09T01:07:07+08:00 ] 127.0.0.1 /admin.php?c=menu&a=index
INFO: [ app_init ] --START--
INFO: Run Behavior\BuildLiteBehavior [ RunTime:0.000010s ]
INFO: [ app_init ] --END-- [ RunTime:0.000368s ]
INFO: [ app_begin ] --START--
INFO: Run Behavior\ReadHtmlCacheBehavior [ RunTime:0.000720s ]
INFO: [ app_begin ] --END-- [ RunTime:0.000760s ]
NOTIC: [2048] Declaration of Common\Model\MenuModel::find() should be compatible with Think\Model::find($options = Array) D:\web\takahashi\Application\Common\Model\MenuModel.class.php 第 13 行.
SQL: SHOW COLUMNS FROM `menu` [ RunTime:0.0011s ]
SQL: SELECT * FROM `menu` WHERE `status` <> -1 ORDER BY menu_id desc LIMIT 0,10   [ RunTime:0.0004s ]
SQL: SELECT COUNT(*) AS tp_count FROM `menu` WHERE `status` <> -1 LIMIT 1   [ RunTime:0.0002s ]
INFO: [ view_parse ] --START--
INFO: [ template_filter ] --START--
INFO: Run Behavior\ContentReplaceBehavior [ RunTime:0.000043s ]
INFO: [ template_filter ] --END-- [ RunTime:0.000073s ]
NOTIC: [8] Undefined variable: nav D:\web\takahashi\Application\Runtime\Cache\Admin\b956215329b6f9aca22277599a4efdfc.php 第 100 行.
NOTIC: [8] Undefined variable: type D:\web\takahashi\Application\Runtime\Cache\Admin\b956215329b6f9aca22277599a4efdfc.php 第 114 行.
NOTIC: [8] Undefined variable: type D:\web\takahashi\Application\Runtime\Cache\Admin\b956215329b6f9aca22277599a4efdfc.php 第 115 行.
INFO: Run Behavior\ParseTemplateBehavior [ RunTime:0.009527s ]
INFO: [ view_parse ] --END-- [ RunTime:0.009626s ]
INFO: [ view_filter ] --START--
INFO: Run Behavior\WriteHtmlCacheBehavior [ RunTime:0.001138s ]
INFO: [ view_filter ] --END-- [ RunTime:0.001193s ]
INFO: [ app_end ] --START--
INFO: Run Behavior\ShowPageTraceBehavior [ RunTime:0.001370s ]
INFO: [ app_end ] --END-- [ RunTime:0.001441s ]

[ 2016-07-09T01:07:10+08:00 ] 127.0.0.1 /admin.php?c=menu&a=setStatus
INFO: [ app_init ] --START--
INFO: Run Behavior\BuildLiteBehavior [ RunTime:0.000009s ]
INFO: [ app_init ] --END-- [ RunTime:0.000345s ]
INFO: [ app_begin ] --START--
INFO: Run Behavior\ReadHtmlCacheBehavior [ RunTime:0.000691s ]
INFO: [ app_begin ] --END-- [ RunTime:0.000722s ]
NOTIC: [2048] Declaration of Common\Model\MenuModel::find() should be compatible with Think\Model::find($options = Array) D:\web\takahashi\Application\Common\Model\MenuModel.class.php 第 13 行.
SQL: SHOW COLUMNS FROM `menu` [ RunTime:0.0006s ]
SQL: UPDATE `menu` SET `status`='-1' WHERE ( menu_id=16 ) [ RunTime:0.0003s ]

[ 2016-07-09T01:07:15+08:00 ] 127.0.0.1 /admin.php?c=menu&a=index
INFO: [ app_init ] --START--
INFO: Run Behavior\BuildLiteBehavior [ RunTime:0.000011s ]
INFO: [ app_init ] --END-- [ RunTime:0.000374s ]
INFO: [ app_begin ] --START--
INFO: Run Behavior\ReadHtmlCacheBehavior [ RunTime:0.000726s ]
INFO: [ app_begin ] --END-- [ RunTime:0.000793s ]
NOTIC: [2048] Declaration of Common\Model\MenuModel::find() should be compatible with Think\Model::find($options = Array) D:\web\takahashi\Application\Common\Model\MenuModel.class.php 第 13 行.
SQL: SHOW COLUMNS FROM `menu` [ RunTime:0.0007s ]
SQL: SELECT * FROM `menu` WHERE `status` <> -1 ORDER BY menu_id desc LIMIT 0,10   [ RunTime:0.0004s ]
SQL: SELECT COUNT(*) AS tp_count FROM `menu` WHERE `status` <> -1 LIMIT 1   [ RunTime:0.0003s ]
INFO: [ view_parse ] --START--
INFO: [ template_filter ] --START--
INFO: Run Behavior\ContentReplaceBehavior [ RunTime:0.000044s ]
INFO: [ template_filter ] --END-- [ RunTime:0.000084s ]
NOTIC: [8] Undefined variable: nav D:\web\takahashi\Application\Runtime\Cache\Admin\b956215329b6f9aca22277599a4efdfc.php 第 100 行.
NOTIC: [8] Undefined variable: type D:\web\takahashi\Application\Runtime\Cache\Admin\b956215329b6f9aca22277599a4efdfc.php 第 114 行.
NOTIC: [8] Undefined variable: type D:\web\takahashi\Application\Runtime\Cache\Admin\b956215329b6f9aca22277599a4efdfc.php 第 115 行.
INFO: Run Behavior\ParseTemplateBehavior [ RunTime:0.010057s ]
INFO: [ view_parse ] --END-- [ RunTime:0.010147s ]
INFO: [ view_filter ] --START--
INFO: Run Behavior\WriteHtmlCacheBehavior [ RunTime:0.000701s ]
INFO: [ view_filter ] --END-- [ RunTime:0.000735s ]
INFO: [ app_end ] --START--
INFO: Run Behavior\ShowPageTraceBehavior [ RunTime:0.000748s ]
INFO: [ app_end ] --END-- [ RunTime:0.000780s ]

[ 2016-07-09T01:10:56+08:00 ] 127.0.0.1 /admin.php?c=menu&a=index
INFO: [ app_init ] --START--
INFO: Run Behavior\BuildLiteBehavior [ RunTime:0.000012s ]
INFO: [ app_init ] --END-- [ RunTime:0.000637s ]
INFO: [ app_begin ] --START--
INFO: Run Behavior\ReadHtmlCacheBehavior [ RunTime:0.001200s ]
INFO: [ app_begin ] --END-- [ RunTime:0.001246s ]
NOTIC: [2048] Declaration of Common\Model\MenuModel::find() should be compatible with Think\Model::find($options = Array) D:\web\takahashi\Application\Common\Model\MenuModel.class.php 第 13 行.
SQL: SHOW COLUMNS FROM `menu` [ RunTime:0.0013s ]
SQL: SELECT * FROM `menu` WHERE `status` <> -1 ORDER BY menu_id desc LIMIT 0,10   [ RunTime:0.0010s ]
SQL: SELECT COUNT(*) AS tp_count FROM `menu` WHERE `status` <> -1 LIMIT 1   [ RunTime:0.0003s ]
INFO: [ view_parse ] --START--
INFO: [ template_filter ] --START--
INFO: Run Behavior\ContentReplaceBehavior [ RunTime:0.000078s ]
INFO: [ template_filter ] --END-- [ RunTime:0.000161s ]
NOTIC: [8] Undefined variable: nav D:\web\takahashi\Application\Runtime\Cache\Admin\b956215329b6f9aca22277599a4efdfc.php 第 100 行.
NOTIC: [8] Undefined variable: type D:\web\takahashi\Application\Runtime\Cache\Admin\b956215329b6f9aca22277599a4efdfc.php 第 114 行.
NOTIC: [8] Undefined variable: type D:\web\takahashi\Application\Runtime\Cache\Admin\b956215329b6f9aca22277599a4efdfc.php 第 115 行.
INFO: Run Behavior\ParseTemplateBehavior [ RunTime:0.014969s ]
INFO: [ view_parse ] --END-- [ RunTime:0.015032s ]
INFO: [ view_filter ] --START--
INFO: Run Behavior\WriteHtmlCacheBehavior [ RunTime:0.001051s ]
INFO: [ view_filter ] --END-- [ RunTime:0.001095s ]
INFO: [ app_end ] --START--
INFO: Run Behavior\ShowPageTraceBehavior [ RunTime:0.002459s ]
INFO: [ app_end ] --END-- [ RunTime:0.002575s ]

[ 2016-07-09T01:11:01+08:00 ] 127.0.0.1 /admin.php?c=menu&a=edit&id=13
INFO: [ app_init ] --START--
INFO: Run Behavior\BuildLiteBehavior [ RunTime:0.000012s ]
INFO: [ app_init ] --END-- [ RunTime:0.000455s ]
INFO: [ app_begin ] --START--
INFO: Run Behavior\ReadHtmlCacheBehavior [ RunTime:0.001175s ]
INFO: [ app_begin ] --END-- [ RunTime:0.001222s ]
NOTIC: [2048] Declaration of Common\Model\MenuModel::find() should be compatible with Think\Model::find($options = Array) D:\web\takahashi\Application\Common\Model\MenuModel.class.php 第 13 行.
SQL: SHOW COLUMNS FROM `menu` [ RunTime:0.0008s ]
SQL: SELECT * FROM `menu` WHERE ( menu_id=13 ) LIMIT 1   [ RunTime:0.0003s ]
INFO: [ view_parse ] --START--
INFO: [ template_filter ] --START--
INFO: Run Behavior\ContentReplaceBehavior [ RunTime:0.000050s ]
INFO: [ template_filter ] --END-- [ RunTime:0.000107s ]
INFO: Run Behavior\ParseTemplateBehavior [ RunTime:0.030116s ]
INFO: [ view_parse ] --END-- [ RunTime:0.030195s ]
INFO: [ view_filter ] --START--
INFO: Run Behavior\WriteHtmlCacheBehavior [ RunTime:0.001046s ]
INFO: [ view_filter ] --END-- [ RunTime:0.001087s ]
INFO: [ app_end ] --START--
INFO: Run Behavior\ShowPageTraceBehavior [ RunTime:0.001107s ]
INFO: [ app_end ] --END-- [ RunTime:0.001150s ]

[ 2016-07-09T01:11:04+08:00 ] 127.0.0.1 /admin.php?c=menu
INFO: [ app_init ] --START--
INFO: Run Behavior\BuildLiteBehavior [ RunTime:0.000011s ]
INFO: [ app_init ] --END-- [ RunTime:0.000453s ]
INFO: [ app_begin ] --START--
INFO: Run Behavior\ReadHtmlCacheBehavior [ RunTime:0.001156s ]
INFO: [ app_begin ] --END-- [ RunTime:0.001227s ]
NOTIC: [2048] Declaration of Common\Model\MenuModel::find() should be compatible with Think\Model::find($options = Array) D:\web\takahashi\Application\Common\Model\MenuModel.class.php 第 13 行.
SQL: SHOW COLUMNS FROM `menu` [ RunTime:0.0009s ]
SQL: SELECT * FROM `menu` WHERE `status` <> -1 ORDER BY menu_id desc LIMIT 0,10   [ RunTime:0.0009s ]
SQL: SELECT COUNT(*) AS tp_count FROM `menu` WHERE `status` <> -1 LIMIT 1   [ RunTime:0.0003s ]
INFO: [ view_parse ] --START--
INFO: [ template_filter ] --START--
INFO: Run Behavior\ContentReplaceBehavior [ RunTime:0.000053s ]
INFO: [ template_filter ] --END-- [ RunTime:0.000098s ]
NOTIC: [8] Undefined variable: nav D:\web\takahashi\Application\Runtime\Cache\Admin\b956215329b6f9aca22277599a4efdfc.php 第 100 行.
NOTIC: [8] Undefined variable: type D:\web\takahashi\Application\Runtime\Cache\Admin\b956215329b6f9aca22277599a4efdfc.php 第 114 行.
NOTIC: [8] Undefined variable: type D:\web\takahashi\Application\Runtime\Cache\Admin\b956215329b6f9aca22277599a4efdfc.php 第 115 行.
INFO: Run Behavior\ParseTemplateBehavior [ RunTime:0.012054s ]
INFO: [ view_parse ] --END-- [ RunTime:0.012116s ]
INFO: [ view_filter ] --START--
INFO: Run Behavior\WriteHtmlCacheBehavior [ RunTime:0.001523s ]
INFO: [ view_filter ] --END-- [ RunTime:0.001598s ]
INFO: [ app_end ] --START--
INFO: Run Behavior\ShowPageTraceBehavior [ RunTime:0.001280s ]
INFO: [ app_end ] --END-- [ RunTime:0.001393s ]

[ 2016-07-09T01:11:09+08:00 ] 127.0.0.1 /admin.php?c=login&a=loginout
INFO: [ app_init ] --START--
INFO: Run Behavior\BuildLiteBehavior [ RunTime:0.000015s ]
INFO: [ app_init ] --END-- [ RunTime:0.000516s ]
INFO: [ app_begin ] --START--
INFO: Run Behavior\ReadHtmlCacheBehavior [ RunTime:0.001483s ]
INFO: [ app_begin ] --END-- [ RunTime:0.001565s ]
NOTIC: [8] Undefined variable: module D:\web\takahashi\ThinkPHP\Common\functions.php 第 990 行.
NOTIC: [8] Undefined variable: var D:\web\takahashi\ThinkPHP\Common\functions.php 第 990 行.
NOTIC: [2] array_reverse() expects parameter 1 to be array, null given D:\web\takahashi\ThinkPHP\Common\functions.php 第 990 行.
NOTIC: [2] http_build_query(): Parameter 1 expected to be Array or Object.  Incorrect value given D:\web\takahashi\ThinkPHP\Common\functions.php 第 990 行.

[ 2016-07-09T01:11:09+08:00 ] 127.0.0.1 /admin.php?m=&&c=login&a=index
INFO: [ app_init ] --START--
INFO: Run Behavior\BuildLiteBehavior [ RunTime:0.000010s ]
INFO: [ app_init ] --END-- [ RunTime:0.000445s ]
INFO: [ app_begin ] --START--
INFO: Run Behavior\ReadHtmlCacheBehavior [ RunTime:0.001060s ]
INFO: [ app_begin ] --END-- [ RunTime:0.001104s ]
INFO: [ view_parse ] --START--
INFO: [ template_filter ] --START--
INFO: Run Behavior\ContentReplaceBehavior [ RunTime:0.000035s ]
INFO: [ template_filter ] --END-- [ RunTime:0.000075s ]
INFO: Run Behavior\ParseTemplateBehavior [ RunTime:0.015394s ]
INFO: [ view_parse ] --END-- [ RunTime:0.015452s ]
INFO: [ view_filter ] --START--
INFO: Run Behavior\WriteHtmlCacheBehavior [ RunTime:0.000934s ]
INFO: [ view_filter ] --END-- [ RunTime:0.000969s ]
INFO: [ app_end ] --START--
INFO: Run Behavior\ShowPageTraceBehavior [ RunTime:0.001136s ]
INFO: [ app_end ] --END-- [ RunTime:0.001177s ]

[ 2016-07-09T01:11:10+08:00 ] 127.0.0.1 /admin.php?m=&&c=login&a=index
INFO: [ app_init ] --START--
INFO: Run Behavior\BuildLiteBehavior [ RunTime:0.000018s ]
INFO: [ app_init ] --END-- [ RunTime:0.000718s ]
INFO: [ app_begin ] --START--
INFO: Run Behavior\ReadHtmlCacheBehavior [ RunTime:0.001647s ]
INFO: [ app_begin ] --END-- [ RunTime:0.001734s ]
INFO: [ view_parse ] --START--
INFO: [ template_filter ] --START--
INFO: Run Behavior\ContentReplaceBehavior [ RunTime:0.000056s ]
INFO: [ template_filter ] --END-- [ RunTime:0.000135s ]
INFO: Run Behavior\ParseTemplateBehavior [ RunTime:0.012105s ]
INFO: [ view_parse ] --END-- [ RunTime:0.012192s ]
INFO: [ view_filter ] --START--
INFO: Run Behavior\WriteHtmlCacheBehavior [ RunTime:0.001416s ]
INFO: [ view_filter ] --END-- [ RunTime:0.001485s ]
INFO: [ app_end ] --START--
INFO: Run Behavior\ShowPageTraceBehavior [ RunTime:0.001582s ]
INFO: [ app_end ] --END-- [ RunTime:0.001656s ]

[ 2016-07-09T23:30:22+08:00 ] 127.0.0.1 /admin.php?m=&&c=login&a=index
INFO: [ app_init ] --START--
INFO: Run Behavior\BuildLiteBehavior [ RunTime:0.000017s ]
INFO: [ app_init ] --END-- [ RunTime:0.010161s ]
INFO: [ app_begin ] --START--
INFO: Run Behavior\ReadHtmlCacheBehavior [ RunTime:0.011695s ]
INFO: [ app_begin ] --END-- [ RunTime:0.011762s ]
INFO: [ view_parse ] --START--
INFO: [ template_filter ] --START--
INFO: Run Behavior\ContentReplaceBehavior [ RunTime:0.000545s ]
INFO: [ template_filter ] --END-- [ RunTime:0.000610s ]
INFO: Run Behavior\ParseTemplateBehavior [ RunTime:0.088476s ]
INFO: [ view_parse ] --END-- [ RunTime:0.088557s ]
INFO: [ view_filter ] --START--
INFO: Run Behavior\WriteHtmlCacheBehavior [ RunTime:0.008245s ]
INFO: [ view_filter ] --END-- [ RunTime:0.008304s ]
INFO: [ app_end ] --START--
INFO: Run Behavior\ShowPageTraceBehavior [ RunTime:0.007625s ]
INFO: [ app_end ] --END-- [ RunTime:0.007680s ]

[ 2016-07-09T23:30:22+08:00 ] 127.0.0.1 /admin.php?m=&&c=login&a=index
INFO: [ app_init ] --START--
INFO: Run Behavior\BuildLiteBehavior [ RunTime:0.000018s ]
INFO: [ app_init ] --END-- [ RunTime:0.000508s ]
INFO: [ app_begin ] --START--
INFO: Run Behavior\ReadHtmlCacheBehavior [ RunTime:0.000989s ]
INFO: [ app_begin ] --END-- [ RunTime:0.001077s ]
INFO: [ view_parse ] --START--
INFO: [ template_filter ] --START--
INFO: Run Behavior\ContentReplaceBehavior [ RunTime:0.000114s ]
INFO: [ template_filter ] --END-- [ RunTime:0.000276s ]
INFO: Run Behavior\ParseTemplateBehavior [ RunTime:0.011022s ]
INFO: [ view_parse ] --END-- [ RunTime:0.011112s ]
INFO: [ view_filter ] --START--
INFO: Run Behavior\WriteHtmlCacheBehavior [ RunTime:0.000964s ]
INFO: [ view_filter ] --END-- [ RunTime:0.001024s ]
INFO: [ app_end ] --START--
INFO: Run Behavior\ShowPageTraceBehavior [ RunTime:0.001315s ]
INFO: [ app_end ] --END-- [ RunTime:0.001371s ]

[ 2016-07-09T23:30:30+08:00 ] 127.0.0.1 /admin.php?c=login&a=check
INFO: [ app_init ] --START--
INFO: Run Behavior\BuildLiteBehavior [ RunTime:0.000012s ]
INFO: [ app_init ] --END-- [ RunTime:0.000448s ]
INFO: [ app_begin ] --START--
INFO: Run Behavior\ReadHtmlCacheBehavior [ RunTime:0.000873s ]
INFO: [ app_begin ] --END-- [ RunTime:0.000914s ]
SQL: SHOW COLUMNS FROM `admin` [ RunTime:0.0479s ]
SQL: SELECT * FROM `admin` WHERE ( username="woya" ) LIMIT 1   [ RunTime:0.0039s ]

[ 2016-07-09T23:30:31+08:00 ] 127.0.0.1 /admin.php?c=index&a=index
INFO: [ app_init ] --START--
INFO: Run Behavior\BuildLiteBehavior [ RunTime:0.000012s ]
INFO: [ app_init ] --END-- [ RunTime:0.000453s ]
INFO: [ app_begin ] --START--
INFO: Run Behavior\ReadHtmlCacheBehavior [ RunTime:0.000886s ]
INFO: [ app_begin ] --END-- [ RunTime:0.000931s ]
INFO: [ view_parse ] --START--
INFO: [ template_filter ] --START--
INFO: Run Behavior\ContentReplaceBehavior [ RunTime:0.000052s ]
INFO: [ template_filter ] --END-- [ RunTime:0.000104s ]
INFO: Run Behavior\ParseTemplateBehavior [ RunTime:0.044915s ]
INFO: [ view_parse ] --END-- [ RunTime:0.044982s ]
INFO: [ view_filter ] --START--
INFO: Run Behavior\WriteHtmlCacheBehavior [ RunTime:0.000825s ]
INFO: [ view_filter ] --END-- [ RunTime:0.000864s ]
INFO: [ app_end ] --START--
INFO: Run Behavior\ShowPageTraceBehavior [ RunTime:0.001410s ]
INFO: [ app_end ] --END-- [ RunTime:0.001507s ]

[ 2016-07-09T23:30:32+08:00 ] 127.0.0.1 /admin.php?c=menu&a=index
INFO: [ app_init ] --START--
INFO: Run Behavior\BuildLiteBehavior [ RunTime:0.000012s ]
INFO: [ app_init ] --END-- [ RunTime:0.000458s ]
INFO: [ app_begin ] --START--
INFO: Run Behavior\ReadHtmlCacheBehavior [ RunTime:0.000881s ]
INFO: [ app_begin ] --END-- [ RunTime:0.000926s ]
NOTIC: [2048] Declaration of Common\Model\MenuModel::find() should be compatible with Think\Model::find($options = Array) D:\web\takahashi\Application\Common\Model\MenuModel.class.php 第 13 行.
SQL: SHOW COLUMNS FROM `menu` [ RunTime:0.0115s ]
SQL: SELECT * FROM `menu` WHERE `status` <> -1 ORDER BY menu_id desc LIMIT 0,10   [ RunTime:0.0019s ]
SQL: SELECT COUNT(*) AS tp_count FROM `menu` WHERE `status` <> -1 LIMIT 1   [ RunTime:0.0022s ]
INFO: [ view_parse ] --START--
INFO: [ template_filter ] --START--
INFO: Run Behavior\ContentReplaceBehavior [ RunTime:0.000053s ]
INFO: [ template_filter ] --END-- [ RunTime:0.000098s ]
NOTIC: [8] Undefined variable: nav D:\web\takahashi\Application\Runtime\Cache\Admin\b956215329b6f9aca22277599a4efdfc.php 第 100 行.
NOTIC: [8] Undefined variable: type D:\web\takahashi\Application\Runtime\Cache\Admin\b956215329b6f9aca22277599a4efdfc.php 第 114 行.
NOTIC: [8] Undefined variable: type D:\web\takahashi\Application\Runtime\Cache\Admin\b956215329b6f9aca22277599a4efdfc.php 第 115 行.
INFO: Run Behavior\ParseTemplateBehavior [ RunTime:0.061296s ]
INFO: [ view_parse ] --END-- [ RunTime:0.061348s ]
INFO: [ view_filter ] --START--
INFO: Run Behavior\WriteHtmlCacheBehavior [ RunTime:0.000747s ]
INFO: [ view_filter ] --END-- [ RunTime:0.000781s ]
INFO: [ app_end ] --START--
INFO: Run Behavior\ShowPageTraceBehavior [ RunTime:0.000929s ]
INFO: [ app_end ] --END-- [ RunTime:0.000971s ]

[ 2016-07-09T23:30:50+08:00 ] 127.0.0.1 /admin.php?c=menu&a=index
INFO: [ app_init ] --START--
INFO: Run Behavior\BuildLiteBehavior [ RunTime:0.000013s ]
INFO: [ app_init ] --END-- [ RunTime:0.000655s ]
INFO: [ app_begin ] --START--
INFO: Run Behavior\ReadHtmlCacheBehavior [ RunTime:0.000921s ]
INFO: [ app_begin ] --END-- [ RunTime:0.000966s ]
NOTIC: [2048] Declaration of Common\Model\MenuModel::find() should be compatible with Think\Model::find($options = Array) D:\web\takahashi\Application\Common\Model\MenuModel.class.php 第 13 行.
SQL: SHOW COLUMNS FROM `menu` [ RunTime:0.0034s ]
SQL: SELECT * FROM `menu` WHERE `status` <> -1 ORDER BY menu_id desc LIMIT 0,10   [ RunTime:0.0007s ]
SQL: SELECT COUNT(*) AS tp_count FROM `menu` WHERE `status` <> -1 LIMIT 1   [ RunTime:0.0004s ]
INFO: [ view_parse ] --START--
INFO: [ template_filter ] --START--
INFO: Run Behavior\ContentReplaceBehavior [ RunTime:0.000206s ]
INFO: [ template_filter ] --END-- [ RunTime:0.000253s ]
NOTIC: [8] Undefined variable: nav D:\web\takahashi\Application\Runtime\Cache\Admin\b956215329b6f9aca22277599a4efdfc.php 第 100 行.
NOTIC: [8] Undefined variable: type D:\web\takahashi\Application\Runtime\Cache\Admin\b956215329b6f9aca22277599a4efdfc.php 第 114 行.
NOTIC: [8] Undefined variable: type D:\web\takahashi\Application\Runtime\Cache\Admin\b956215329b6f9aca22277599a4efdfc.php 第 115 行.
INFO: Run Behavior\ParseTemplateBehavior [ RunTime:0.012921s ]
INFO: [ view_parse ] --END-- [ RunTime:0.012965s ]
INFO: [ view_filter ] --START--
INFO: Run Behavior\WriteHtmlCacheBehavior [ RunTime:0.000734s ]
INFO: [ view_filter ] --END-- [ RunTime:0.000766s ]
INFO: [ app_end ] --START--
INFO: Run Behavior\ShowPageTraceBehavior [ RunTime:0.001241s ]
INFO: [ app_end ] --END-- [ RunTime:0.001292s ]

[ 2016-07-09T23:30:54+08:00 ] 127.0.0.1 /admin.php?c=menu&a=index
INFO: [ app_init ] --START--
INFO: Run Behavior\BuildLiteBehavior [ RunTime:0.000011s ]
INFO: [ app_init ] --END-- [ RunTime:0.000477s ]
INFO: [ app_begin ] --START--
INFO: Run Behavior\ReadHtmlCacheBehavior [ RunTime:0.000904s ]
INFO: [ app_begin ] --END-- [ RunTime:0.000952s ]
NOTIC: [2048] Declaration of Common\Model\MenuModel::find() should be compatible with Think\Model::find($options = Array) D:\web\takahashi\Application\Common\Model\MenuModel.class.php 第 13 行.
SQL: SHOW COLUMNS FROM `menu` [ RunTime:0.0010s ]
SQL: SELECT * FROM `menu` WHERE `status` <> -1 ORDER BY menu_id desc LIMIT 0,10   [ RunTime:0.0005s ]
SQL: SELECT COUNT(*) AS tp_count FROM `menu` WHERE `status` <> -1 LIMIT 1   [ RunTime:0.0004s ]
INFO: [ view_parse ] --START--
INFO: [ template_filter ] --START--
INFO: Run Behavior\ContentReplaceBehavior [ RunTime:0.000052s ]
INFO: [ template_filter ] --END-- [ RunTime:0.000095s ]
NOTIC: [8] Undefined variable: nav D:\web\takahashi\Application\Runtime\Cache\Admin\b956215329b6f9aca22277599a4efdfc.php 第 100 行.
NOTIC: [8] Undefined variable: type D:\web\takahashi\Application\Runtime\Cache\Admin\b956215329b6f9aca22277599a4efdfc.php 第 114 行.
NOTIC: [8] Undefined variable: type D:\web\takahashi\Application\Runtime\Cache\Admin\b956215329b6f9aca22277599a4efdfc.php 第 115 行.
INFO: Run Behavior\ParseTemplateBehavior [ RunTime:0.035349s ]
INFO: [ view_parse ] --END-- [ RunTime:0.035409s ]
INFO: [ view_filter ] --START--
INFO: Run Behavior\WriteHtmlCacheBehavior [ RunTime:0.000754s ]
INFO: [ view_filter ] --END-- [ RunTime:0.000789s ]
INFO: [ app_end ] --START--
INFO: Run Behavior\ShowPageTraceBehavior [ RunTime:0.001215s ]
INFO: [ app_end ] --END-- [ RunTime:0.001264s ]

[ 2016-07-09T23:33:42+08:00 ] 127.0.0.1 /admin.php?c=menu&a=index
INFO: [ app_init ] --START--
INFO: Run Behavior\BuildLiteBehavior [ RunTime:0.000012s ]
INFO: [ app_init ] --END-- [ RunTime:0.000453s ]
INFO: [ app_begin ] --START--
INFO: Run Behavior\ReadHtmlCacheBehavior [ RunTime:0.000903s ]
INFO: [ app_begin ] --END-- [ RunTime:0.000950s ]
NOTIC: [2048] Declaration of Common\Model\MenuModel::find() should be compatible with Think\Model::find($options = Array) D:\web\takahashi\Application\Common\Model\MenuModel.class.php 第 13 行.
SQL: SHOW COLUMNS FROM `menu` [ RunTime:0.0012s ]
SQL: SELECT * FROM `menu` WHERE `status` <> -1 ORDER BY menu_id desc LIMIT 0,10   [ RunTime:0.0006s ]
SQL: SELECT COUNT(*) AS tp_count FROM `menu` WHERE `status` <> -1 LIMIT 1   [ RunTime:0.0004s ]
INFO: [ view_parse ] --START--
INFO: [ template_filter ] --START--
INFO: Run Behavior\ContentReplaceBehavior [ RunTime:0.000059s ]
INFO: [ template_filter ] --END-- [ RunTime:0.000111s ]
NOTIC: [8] Undefined variable: nav D:\web\takahashi\Application\Runtime\Cache\Admin\b956215329b6f9aca22277599a4efdfc.php 第 100 行.
NOTIC: [8] Undefined variable: type D:\web\takahashi\Application\Runtime\Cache\Admin\b956215329b6f9aca22277599a4efdfc.php 第 114 行.
NOTIC: [8] Undefined variable: type D:\web\takahashi\Application\Runtime\Cache\Admin\b956215329b6f9aca22277599a4efdfc.php 第 115 行.
INFO: Run Behavior\ParseTemplateBehavior [ RunTime:0.042509s ]
INFO: [ view_parse ] --END-- [ RunTime:0.042557s ]
INFO: [ view_filter ] --START--
INFO: Run Behavior\WriteHtmlCacheBehavior [ RunTime:0.000770s ]
INFO: [ view_filter ] --END-- [ RunTime:0.000813s ]
INFO: [ app_end ] --START--
INFO: Run Behavior\ShowPageTraceBehavior [ RunTime:0.001530s ]
INFO: [ app_end ] --END-- [ RunTime:0.001603s ]

