[ 2016-07-16T08:49:06+08:00 ] 127.0.0.1 /admin.php?c=index&a=index
INFO: [ app_init ] --START--
INFO: Run Behavior\BuildLiteBehavior [ RunTime:0.000016s ]
INFO: [ app_init ] --END-- [ RunTime:0.001344s ]
INFO: [ app_begin ] --START--
INFO: Run Behavior\ReadHtmlCacheBehavior [ RunTime:0.001987s ]
INFO: [ app_begin ] --END-- [ RunTime:0.002044s ]
NOTIC: [8] Undefined variable: module D:\web\takahashi\ThinkPHP\Common\functions.php 第 990 行.
NOTIC: [8] Undefined variable: var D:\web\takahashi\ThinkPHP\Common\functions.php 第 990 行.
NOTIC: [2] array_reverse() expects parameter 1 to be array, null given D:\web\takahashi\ThinkPHP\Common\functions.php 第 990 行.
NOTIC: [2] http_build_query(): Parameter 1 expected to be Array or Object.  Incorrect value given D:\web\takahashi\ThinkPHP\Common\functions.php 第 990 行.

[ 2016-07-16T08:49:06+08:00 ] 127.0.0.1 /admin.php?m=&&c=login&a=index
INFO: [ app_init ] --START--
INFO: Run Behavior\BuildLiteBehavior [ RunTime:0.000020s ]
INFO: [ app_init ] --END-- [ RunTime:0.000668s ]
INFO: [ app_begin ] --START--
INFO: Run Behavior\ReadHtmlCacheBehavior [ RunTime:0.001118s ]
INFO: [ app_begin ] --END-- [ RunTime:0.001166s ]
INFO: [ view_parse ] --START--
INFO: [ template_filter ] --START--
INFO: Run Behavior\ContentReplaceBehavior [ RunTime:0.000041s ]
INFO: [ template_filter ] --END-- [ RunTime:0.000099s ]
INFO: Run Behavior\ParseTemplateBehavior [ RunTime:0.082179s ]
INFO: [ view_parse ] --END-- [ RunTime:0.082241s ]
INFO: [ view_filter ] --START--
INFO: Run Behavior\WriteHtmlCacheBehavior [ RunTime:0.001870s ]
INFO: [ view_filter ] --END-- [ RunTime:0.001920s ]
INFO: [ app_end ] --START--
INFO: Run Behavior\ShowPageTraceBehavior [ RunTime:0.001840s ]
INFO: [ app_end ] --END-- [ RunTime:0.001885s ]

[ 2016-07-16T08:49:06+08:00 ] 127.0.0.1 /admin.php?m=&&c=login&a=index
INFO: [ app_init ] --START--
INFO: Run Behavior\BuildLiteBehavior [ RunTime:0.000014s ]
INFO: [ app_init ] --END-- [ RunTime:0.000463s ]
INFO: [ app_begin ] --START--
INFO: Run Behavior\ReadHtmlCacheBehavior [ RunTime:0.000692s ]
INFO: [ app_begin ] --END-- [ RunTime:0.000735s ]
INFO: [ view_parse ] --START--
INFO: [ template_filter ] --START--
INFO: Run Behavior\ContentReplaceBehavior [ RunTime:0.000038s ]
INFO: [ template_filter ] --END-- [ RunTime:0.000088s ]
INFO: Run Behavior\ParseTemplateBehavior [ RunTime:0.008541s ]
INFO: [ view_parse ] --END-- [ RunTime:0.008586s ]
INFO: [ view_filter ] --START--
INFO: Run Behavior\WriteHtmlCacheBehavior [ RunTime:0.000457s ]
INFO: [ view_filter ] --END-- [ RunTime:0.000491s ]
INFO: [ app_end ] --START--
INFO: Run Behavior\ShowPageTraceBehavior [ RunTime:0.000631s ]
INFO: [ app_end ] --END-- [ RunTime:0.000670s ]

[ 2016-07-16T08:49:20+08:00 ] 127.0.0.1 /admin.php?c=login&a=check
INFO: [ app_init ] --START--
INFO: Run Behavior\BuildLiteBehavior [ RunTime:0.000012s ]
INFO: [ app_init ] --END-- [ RunTime:0.000461s ]
INFO: [ app_begin ] --START--
INFO: Run Behavior\ReadHtmlCacheBehavior [ RunTime:0.000423s ]
INFO: [ app_begin ] --END-- [ RunTime:0.000462s ]
SQL: SHOW COLUMNS FROM `admin` [ RunTime:0.0115s ]
SQL: SELECT * FROM `admin` WHERE ( username="woya" ) LIMIT 1   [ RunTime:0.0004s ]

[ 2016-07-16T08:49:22+08:00 ] 127.0.0.1 /admin.php?c=login&a=check
INFO: [ app_init ] --START--
INFO: Run Behavior\BuildLiteBehavior [ RunTime:0.000010s ]
INFO: [ app_init ] --END-- [ RunTime:0.000339s ]
INFO: [ app_begin ] --START--
INFO: Run Behavior\ReadHtmlCacheBehavior [ RunTime:0.000418s ]
INFO: [ app_begin ] --END-- [ RunTime:0.000457s ]
SQL: SHOW COLUMNS FROM `admin` [ RunTime:0.0010s ]
SQL: SELECT * FROM `admin` WHERE ( username="woya" ) LIMIT 1   [ RunTime:0.0003s ]

[ 2016-07-16T08:49:25+08:00 ] 127.0.0.1 /admin.php?c=login&a=check
INFO: [ app_init ] --START--
INFO: Run Behavior\BuildLiteBehavior [ RunTime:0.000011s ]
INFO: [ app_init ] --END-- [ RunTime:0.000347s ]
INFO: [ app_begin ] --START--
INFO: Run Behavior\ReadHtmlCacheBehavior [ RunTime:0.000412s ]
INFO: [ app_begin ] --END-- [ RunTime:0.000449s ]
SQL: SHOW COLUMNS FROM `admin` [ RunTime:0.0010s ]
SQL: SELECT * FROM `admin` WHERE ( username="woya" ) LIMIT 1   [ RunTime:0.0003s ]

[ 2016-07-16T08:49:27+08:00 ] 127.0.0.1 /admin.php?m=&&c=login&a=index
INFO: [ app_init ] --START--
INFO: Run Behavior\BuildLiteBehavior [ RunTime:0.000012s ]
INFO: [ app_init ] --END-- [ RunTime:0.000348s ]
INFO: [ app_begin ] --START--
INFO: Run Behavior\ReadHtmlCacheBehavior [ RunTime:0.000415s ]
INFO: [ app_begin ] --END-- [ RunTime:0.000458s ]
INFO: [ view_parse ] --START--
INFO: [ template_filter ] --START--
INFO: Run Behavior\ContentReplaceBehavior [ RunTime:0.000054s ]
INFO: [ template_filter ] --END-- [ RunTime:0.000092s ]
INFO: Run Behavior\ParseTemplateBehavior [ RunTime:0.004648s ]
INFO: [ view_parse ] --END-- [ RunTime:0.004690s ]
INFO: [ view_filter ] --START--
INFO: Run Behavior\WriteHtmlCacheBehavior [ RunTime:0.000314s ]
INFO: [ view_filter ] --END-- [ RunTime:0.000359s ]
INFO: [ app_end ] --START--
INFO: Run Behavior\ShowPageTraceBehavior [ RunTime:0.000699s ]
INFO: [ app_end ] --END-- [ RunTime:0.000776s ]

[ 2016-07-16T08:49:27+08:00 ] 127.0.0.1 /admin.php?m=&&c=login&a=index
INFO: [ app_init ] --START--
INFO: Run Behavior\BuildLiteBehavior [ RunTime:0.000012s ]
INFO: [ app_init ] --END-- [ RunTime:0.000437s ]
INFO: [ app_begin ] --START--
INFO: Run Behavior\ReadHtmlCacheBehavior [ RunTime:0.000696s ]
INFO: [ app_begin ] --END-- [ RunTime:0.000740s ]
INFO: [ view_parse ] --START--
INFO: [ template_filter ] --START--
INFO: Run Behavior\ContentReplaceBehavior [ RunTime:0.000131s ]
INFO: [ template_filter ] --END-- [ RunTime:0.000212s ]
INFO: Run Behavior\ParseTemplateBehavior [ RunTime:0.009711s ]
INFO: [ view_parse ] --END-- [ RunTime:0.009768s ]
INFO: [ view_filter ] --START--
INFO: Run Behavior\WriteHtmlCacheBehavior [ RunTime:0.000478s ]
INFO: [ view_filter ] --END-- [ RunTime:0.000512s ]
INFO: [ app_end ] --START--
INFO: Run Behavior\ShowPageTraceBehavior [ RunTime:0.000627s ]
INFO: [ app_end ] --END-- [ RunTime:0.000666s ]

[ 2016-07-16T08:49:32+08:00 ] 127.0.0.1 /admin.php?c=login&a=check
INFO: [ app_init ] --START--
INFO: Run Behavior\BuildLiteBehavior [ RunTime:0.000012s ]
INFO: [ app_init ] --END-- [ RunTime:0.000362s ]
INFO: [ app_begin ] --START--
INFO: Run Behavior\ReadHtmlCacheBehavior [ RunTime:0.000413s ]
INFO: [ app_begin ] --END-- [ RunTime:0.000451s ]
SQL: SHOW COLUMNS FROM `admin` [ RunTime:0.0010s ]
SQL: SELECT * FROM `admin` WHERE ( username="woya" ) LIMIT 1   [ RunTime:0.0003s ]

[ 2016-07-16T08:49:34+08:00 ] 127.0.0.1 /admin.php?c=index&a=index
INFO: [ app_init ] --START--
INFO: Run Behavior\BuildLiteBehavior [ RunTime:0.000012s ]
INFO: [ app_init ] --END-- [ RunTime:0.000343s ]
INFO: [ app_begin ] --START--
INFO: Run Behavior\ReadHtmlCacheBehavior [ RunTime:0.000411s ]
INFO: [ app_begin ] --END-- [ RunTime:0.000452s ]
INFO: [ view_parse ] --START--
INFO: [ template_filter ] --START--
INFO: Run Behavior\ContentReplaceBehavior [ RunTime:0.000051s ]
INFO: [ template_filter ] --END-- [ RunTime:0.000103s ]
NOTIC: [2048] Declaration of Common\Model\MenuModel::find() should be compatible with Think\Model::find($options = Array) D:\web\takahashi\Application\Common\Model\MenuModel.class.php 第 13 行.
SQL: SHOW COLUMNS FROM `menu` [ RunTime:0.0099s ]
SQL: SELECT * FROM `menu` WHERE `status` <> -1 AND `type` = 1 ORDER BY listorder desc,menu_id desc  [ RunTime:0.0005s ]
NOTIC: [8] Undefined index: a D:\web\takahashi\Application\Common\Common\function.php 第 38 行.
NOTIC: [8] Undefined index: a D:\web\takahashi\Application\Common\Common\function.php 第 38 行.
NOTIC: [8] Undefined index: a D:\web\takahashi\Application\Common\Common\function.php 第 38 行.
NOTIC: [8] Undefined index: a D:\web\takahashi\Application\Common\Common\function.php 第 38 行.
NOTIC: [8] Undefined index: a D:\web\takahashi\Application\Common\Common\function.php 第 38 行.
NOTIC: [8] Undefined index: a D:\web\takahashi\Application\Common\Common\function.php 第 38 行.
INFO: Run Behavior\ParseTemplateBehavior [ RunTime:0.073070s ]
INFO: [ view_parse ] --END-- [ RunTime:0.073121s ]
INFO: [ view_filter ] --START--
INFO: Run Behavior\WriteHtmlCacheBehavior [ RunTime:0.000318s ]
INFO: [ view_filter ] --END-- [ RunTime:0.000349s ]
INFO: [ app_end ] --START--
INFO: Run Behavior\ShowPageTraceBehavior [ RunTime:0.000448s ]
INFO: [ app_end ] --END-- [ RunTime:0.000488s ]

[ 2016-07-16T08:49:38+08:00 ] 127.0.0.1 /admin.php?c=index&a=index
INFO: [ app_init ] --START--
INFO: Run Behavior\BuildLiteBehavior [ RunTime:0.000011s ]
INFO: [ app_init ] --END-- [ RunTime:0.000346s ]
INFO: [ app_begin ] --START--
INFO: Run Behavior\ReadHtmlCacheBehavior [ RunTime:0.000485s ]
INFO: [ app_begin ] --END-- [ RunTime:0.000551s ]
INFO: [ view_parse ] --START--
INFO: [ template_filter ] --START--
INFO: Run Behavior\ContentReplaceBehavior [ RunTime:0.000048s ]
INFO: [ template_filter ] --END-- [ RunTime:0.000083s ]
NOTIC: [2048] Declaration of Common\Model\MenuModel::find() should be compatible with Think\Model::find($options = Array) D:\web\takahashi\Application\Common\Model\MenuModel.class.php 第 13 行.
SQL: SHOW COLUMNS FROM `menu` [ RunTime:0.0010s ]
SQL: SELECT * FROM `menu` WHERE `status` <> -1 AND `type` = 1 ORDER BY listorder desc,menu_id desc  [ RunTime:0.0004s ]
NOTIC: [8] Undefined index: a D:\web\takahashi\Application\Common\Common\function.php 第 38 行.
NOTIC: [8] Undefined index: a D:\web\takahashi\Application\Common\Common\function.php 第 38 行.
NOTIC: [8] Undefined index: a D:\web\takahashi\Application\Common\Common\function.php 第 38 行.
NOTIC: [8] Undefined index: a D:\web\takahashi\Application\Common\Common\function.php 第 38 行.
NOTIC: [8] Undefined index: a D:\web\takahashi\Application\Common\Common\function.php 第 38 行.
NOTIC: [8] Undefined index: a D:\web\takahashi\Application\Common\Common\function.php 第 38 行.
INFO: Run Behavior\ParseTemplateBehavior [ RunTime:0.018310s ]
INFO: [ view_parse ] --END-- [ RunTime:0.018346s ]
INFO: [ view_filter ] --START--
INFO: Run Behavior\WriteHtmlCacheBehavior [ RunTime:0.000310s ]
INFO: [ view_filter ] --END-- [ RunTime:0.000342s ]
INFO: [ app_end ] --START--
INFO: Run Behavior\ShowPageTraceBehavior [ RunTime:0.000498s ]
INFO: [ app_end ] --END-- [ RunTime:0.000538s ]

[ 2016-07-16T08:49:42+08:00 ] 127.0.0.1 /admin.php?c=index&a=index
INFO: [ app_init ] --START--
INFO: Run Behavior\BuildLiteBehavior [ RunTime:0.000011s ]
INFO: [ app_init ] --END-- [ RunTime:0.000343s ]
INFO: [ app_begin ] --START--
INFO: Run Behavior\ReadHtmlCacheBehavior [ RunTime:0.000414s ]
INFO: [ app_begin ] --END-- [ RunTime:0.000457s ]
INFO: [ view_parse ] --START--
INFO: [ template_filter ] --START--
INFO: Run Behavior\ContentReplaceBehavior [ RunTime:0.000051s ]
INFO: [ template_filter ] --END-- [ RunTime:0.000097s ]
NOTIC: [2048] Declaration of Common\Model\MenuModel::find() should be compatible with Think\Model::find($options = Array) D:\web\takahashi\Application\Common\Model\MenuModel.class.php 第 13 行.
SQL: SHOW COLUMNS FROM `menu` [ RunTime:0.0009s ]
SQL: SELECT * FROM `menu` WHERE `status` <> -1 AND `type` = 1 ORDER BY listorder desc,menu_id desc  [ RunTime:0.0003s ]
NOTIC: [8] Undefined index: a D:\web\takahashi\Application\Common\Common\function.php 第 38 行.
NOTIC: [8] Undefined index: a D:\web\takahashi\Application\Common\Common\function.php 第 38 行.
NOTIC: [8] Undefined index: a D:\web\takahashi\Application\Common\Common\function.php 第 38 行.
NOTIC: [8] Undefined index: a D:\web\takahashi\Application\Common\Common\function.php 第 38 行.
NOTIC: [8] Undefined index: a D:\web\takahashi\Application\Common\Common\function.php 第 38 行.
NOTIC: [8] Undefined index: a D:\web\takahashi\Application\Common\Common\function.php 第 38 行.
INFO: Run Behavior\ParseTemplateBehavior [ RunTime:0.026715s ]
INFO: [ view_parse ] --END-- [ RunTime:0.026749s ]
INFO: [ view_filter ] --START--
INFO: Run Behavior\WriteHtmlCacheBehavior [ RunTime:0.000311s ]
INFO: [ view_filter ] --END-- [ RunTime:0.000341s ]
INFO: [ app_end ] --START--
INFO: Run Behavior\ShowPageTraceBehavior [ RunTime:0.000452s ]
INFO: [ app_end ] --END-- [ RunTime:0.000492s ]

[ 2016-07-16T08:49:44+08:00 ] 127.0.0.1 /admin.php?c=login&a=loginout
INFO: [ app_init ] --START--
INFO: Run Behavior\BuildLiteBehavior [ RunTime:0.000012s ]
INFO: [ app_init ] --END-- [ RunTime:0.000355s ]
INFO: [ app_begin ] --START--
INFO: Run Behavior\ReadHtmlCacheBehavior [ RunTime:0.000415s ]
INFO: [ app_begin ] --END-- [ RunTime:0.000458s ]
NOTIC: [8] Undefined variable: module D:\web\takahashi\ThinkPHP\Common\functions.php 第 990 行.
NOTIC: [8] Undefined variable: var D:\web\takahashi\ThinkPHP\Common\functions.php 第 990 行.
NOTIC: [2] array_reverse() expects parameter 1 to be array, null given D:\web\takahashi\ThinkPHP\Common\functions.php 第 990 行.
NOTIC: [2] http_build_query(): Parameter 1 expected to be Array or Object.  Incorrect value given D:\web\takahashi\ThinkPHP\Common\functions.php 第 990 行.

[ 2016-07-16T08:49:44+08:00 ] 127.0.0.1 /admin.php?m=&&c=login&a=index
INFO: [ app_init ] --START--
INFO: Run Behavior\BuildLiteBehavior [ RunTime:0.000012s ]
INFO: [ app_init ] --END-- [ RunTime:0.000357s ]
INFO: [ app_begin ] --START--
INFO: Run Behavior\ReadHtmlCacheBehavior [ RunTime:0.000420s ]
INFO: [ app_begin ] --END-- [ RunTime:0.000463s ]
INFO: [ view_parse ] --START--
INFO: [ template_filter ] --START--
INFO: Run Behavior\ContentReplaceBehavior [ RunTime:0.000034s ]
INFO: [ template_filter ] --END-- [ RunTime:0.000076s ]
INFO: Run Behavior\ParseTemplateBehavior [ RunTime:0.004786s ]
INFO: [ view_parse ] --END-- [ RunTime:0.004828s ]
INFO: [ view_filter ] --START--
INFO: Run Behavior\WriteHtmlCacheBehavior [ RunTime:0.000245s ]
INFO: [ view_filter ] --END-- [ RunTime:0.000279s ]
INFO: [ app_end ] --START--
INFO: Run Behavior\ShowPageTraceBehavior [ RunTime:0.000435s ]
INFO: [ app_end ] --END-- [ RunTime:0.000471s ]

[ 2016-07-16T08:49:44+08:00 ] 127.0.0.1 /admin.php?m=&&c=login&a=index
INFO: [ app_init ] --START--
INFO: Run Behavior\BuildLiteBehavior [ RunTime:0.000012s ]
INFO: [ app_init ] --END-- [ RunTime:0.000358s ]
INFO: [ app_begin ] --START--
INFO: Run Behavior\ReadHtmlCacheBehavior [ RunTime:0.000421s ]
INFO: [ app_begin ] --END-- [ RunTime:0.000463s ]
INFO: [ view_parse ] --START--
INFO: [ template_filter ] --START--
INFO: Run Behavior\ContentReplaceBehavior [ RunTime:0.000073s ]
INFO: [ template_filter ] --END-- [ RunTime:0.000203s ]
INFO: Run Behavior\ParseTemplateBehavior [ RunTime:0.009623s ]
INFO: [ view_parse ] --END-- [ RunTime:0.009730s ]
INFO: [ view_filter ] --START--
INFO: Run Behavior\WriteHtmlCacheBehavior [ RunTime:0.000658s ]
INFO: [ view_filter ] --END-- [ RunTime:0.000709s ]
INFO: [ app_end ] --START--
INFO: Run Behavior\ShowPageTraceBehavior [ RunTime:0.000589s ]
INFO: [ app_end ] --END-- [ RunTime:0.000632s ]

[ 2016-07-16T08:49:53+08:00 ] 127.0.0.1 /admin.php?c=login&a=check
INFO: [ app_init ] --START--
INFO: Run Behavior\BuildLiteBehavior [ RunTime:0.000011s ]
INFO: [ app_init ] --END-- [ RunTime:0.000356s ]
INFO: [ app_begin ] --START--
INFO: Run Behavior\ReadHtmlCacheBehavior [ RunTime:0.000412s ]
INFO: [ app_begin ] --END-- [ RunTime:0.000451s ]
SQL: SHOW COLUMNS FROM `admin` [ RunTime:0.0009s ]
SQL: SELECT * FROM `admin` WHERE ( username="1" ) LIMIT 1   [ RunTime:0.0003s ]

[ 2016-07-16T08:49:58+08:00 ] 127.0.0.1 /admin.php?c=login&a=check
INFO: [ app_init ] --START--
INFO: Run Behavior\BuildLiteBehavior [ RunTime:0.000013s ]
INFO: [ app_init ] --END-- [ RunTime:0.000379s ]
INFO: [ app_begin ] --START--
INFO: Run Behavior\ReadHtmlCacheBehavior [ RunTime:0.000833s ]
INFO: [ app_begin ] --END-- [ RunTime:0.000893s ]
SQL: SHOW COLUMNS FROM `admin` [ RunTime:0.0009s ]
SQL: SELECT * FROM `admin` WHERE ( username="woya" ) LIMIT 1   [ RunTime:0.0003s ]

[ 2016-07-16T08:50:00+08:00 ] 127.0.0.1 /admin.php?c=login&a=check
INFO: [ app_init ] --START--
INFO: Run Behavior\BuildLiteBehavior [ RunTime:0.000012s ]
INFO: [ app_init ] --END-- [ RunTime:0.000350s ]
INFO: [ app_begin ] --START--
INFO: Run Behavior\ReadHtmlCacheBehavior [ RunTime:0.000414s ]
INFO: [ app_begin ] --END-- [ RunTime:0.000453s ]
SQL: SHOW COLUMNS FROM `admin` [ RunTime:0.0009s ]
SQL: SELECT * FROM `admin` WHERE ( username="woya" ) LIMIT 1   [ RunTime:0.0003s ]

[ 2016-07-16T08:53:20+08:00 ] 127.0.0.1 /admin.php?m=&&c=login&a=index
INFO: [ app_init ] --START--
INFO: Run Behavior\BuildLiteBehavior [ RunTime:0.000013s ]
INFO: [ app_init ] --END-- [ RunTime:0.000476s ]
INFO: [ app_begin ] --START--
INFO: Run Behavior\ReadHtmlCacheBehavior [ RunTime:0.000724s ]
INFO: [ app_begin ] --END-- [ RunTime:0.000772s ]
INFO: [ view_parse ] --START--
INFO: [ template_filter ] --START--
INFO: Run Behavior\ContentReplaceBehavior [ RunTime:0.000041s ]
INFO: [ template_filter ] --END-- [ RunTime:0.000088s ]
INFO: Run Behavior\ParseTemplateBehavior [ RunTime:0.006134s ]
INFO: [ view_parse ] --END-- [ RunTime:0.006197s ]
INFO: [ view_filter ] --START--
INFO: Run Behavior\WriteHtmlCacheBehavior [ RunTime:0.000648s ]
INFO: [ view_filter ] --END-- [ RunTime:0.000751s ]
INFO: [ app_end ] --START--
INFO: Run Behavior\ShowPageTraceBehavior [ RunTime:0.001187s ]
INFO: [ app_end ] --END-- [ RunTime:0.001252s ]

[ 2016-07-16T08:53:20+08:00 ] 127.0.0.1 /admin.php?m=&&c=login&a=index
INFO: [ app_init ] --START--
INFO: Run Behavior\BuildLiteBehavior [ RunTime:0.000014s ]
INFO: [ app_init ] --END-- [ RunTime:0.000597s ]
INFO: [ app_begin ] --START--
INFO: Run Behavior\ReadHtmlCacheBehavior [ RunTime:0.000890s ]
INFO: [ app_begin ] --END-- [ RunTime:0.000945s ]
INFO: [ view_parse ] --START--
INFO: [ template_filter ] --START--
INFO: Run Behavior\ContentReplaceBehavior [ RunTime:0.000060s ]
INFO: [ template_filter ] --END-- [ RunTime:0.000146s ]
INFO: Run Behavior\ParseTemplateBehavior [ RunTime:0.012952s ]
INFO: [ view_parse ] --END-- [ RunTime:0.013017s ]
INFO: [ view_filter ] --START--
INFO: Run Behavior\WriteHtmlCacheBehavior [ RunTime:0.000985s ]
INFO: [ view_filter ] --END-- [ RunTime:0.001035s ]
INFO: [ app_end ] --START--
INFO: Run Behavior\ShowPageTraceBehavior [ RunTime:0.001252s ]
INFO: [ app_end ] --END-- [ RunTime:0.001307s ]

[ 2016-07-16T08:53:24+08:00 ] 127.0.0.1 /admin.php?c=login&a=check
INFO: [ app_init ] --START--
INFO: Run Behavior\BuildLiteBehavior [ RunTime:0.000011s ]
INFO: [ app_init ] --END-- [ RunTime:0.000442s ]
INFO: [ app_begin ] --START--
INFO: Run Behavior\ReadHtmlCacheBehavior [ RunTime:0.000879s ]
INFO: [ app_begin ] --END-- [ RunTime:0.000924s ]
SQL: SHOW COLUMNS FROM `admin` [ RunTime:0.0010s ]
SQL: SELECT * FROM `admin` WHERE ( username="woya" ) LIMIT 1   [ RunTime:0.0003s ]

[ 2016-07-16T08:53:28+08:00 ] 127.0.0.1 /admin.php?c=login&a=check
INFO: [ app_init ] --START--
INFO: Run Behavior\BuildLiteBehavior [ RunTime:0.000013s ]
INFO: [ app_init ] --END-- [ RunTime:0.000445s ]
INFO: [ app_begin ] --START--
INFO: Run Behavior\ReadHtmlCacheBehavior [ RunTime:0.000856s ]
INFO: [ app_begin ] --END-- [ RunTime:0.000896s ]
SQL: SHOW COLUMNS FROM `admin` [ RunTime:0.0009s ]
SQL: SELECT * FROM `admin` WHERE ( username="woya" ) LIMIT 1   [ RunTime:0.0003s ]

[ 2016-07-16T08:53:29+08:00 ] 127.0.0.1 /admin.php?c=index&a=index
INFO: [ app_init ] --START--
INFO: Run Behavior\BuildLiteBehavior [ RunTime:0.000013s ]
INFO: [ app_init ] --END-- [ RunTime:0.000477s ]
INFO: [ app_begin ] --START--
INFO: Run Behavior\ReadHtmlCacheBehavior [ RunTime:0.000924s ]
INFO: [ app_begin ] --END-- [ RunTime:0.000968s ]
INFO: [ view_parse ] --START--
INFO: [ template_filter ] --START--
INFO: Run Behavior\ContentReplaceBehavior [ RunTime:0.000052s ]
INFO: [ template_filter ] --END-- [ RunTime:0.000099s ]
NOTIC: [2048] Declaration of Common\Model\MenuModel::find() should be compatible with Think\Model::find($options = Array) D:\web\takahashi\Application\Common\Model\MenuModel.class.php 第 13 行.
SQL: SHOW COLUMNS FROM `menu` [ RunTime:0.0009s ]
SQL: SELECT * FROM `menu` WHERE `status` <> -1 AND `type` = 1 ORDER BY listorder desc,menu_id desc  [ RunTime:0.0004s ]
NOTIC: [8] Undefined index: a D:\web\takahashi\Application\Common\Common\function.php 第 38 行.
NOTIC: [8] Undefined index: a D:\web\takahashi\Application\Common\Common\function.php 第 38 行.
NOTIC: [8] Undefined index: a D:\web\takahashi\Application\Common\Common\function.php 第 38 行.
NOTIC: [8] Undefined index: a D:\web\takahashi\Application\Common\Common\function.php 第 38 行.
NOTIC: [8] Undefined index: a D:\web\takahashi\Application\Common\Common\function.php 第 38 行.
NOTIC: [8] Undefined index: a D:\web\takahashi\Application\Common\Common\function.php 第 38 行.
INFO: Run Behavior\ParseTemplateBehavior [ RunTime:0.024640s ]
INFO: [ view_parse ] --END-- [ RunTime:0.024678s ]
INFO: [ view_filter ] --START--
INFO: Run Behavior\WriteHtmlCacheBehavior [ RunTime:0.000776s ]
INFO: [ view_filter ] --END-- [ RunTime:0.000809s ]
INFO: [ app_end ] --START--
INFO: Run Behavior\ShowPageTraceBehavior [ RunTime:0.000998s ]
INFO: [ app_end ] --END-- [ RunTime:0.001051s ]

[ 2016-07-16T08:53:45+08:00 ] 127.0.0.1 /admin.php?c=admin
INFO: [ app_init ] --START--
INFO: Run Behavior\BuildLiteBehavior [ RunTime:0.000011s ]
INFO: [ app_init ] --END-- [ RunTime:0.000439s ]
INFO: [ app_begin ] --START--
INFO: Run Behavior\ReadHtmlCacheBehavior [ RunTime:0.000900s ]
INFO: [ app_begin ] --END-- [ RunTime:0.000943s ]
ERR: 无法加载控制器:Admin

[ 2016-07-16T08:53:48+08:00 ] 127.0.0.1 /admin.php?c=menu
INFO: [ app_init ] --START--
INFO: Run Behavior\BuildLiteBehavior [ RunTime:0.000013s ]
INFO: [ app_init ] --END-- [ RunTime:0.000448s ]
INFO: [ app_begin ] --START--
INFO: Run Behavior\ReadHtmlCacheBehavior [ RunTime:0.000888s ]
INFO: [ app_begin ] --END-- [ RunTime:0.000937s ]
NOTIC: [2048] Declaration of Common\Model\MenuModel::find() should be compatible with Think\Model::find($options = Array) D:\web\takahashi\Application\Common\Model\MenuModel.class.php 第 13 行.
SQL: SHOW COLUMNS FROM `menu` [ RunTime:0.0009s ]
SQL: SELECT * FROM `menu` WHERE `status` <> -1 ORDER BY listorder desc, menu_id desc LIMIT 0,10   [ RunTime:0.0004s ]
SQL: SELECT COUNT(*) AS tp_count FROM `menu` WHERE `status` <> -1 LIMIT 1   [ RunTime:0.0002s ]
INFO: [ view_parse ] --START--
INFO: [ template_filter ] --START--
INFO: Run Behavior\ContentReplaceBehavior [ RunTime:0.000056s ]
INFO: [ template_filter ] --END-- [ RunTime:0.000102s ]
SQL: SELECT * FROM `menu` WHERE `status` <> -1 AND `type` = 1 ORDER BY listorder desc,menu_id desc  [ RunTime:0.0007s ]
NOTIC: [8] Undefined index: a D:\web\takahashi\Application\Common\Common\function.php 第 38 行.
NOTIC: [8] Undefined index: a D:\web\takahashi\Application\Common\Common\function.php 第 38 行.
NOTIC: [8] Undefined index: a D:\web\takahashi\Application\Common\Common\function.php 第 38 行.
NOTIC: [8] Undefined index: a D:\web\takahashi\Application\Common\Common\function.php 第 38 行.
NOTIC: [8] Undefined index: a D:\web\takahashi\Application\Common\Common\function.php 第 38 行.
NOTIC: [8] Undefined index: a D:\web\takahashi\Application\Common\Common\function.php 第 38 行.
NOTIC: [8] Array to string conversion D:\web\takahashi\Application\Runtime\Cache\Admin\b956215329b6f9aca22277599a4efdfc.php 第 100 行.
NOTIC: [8] Undefined variable: type D:\web\takahashi\Application\Runtime\Cache\Admin\b956215329b6f9aca22277599a4efdfc.php 第 114 行.
NOTIC: [8] Undefined variable: type D:\web\takahashi\Application\Runtime\Cache\Admin\b956215329b6f9aca22277599a4efdfc.php 第 115 行.
INFO: Run Behavior\ParseTemplateBehavior [ RunTime:0.049642s ]
INFO: [ view_parse ] --END-- [ RunTime:0.049696s ]
INFO: [ view_filter ] --START--
INFO: Run Behavior\WriteHtmlCacheBehavior [ RunTime:0.000866s ]
INFO: [ view_filter ] --END-- [ RunTime:0.000906s ]
INFO: [ app_end ] --START--
INFO: Run Behavior\ShowPageTraceBehavior [ RunTime:0.001346s ]
INFO: [ app_end ] --END-- [ RunTime:0.001414s ]

[ 2016-07-16T08:56:09+08:00 ] 127.0.0.1 /admin.php?c=menu
INFO: [ app_init ] --START--
INFO: Run Behavior\BuildLiteBehavior [ RunTime:0.000011s ]
INFO: [ app_init ] --END-- [ RunTime:0.000444s ]
INFO: [ app_begin ] --START--
INFO: Run Behavior\ReadHtmlCacheBehavior [ RunTime:0.000699s ]
INFO: [ app_begin ] --END-- [ RunTime:0.000744s ]
NOTIC: [2048] Declaration of Common\Model\MenuModel::find() should be compatible with Think\Model::find($options = Array) D:\web\takahashi\Application\Common\Model\MenuModel.class.php 第 13 行.
SQL: SHOW COLUMNS FROM `menu` [ RunTime:0.0009s ]
SQL: SELECT * FROM `menu` WHERE `status` <> -1 ORDER BY listorder desc, menu_id desc LIMIT 0,10   [ RunTime:0.0004s ]
SQL: SELECT COUNT(*) AS tp_count FROM `menu` WHERE `status` <> -1 LIMIT 1   [ RunTime:0.0002s ]
INFO: [ view_parse ] --START--
INFO: [ template_filter ] --START--
INFO: Run Behavior\ContentReplaceBehavior [ RunTime:0.000055s ]
INFO: [ template_filter ] --END-- [ RunTime:0.000095s ]
SQL: SELECT * FROM `menu` WHERE `status` <> -1 AND `type` = 1 ORDER BY listorder desc,menu_id desc  [ RunTime:0.0006s ]
NOTIC: [8] Undefined index: a D:\web\takahashi\Application\Common\Common\function.php 第 38 行.
NOTIC: [8] Undefined index: a D:\web\takahashi\Application\Common\Common\function.php 第 38 行.
NOTIC: [8] Undefined index: a D:\web\takahashi\Application\Common\Common\function.php 第 38 行.
NOTIC: [8] Undefined index: a D:\web\takahashi\Application\Common\Common\function.php 第 38 行.
NOTIC: [8] Undefined index: a D:\web\takahashi\Application\Common\Common\function.php 第 38 行.
NOTIC: [8] Undefined index: a D:\web\takahashi\Application\Common\Common\function.php 第 38 行.
NOTIC: [8] Array to string conversion D:\web\takahashi\Application\Runtime\Cache\Admin\b956215329b6f9aca22277599a4efdfc.php 第 100 行.
NOTIC: [8] Undefined variable: type D:\web\takahashi\Application\Runtime\Cache\Admin\b956215329b6f9aca22277599a4efdfc.php 第 114 行.
NOTIC: [8] Undefined variable: type D:\web\takahashi\Application\Runtime\Cache\Admin\b956215329b6f9aca22277599a4efdfc.php 第 115 行.
INFO: Run Behavior\ParseTemplateBehavior [ RunTime:0.042969s ]
INFO: [ view_parse ] --END-- [ RunTime:0.043006s ]
INFO: [ view_filter ] --START--
INFO: Run Behavior\WriteHtmlCacheBehavior [ RunTime:0.000502s ]
INFO: [ view_filter ] --END-- [ RunTime:0.000534s ]
INFO: [ app_end ] --START--
INFO: Run Behavior\ShowPageTraceBehavior [ RunTime:0.000931s ]
INFO: [ app_end ] --END-- [ RunTime:0.000993s ]

[ 2016-07-16T08:59:12+08:00 ] 127.0.0.1 /admin.php?c=menu
INFO: [ app_init ] --START--
INFO: Run Behavior\BuildLiteBehavior [ RunTime:0.000011s ]
INFO: [ app_init ] --END-- [ RunTime:0.000523s ]
INFO: [ app_begin ] --START--
INFO: Run Behavior\ReadHtmlCacheBehavior [ RunTime:0.000855s ]
INFO: [ app_begin ] --END-- [ RunTime:0.000922s ]
NOTIC: [2048] Declaration of Common\Model\MenuModel::find() should be compatible with Think\Model::find($options = Array) D:\web\takahashi\Application\Common\Model\MenuModel.class.php 第 13 行.
SQL: SHOW COLUMNS FROM `menu` [ RunTime:0.0030s ]
SQL: SELECT * FROM `menu` WHERE `status` <> -1 ORDER BY listorder desc, menu_id desc LIMIT 0,10   [ RunTime:0.0005s ]
SQL: SELECT COUNT(*) AS tp_count FROM `menu` WHERE `status` <> -1 LIMIT 1   [ RunTime:0.0003s ]
INFO: [ view_parse ] --START--
INFO: [ template_filter ] --START--
INFO: Run Behavior\ContentReplaceBehavior [ RunTime:0.000071s ]
INFO: [ template_filter ] --END-- [ RunTime:0.000115s ]
SQL: SELECT * FROM `menu` WHERE `status` <> -1 AND `type` = 1 ORDER BY listorder desc,menu_id desc  [ RunTime:0.0005s ]
NOTIC: [8] Undefined index: a D:\web\takahashi\Application\Common\Common\function.php 第 38 行.
NOTIC: [8] Undefined index: a D:\web\takahashi\Application\Common\Common\function.php 第 38 行.
NOTIC: [8] Undefined index: a D:\web\takahashi\Application\Common\Common\function.php 第 38 行.
NOTIC: [8] Undefined index: a D:\web\takahashi\Application\Common\Common\function.php 第 38 行.
NOTIC: [8] Undefined index: a D:\web\takahashi\Application\Common\Common\function.php 第 38 行.
NOTIC: [8] Undefined index: a D:\web\takahashi\Application\Common\Common\function.php 第 38 行.
NOTIC: [8] Array to string conversion D:\web\takahashi\Application\Runtime\Cache\Admin\b956215329b6f9aca22277599a4efdfc.php 第 100 行.
NOTIC: [8] Undefined variable: type D:\web\takahashi\Application\Runtime\Cache\Admin\b956215329b6f9aca22277599a4efdfc.php 第 114 行.
NOTIC: [8] Undefined variable: type D:\web\takahashi\Application\Runtime\Cache\Admin\b956215329b6f9aca22277599a4efdfc.php 第 115 行.
INFO: Run Behavior\ParseTemplateBehavior [ RunTime:0.045487s ]
INFO: [ view_parse ] --END-- [ RunTime:0.045525s ]
INFO: [ view_filter ] --START--
INFO: Run Behavior\WriteHtmlCacheBehavior [ RunTime:0.000502s ]
INFO: [ view_filter ] --END-- [ RunTime:0.000534s ]
INFO: [ app_end ] --START--
INFO: Run Behavior\ShowPageTraceBehavior [ RunTime:0.000976s ]
INFO: [ app_end ] --END-- [ RunTime:0.001057s ]

[ 2016-07-16T08:59:16+08:00 ] 127.0.0.1 /admin.php?c=menu&a=edit&id=8
INFO: [ app_init ] --START--
INFO: Run Behavior\BuildLiteBehavior [ RunTime:0.000012s ]
INFO: [ app_init ] --END-- [ RunTime:0.000350s ]
INFO: [ app_begin ] --START--
INFO: Run Behavior\ReadHtmlCacheBehavior [ RunTime:0.000440s ]
INFO: [ app_begin ] --END-- [ RunTime:0.000483s ]
NOTIC: [2048] Declaration of Common\Model\MenuModel::find() should be compatible with Think\Model::find($options = Array) D:\web\takahashi\Application\Common\Model\MenuModel.class.php 第 13 行.
SQL: SHOW COLUMNS FROM `menu` [ RunTime:0.0011s ]
SQL: SELECT * FROM `menu` WHERE ( menu_id=8 ) LIMIT 1   [ RunTime:0.0004s ]
INFO: [ view_parse ] --START--
INFO: [ template_filter ] --START--
INFO: Run Behavior\ContentReplaceBehavior [ RunTime:0.000052s ]
INFO: [ template_filter ] --END-- [ RunTime:0.000097s ]
SQL: SELECT * FROM `menu` WHERE `status` <> -1 AND `type` = 1 ORDER BY listorder desc,menu_id desc  [ RunTime:0.0005s ]
NOTIC: [8] Undefined index: a D:\web\takahashi\Application\Common\Common\function.php 第 38 行.
NOTIC: [8] Undefined index: a D:\web\takahashi\Application\Common\Common\function.php 第 38 行.
NOTIC: [8] Undefined index: a D:\web\takahashi\Application\Common\Common\function.php 第 38 行.
NOTIC: [8] Undefined index: a D:\web\takahashi\Application\Common\Common\function.php 第 38 行.
NOTIC: [8] Undefined index: a D:\web\takahashi\Application\Common\Common\function.php 第 38 行.
NOTIC: [8] Undefined index: a D:\web\takahashi\Application\Common\Common\function.php 第 38 行.
INFO: Run Behavior\ParseTemplateBehavior [ RunTime:0.036278s ]
INFO: [ view_parse ] --END-- [ RunTime:0.036350s ]
INFO: [ view_filter ] --START--
INFO: Run Behavior\WriteHtmlCacheBehavior [ RunTime:0.000294s ]
INFO: [ view_filter ] --END-- [ RunTime:0.000326s ]
INFO: [ app_end ] --START--
INFO: Run Behavior\ShowPageTraceBehavior [ RunTime:0.000434s ]
INFO: [ app_end ] --END-- [ RunTime:0.000471s ]

[ 2016-07-16T08:59:18+08:00 ] 127.0.0.1 /admin.php?c=menu
INFO: [ app_init ] --START--
INFO: Run Behavior\BuildLiteBehavior [ RunTime:0.000012s ]
INFO: [ app_init ] --END-- [ RunTime:0.000356s ]
INFO: [ app_begin ] --START--
INFO: Run Behavior\ReadHtmlCacheBehavior [ RunTime:0.000526s ]
INFO: [ app_begin ] --END-- [ RunTime:0.000569s ]
NOTIC: [2048] Declaration of Common\Model\MenuModel::find() should be compatible with Think\Model::find($options = Array) D:\web\takahashi\Application\Common\Model\MenuModel.class.php 第 13 行.
SQL: SHOW COLUMNS FROM `menu` [ RunTime:0.0009s ]
SQL: SELECT * FROM `menu` WHERE `status` <> -1 ORDER BY listorder desc, menu_id desc LIMIT 0,10   [ RunTime:0.0004s ]
SQL: SELECT COUNT(*) AS tp_count FROM `menu` WHERE `status` <> -1 LIMIT 1   [ RunTime:0.0002s ]
INFO: [ view_parse ] --START--
INFO: [ template_filter ] --START--
INFO: Run Behavior\ContentReplaceBehavior [ RunTime:0.000054s ]
INFO: [ template_filter ] --END-- [ RunTime:0.000099s ]
SQL: SELECT * FROM `menu` WHERE `status` <> -1 AND `type` = 1 ORDER BY listorder desc,menu_id desc  [ RunTime:0.0006s ]
NOTIC: [8] Undefined index: a D:\web\takahashi\Application\Common\Common\function.php 第 38 行.
NOTIC: [8] Undefined index: a D:\web\takahashi\Application\Common\Common\function.php 第 38 行.
NOTIC: [8] Undefined index: a D:\web\takahashi\Application\Common\Common\function.php 第 38 行.
NOTIC: [8] Undefined index: a D:\web\takahashi\Application\Common\Common\function.php 第 38 行.
NOTIC: [8] Undefined index: a D:\web\takahashi\Application\Common\Common\function.php 第 38 行.
NOTIC: [8] Undefined index: a D:\web\takahashi\Application\Common\Common\function.php 第 38 行.
NOTIC: [8] Array to string conversion D:\web\takahashi\Application\Runtime\Cache\Admin\b956215329b6f9aca22277599a4efdfc.php 第 100 行.
NOTIC: [8] Undefined variable: type D:\web\takahashi\Application\Runtime\Cache\Admin\b956215329b6f9aca22277599a4efdfc.php 第 114 行.
NOTIC: [8] Undefined variable: type D:\web\takahashi\Application\Runtime\Cache\Admin\b956215329b6f9aca22277599a4efdfc.php 第 115 行.
INFO: Run Behavior\ParseTemplateBehavior [ RunTime:0.047104s ]
INFO: [ view_parse ] --END-- [ RunTime:0.047143s ]
INFO: [ view_filter ] --START--
INFO: Run Behavior\WriteHtmlCacheBehavior [ RunTime:0.000303s ]
INFO: [ view_filter ] --END-- [ RunTime:0.000334s ]
INFO: [ app_end ] --START--
INFO: Run Behavior\ShowPageTraceBehavior [ RunTime:0.000506s ]
INFO: [ app_end ] --END-- [ RunTime:0.000557s ]

[ 2016-07-16T08:59:58+08:00 ] 127.0.0.1 /admin.php?c=menu
INFO: [ app_init ] --START--
INFO: Run Behavior\BuildLiteBehavior [ RunTime:0.000012s ]
INFO: [ app_init ] --END-- [ RunTime:0.000346s ]
INFO: [ app_begin ] --START--
INFO: Run Behavior\ReadHtmlCacheBehavior [ RunTime:0.000414s ]
INFO: [ app_begin ] --END-- [ RunTime:0.000456s ]
NOTIC: [2048] Declaration of Common\Model\MenuModel::find() should be compatible with Think\Model::find($options = Array) D:\web\takahashi\Application\Common\Model\MenuModel.class.php 第 13 行.
SQL: SHOW COLUMNS FROM `menu` [ RunTime:0.0010s ]
SQL: SELECT * FROM `menu` WHERE `status` <> -1 ORDER BY listorder desc, menu_id desc LIMIT 0,10   [ RunTime:0.0004s ]
SQL: SELECT COUNT(*) AS tp_count FROM `menu` WHERE `status` <> -1 LIMIT 1   [ RunTime:0.0003s ]
INFO: [ view_parse ] --START--
INFO: [ template_filter ] --START--
INFO: Run Behavior\ContentReplaceBehavior [ RunTime:0.000092s ]
INFO: [ template_filter ] --END-- [ RunTime:0.000137s ]
SQL: SELECT * FROM `menu` WHERE `status` <> -1 AND `type` = 1 ORDER BY listorder desc,menu_id desc  [ RunTime:0.0005s ]
NOTIC: [8] Undefined index: a D:\web\takahashi\Application\Common\Common\function.php 第 38 行.
NOTIC: [8] Undefined index: a D:\web\takahashi\Application\Common\Common\function.php 第 38 行.
NOTIC: [8] Undefined index: a D:\web\takahashi\Application\Common\Common\function.php 第 38 行.
NOTIC: [8] Undefined index: a D:\web\takahashi\Application\Common\Common\function.php 第 38 行.
NOTIC: [8] Undefined index: a D:\web\takahashi\Application\Common\Common\function.php 第 38 行.
NOTIC: [8] Undefined index: a D:\web\takahashi\Application\Common\Common\function.php 第 38 行.
NOTIC: [8] Array to string conversion D:\web\takahashi\Application\Runtime\Cache\Admin\b956215329b6f9aca22277599a4efdfc.php 第 100 行.
NOTIC: [8] Undefined variable: type D:\web\takahashi\Application\Runtime\Cache\Admin\b956215329b6f9aca22277599a4efdfc.php 第 114 行.
NOTIC: [8] Undefined variable: type D:\web\takahashi\Application\Runtime\Cache\Admin\b956215329b6f9aca22277599a4efdfc.php 第 115 行.
INFO: Run Behavior\ParseTemplateBehavior [ RunTime:0.042542s ]
INFO: [ view_parse ] --END-- [ RunTime:0.042580s ]
INFO: [ view_filter ] --START--
INFO: Run Behavior\WriteHtmlCacheBehavior [ RunTime:0.000298s ]
INFO: [ view_filter ] --END-- [ RunTime:0.000330s ]
INFO: [ app_end ] --START--
INFO: Run Behavior\ShowPageTraceBehavior [ RunTime:0.000640s ]
INFO: [ app_end ] --END-- [ RunTime:0.000703s ]

[ 2016-07-16T09:00:56+08:00 ] 127.0.0.1 /admin.php?c=menu
INFO: [ app_init ] --START--
INFO: Run Behavior\BuildLiteBehavior [ RunTime:0.000011s ]
INFO: [ app_init ] --END-- [ RunTime:0.000366s ]
INFO: [ app_begin ] --START--
INFO: Run Behavior\ReadHtmlCacheBehavior [ RunTime:0.000414s ]
INFO: [ app_begin ] --END-- [ RunTime:0.000457s ]
NOTIC: [2048] Declaration of Common\Model\MenuModel::find() should be compatible with Think\Model::find($options = Array) D:\web\takahashi\Application\Common\Model\MenuModel.class.php 第 13 行.
SQL: SHOW COLUMNS FROM `menu` [ RunTime:0.0009s ]
SQL: SELECT * FROM `menu` WHERE `status` <> -1 ORDER BY listorder desc, menu_id desc LIMIT 0,10   [ RunTime:0.0004s ]
SQL: SELECT COUNT(*) AS tp_count FROM `menu` WHERE `status` <> -1 LIMIT 1   [ RunTime:0.0003s ]
INFO: [ view_parse ] --START--
INFO: [ template_filter ] --START--
INFO: Run Behavior\ContentReplaceBehavior [ RunTime:0.000060s ]
INFO: [ template_filter ] --END-- [ RunTime:0.000109s ]
SQL: SELECT * FROM `menu` WHERE `status` <> -1 AND `type` = 1 ORDER BY listorder desc,menu_id desc  [ RunTime:0.0005s ]
NOTIC: [8] Undefined index: a D:\web\takahashi\Application\Common\Common\function.php 第 38 行.
NOTIC: [8] Undefined index: a D:\web\takahashi\Application\Common\Common\function.php 第 38 行.
NOTIC: [8] Undefined index: a D:\web\takahashi\Application\Common\Common\function.php 第 38 行.
NOTIC: [8] Undefined index: a D:\web\takahashi\Application\Common\Common\function.php 第 38 行.
NOTIC: [8] Undefined index: a D:\web\takahashi\Application\Common\Common\function.php 第 38 行.
NOTIC: [8] Undefined index: a D:\web\takahashi\Application\Common\Common\function.php 第 38 行.
NOTIC: [8] Array to string conversion D:\web\takahashi\Application\Runtime\Cache\Admin\b956215329b6f9aca22277599a4efdfc.php 第 100 行.
NOTIC: [8] Undefined variable: type D:\web\takahashi\Application\Runtime\Cache\Admin\b956215329b6f9aca22277599a4efdfc.php 第 114 行.
NOTIC: [8] Undefined variable: type D:\web\takahashi\Application\Runtime\Cache\Admin\b956215329b6f9aca22277599a4efdfc.php 第 115 行.
INFO: Run Behavior\ParseTemplateBehavior [ RunTime:0.042970s ]
INFO: [ view_parse ] --END-- [ RunTime:0.043010s ]
INFO: [ view_filter ] --START--
INFO: Run Behavior\WriteHtmlCacheBehavior [ RunTime:0.000313s ]
INFO: [ view_filter ] --END-- [ RunTime:0.000345s ]
INFO: [ app_end ] --START--
INFO: Run Behavior\ShowPageTraceBehavior [ RunTime:0.000670s ]
INFO: [ app_end ] --END-- [ RunTime:0.000735s ]

[ 2016-07-16T09:00:57+08:00 ] 127.0.0.1 /admin.php?c=menu&a=edit&id=8
INFO: [ app_init ] --START--
INFO: Run Behavior\BuildLiteBehavior [ RunTime:0.000021s ]
INFO: [ app_init ] --END-- [ RunTime:0.000433s ]
INFO: [ app_begin ] --START--
INFO: Run Behavior\ReadHtmlCacheBehavior [ RunTime:0.000438s ]
INFO: [ app_begin ] --END-- [ RunTime:0.000480s ]
NOTIC: [2048] Declaration of Common\Model\MenuModel::find() should be compatible with Think\Model::find($options = Array) D:\web\takahashi\Application\Common\Model\MenuModel.class.php 第 13 行.
SQL: SHOW COLUMNS FROM `menu` [ RunTime:0.0007s ]
SQL: SELECT * FROM `menu` WHERE ( menu_id=8 ) LIMIT 1   [ RunTime:0.0003s ]
INFO: [ view_parse ] --START--
INFO: [ template_filter ] --START--
INFO: Run Behavior\ContentReplaceBehavior [ RunTime:0.000052s ]
INFO: [ template_filter ] --END-- [ RunTime:0.000100s ]
SQL: SELECT * FROM `menu` WHERE `status` <> -1 AND `type` = 1 ORDER BY listorder desc,menu_id desc  [ RunTime:0.0005s ]
NOTIC: [8] Undefined index: a D:\web\takahashi\Application\Common\Common\function.php 第 38 行.
NOTIC: [8] Undefined index: a D:\web\takahashi\Application\Common\Common\function.php 第 38 行.
NOTIC: [8] Undefined index: a D:\web\takahashi\Application\Common\Common\function.php 第 38 行.
NOTIC: [8] Undefined index: a D:\web\takahashi\Application\Common\Common\function.php 第 38 行.
NOTIC: [8] Undefined index: a D:\web\takahashi\Application\Common\Common\function.php 第 38 行.
NOTIC: [8] Undefined index: a D:\web\takahashi\Application\Common\Common\function.php 第 38 行.
INFO: Run Behavior\ParseTemplateBehavior [ RunTime:0.009083s ]
INFO: [ view_parse ] --END-- [ RunTime:0.009133s ]
INFO: [ view_filter ] --START--
INFO: Run Behavior\WriteHtmlCacheBehavior [ RunTime:0.000278s ]
INFO: [ view_filter ] --END-- [ RunTime:0.000309s ]
INFO: [ app_end ] --START--
INFO: Run Behavior\ShowPageTraceBehavior [ RunTime:0.000430s ]
INFO: [ app_end ] --END-- [ RunTime:0.000465s ]

[ 2016-07-16T09:00:59+08:00 ] 127.0.0.1 /admin.php?c=menu
INFO: [ app_init ] --START--
INFO: Run Behavior\BuildLiteBehavior [ RunTime:0.000012s ]
INFO: [ app_init ] --END-- [ RunTime:0.000351s ]
INFO: [ app_begin ] --START--
INFO: Run Behavior\ReadHtmlCacheBehavior [ RunTime:0.000422s ]
INFO: [ app_begin ] --END-- [ RunTime:0.000464s ]
NOTIC: [2048] Declaration of Common\Model\MenuModel::find() should be compatible with Think\Model::find($options = Array) D:\web\takahashi\Application\Common\Model\MenuModel.class.php 第 13 行.
SQL: SHOW COLUMNS FROM `menu` [ RunTime:0.0006s ]
SQL: SELECT * FROM `menu` WHERE `status` <> -1 ORDER BY listorder desc, menu_id desc LIMIT 0,10   [ RunTime:0.0004s ]
SQL: SELECT COUNT(*) AS tp_count FROM `menu` WHERE `status` <> -1 LIMIT 1   [ RunTime:0.0003s ]
INFO: [ view_parse ] --START--
INFO: [ template_filter ] --START--
INFO: Run Behavior\ContentReplaceBehavior [ RunTime:0.000056s ]
INFO: [ template_filter ] --END-- [ RunTime:0.000100s ]
SQL: SELECT * FROM `menu` WHERE `status` <> -1 AND `type` = 1 ORDER BY listorder desc,menu_id desc  [ RunTime:0.0005s ]
NOTIC: [8] Undefined index: a D:\web\takahashi\Application\Common\Common\function.php 第 38 行.
NOTIC: [8] Undefined index: a D:\web\takahashi\Application\Common\Common\function.php 第 38 行.
NOTIC: [8] Undefined index: a D:\web\takahashi\Application\Common\Common\function.php 第 38 行.
NOTIC: [8] Undefined index: a D:\web\takahashi\Application\Common\Common\function.php 第 38 行.
NOTIC: [8] Undefined index: a D:\web\takahashi\Application\Common\Common\function.php 第 38 行.
NOTIC: [8] Undefined index: a D:\web\takahashi\Application\Common\Common\function.php 第 38 行.
NOTIC: [8] Array to string conversion D:\web\takahashi\Application\Runtime\Cache\Admin\b956215329b6f9aca22277599a4efdfc.php 第 100 行.
NOTIC: [8] Undefined variable: type D:\web\takahashi\Application\Runtime\Cache\Admin\b956215329b6f9aca22277599a4efdfc.php 第 114 行.
NOTIC: [8] Undefined variable: type D:\web\takahashi\Application\Runtime\Cache\Admin\b956215329b6f9aca22277599a4efdfc.php 第 115 行.
INFO: Run Behavior\ParseTemplateBehavior [ RunTime:0.009492s ]
INFO: [ view_parse ] --END-- [ RunTime:0.009529s ]
INFO: [ view_filter ] --START--
INFO: Run Behavior\WriteHtmlCacheBehavior [ RunTime:0.000282s ]
INFO: [ view_filter ] --END-- [ RunTime:0.000313s ]
INFO: [ app_end ] --START--
INFO: Run Behavior\ShowPageTraceBehavior [ RunTime:0.000777s ]
INFO: [ app_end ] --END-- [ RunTime:0.000838s ]

[ 2016-07-16T15:54:55+08:00 ] 127.0.0.1 /admin.php?c=index&a=index
INFO: [ app_init ] --START--
INFO: Run Behavior\BuildLiteBehavior [ RunTime:0.000025s ]
INFO: [ app_init ] --END-- [ RunTime:0.001528s ]
INFO: [ app_begin ] --START--
INFO: Run Behavior\ReadHtmlCacheBehavior [ RunTime:0.011118s ]
INFO: [ app_begin ] --END-- [ RunTime:0.011179s ]
INFO: [ view_parse ] --START--
INFO: [ template_filter ] --START--
INFO: Run Behavior\ContentReplaceBehavior [ RunTime:0.001459s ]
INFO: [ template_filter ] --END-- [ RunTime:0.001512s ]
NOTIC: [2048] Declaration of Common\Model\MenuModel::find() should be compatible with Think\Model::find($options = Array) D:\web\takahashi\Application\Common\Model\MenuModel.class.php 第 13 行.
SQL: SHOW COLUMNS FROM `menu` [ RunTime:0.0057s ]
SQL: SELECT * FROM `menu` WHERE `status` <> -1 AND `type` = 1 ORDER BY listorder desc,menu_id desc  [ RunTime:0.0011s ]
NOTIC: [8] Undefined index: a D:\web\takahashi\Application\Common\Common\function.php 第 38 行.
NOTIC: [8] Undefined index: a D:\web\takahashi\Application\Common\Common\function.php 第 38 行.
NOTIC: [8] Undefined index: a D:\web\takahashi\Application\Common\Common\function.php 第 38 行.
NOTIC: [8] Undefined index: a D:\web\takahashi\Application\Common\Common\function.php 第 38 行.
NOTIC: [8] Undefined index: a D:\web\takahashi\Application\Common\Common\function.php 第 38 行.
NOTIC: [8] Undefined index: a D:\web\takahashi\Application\Common\Common\function.php 第 38 行.
INFO: Run Behavior\ParseTemplateBehavior [ RunTime:0.250175s ]
INFO: [ view_parse ] --END-- [ RunTime:0.250217s ]
INFO: [ view_filter ] --START--
INFO: Run Behavior\WriteHtmlCacheBehavior [ RunTime:0.008915s ]
INFO: [ view_filter ] --END-- [ RunTime:0.008966s ]
INFO: [ app_end ] --START--
INFO: Run Behavior\ShowPageTraceBehavior [ RunTime:0.013740s ]
INFO: [ app_end ] --END-- [ RunTime:0.013872s ]

[ 2016-07-16T15:55:03+08:00 ] 127.0.0.1 /admin.php?c=menu
INFO: [ app_init ] --START--
INFO: Run Behavior\BuildLiteBehavior [ RunTime:0.000011s ]
INFO: [ app_init ] --END-- [ RunTime:0.000441s ]
INFO: [ app_begin ] --START--
INFO: Run Behavior\ReadHtmlCacheBehavior [ RunTime:0.000946s ]
INFO: [ app_begin ] --END-- [ RunTime:0.000993s ]
NOTIC: [2048] Declaration of Common\Model\MenuModel::find() should be compatible with Think\Model::find($options = Array) D:\web\takahashi\Application\Common\Model\MenuModel.class.php 第 13 行.
SQL: SHOW COLUMNS FROM `menu` [ RunTime:0.0008s ]
SQL: SELECT * FROM `menu` WHERE `status` <> -1 ORDER BY listorder desc, menu_id desc LIMIT 0,10   [ RunTime:0.0005s ]
SQL: SELECT COUNT(*) AS tp_count FROM `menu` WHERE `status` <> -1 LIMIT 1   [ RunTime:0.0003s ]
INFO: [ view_parse ] --START--
INFO: [ template_filter ] --START--
INFO: Run Behavior\ContentReplaceBehavior [ RunTime:0.000057s ]
INFO: [ template_filter ] --END-- [ RunTime:0.000100s ]
SQL: SELECT * FROM `menu` WHERE `status` <> -1 AND `type` = 1 ORDER BY listorder desc,menu_id desc  [ RunTime:0.0017s ]
NOTIC: [8] Undefined index: a D:\web\takahashi\Application\Common\Common\function.php 第 38 行.
NOTIC: [8] Undefined index: a D:\web\takahashi\Application\Common\Common\function.php 第 38 行.
NOTIC: [8] Undefined index: a D:\web\takahashi\Application\Common\Common\function.php 第 38 行.
NOTIC: [8] Undefined index: a D:\web\takahashi\Application\Common\Common\function.php 第 38 行.
NOTIC: [8] Undefined index: a D:\web\takahashi\Application\Common\Common\function.php 第 38 行.
NOTIC: [8] Undefined index: a D:\web\takahashi\Application\Common\Common\function.php 第 38 行.
NOTIC: [8] Array to string conversion D:\web\takahashi\Application\Runtime\Cache\Admin\b956215329b6f9aca22277599a4efdfc.php 第 100 行.
NOTIC: [8] Undefined variable: type D:\web\takahashi\Application\Runtime\Cache\Admin\b956215329b6f9aca22277599a4efdfc.php 第 114 行.
NOTIC: [8] Undefined variable: type D:\web\takahashi\Application\Runtime\Cache\Admin\b956215329b6f9aca22277599a4efdfc.php 第 115 行.
INFO: Run Behavior\ParseTemplateBehavior [ RunTime:0.086838s ]
INFO: [ view_parse ] --END-- [ RunTime:0.086883s ]
INFO: [ view_filter ] --START--
INFO: Run Behavior\WriteHtmlCacheBehavior [ RunTime:0.000798s ]
INFO: [ view_filter ] --END-- [ RunTime:0.000832s ]
INFO: [ app_end ] --START--
INFO: Run Behavior\ShowPageTraceBehavior [ RunTime:0.001418s ]
INFO: [ app_end ] --END-- [ RunTime:0.001503s ]

[ 2016-07-16T15:55:08+08:00 ] 127.0.0.1 /admin.php?c=menu
INFO: [ app_init ] --START--
INFO: Run Behavior\BuildLiteBehavior [ RunTime:0.000014s ]
INFO: [ app_init ] --END-- [ RunTime:0.000462s ]
INFO: [ app_begin ] --START--
INFO: Run Behavior\ReadHtmlCacheBehavior [ RunTime:0.000882s ]
INFO: [ app_begin ] --END-- [ RunTime:0.000930s ]
NOTIC: [2048] Declaration of Common\Model\MenuModel::find() should be compatible with Think\Model::find($options = Array) D:\web\takahashi\Application\Common\Model\MenuModel.class.php 第 13 行.
SQL: SHOW COLUMNS FROM `menu` [ RunTime:0.0008s ]
SQL: SELECT * FROM `menu` WHERE `status` <> -1 ORDER BY listorder desc, menu_id desc LIMIT 0,10   [ RunTime:0.0005s ]
SQL: SELECT COUNT(*) AS tp_count FROM `menu` WHERE `status` <> -1 LIMIT 1   [ RunTime:0.0003s ]
INFO: [ view_parse ] --START--
INFO: [ template_filter ] --START--
INFO: Run Behavior\ContentReplaceBehavior [ RunTime:0.000058s ]
INFO: [ template_filter ] --END-- [ RunTime:0.000103s ]
SQL: SELECT * FROM `menu` WHERE `status` <> -1 AND `type` = 1 ORDER BY listorder desc,menu_id desc  [ RunTime:0.0007s ]
NOTIC: [8] Undefined index: a D:\web\takahashi\Application\Common\Common\function.php 第 38 行.
NOTIC: [8] Undefined index: a D:\web\takahashi\Application\Common\Common\function.php 第 38 行.
NOTIC: [8] Undefined index: a D:\web\takahashi\Application\Common\Common\function.php 第 38 行.
NOTIC: [8] Undefined index: a D:\web\takahashi\Application\Common\Common\function.php 第 38 行.
NOTIC: [8] Undefined index: a D:\web\takahashi\Application\Common\Common\function.php 第 38 行.
NOTIC: [8] Undefined index: a D:\web\takahashi\Application\Common\Common\function.php 第 38 行.
NOTIC: [8] Array to string conversion D:\web\takahashi\Application\Runtime\Cache\Admin\b956215329b6f9aca22277599a4efdfc.php 第 100 行.
NOTIC: [8] Undefined variable: type D:\web\takahashi\Application\Runtime\Cache\Admin\b956215329b6f9aca22277599a4efdfc.php 第 114 行.
NOTIC: [8] Undefined variable: type D:\web\takahashi\Application\Runtime\Cache\Admin\b956215329b6f9aca22277599a4efdfc.php 第 115 行.
INFO: Run Behavior\ParseTemplateBehavior [ RunTime:0.014016s ]
INFO: [ view_parse ] --END-- [ RunTime:0.014058s ]
INFO: [ view_filter ] --START--
INFO: Run Behavior\WriteHtmlCacheBehavior [ RunTime:0.000807s ]
INFO: [ view_filter ] --END-- [ RunTime:0.000839s ]
INFO: [ app_end ] --START--
INFO: Run Behavior\ShowPageTraceBehavior [ RunTime:0.001474s ]
INFO: [ app_end ] --END-- [ RunTime:0.001571s ]

[ 2016-07-16T15:55:09+08:00 ] 127.0.0.1 /admin.php?c=menu
INFO: [ app_init ] --START--
INFO: Run Behavior\BuildLiteBehavior [ RunTime:0.000030s ]
INFO: [ app_init ] --END-- [ RunTime:0.000786s ]
INFO: [ app_begin ] --START--
INFO: Run Behavior\ReadHtmlCacheBehavior [ RunTime:0.001208s ]
INFO: [ app_begin ] --END-- [ RunTime:0.001292s ]
NOTIC: [2048] Declaration of Common\Model\MenuModel::find() should be compatible with Think\Model::find($options = Array) D:\web\takahashi\Application\Common\Model\MenuModel.class.php 第 13 行.
SQL: SHOW COLUMNS FROM `menu` [ RunTime:0.0011s ]
SQL: SELECT * FROM `menu` WHERE `status` <> -1 ORDER BY listorder desc, menu_id desc LIMIT 0,10   [ RunTime:0.0012s ]
SQL: SELECT COUNT(*) AS tp_count FROM `menu` WHERE `status` <> -1 LIMIT 1   [ RunTime:0.0004s ]
INFO: [ view_parse ] --START--
INFO: [ template_filter ] --START--
INFO: Run Behavior\ContentReplaceBehavior [ RunTime:0.000061s ]
INFO: [ template_filter ] --END-- [ RunTime:0.000107s ]
SQL: SELECT * FROM `menu` WHERE `status` <> -1 AND `type` = 1 ORDER BY listorder desc,menu_id desc  [ RunTime:0.0007s ]
NOTIC: [8] Undefined index: a D:\web\takahashi\Application\Common\Common\function.php 第 38 行.
NOTIC: [8] Undefined index: a D:\web\takahashi\Application\Common\Common\function.php 第 38 行.
NOTIC: [8] Undefined index: a D:\web\takahashi\Application\Common\Common\function.php 第 38 行.
NOTIC: [8] Undefined index: a D:\web\takahashi\Application\Common\Common\function.php 第 38 行.
NOTIC: [8] Undefined index: a D:\web\takahashi\Application\Common\Common\function.php 第 38 行.
NOTIC: [8] Undefined index: a D:\web\takahashi\Application\Common\Common\function.php 第 38 行.
NOTIC: [8] Array to string conversion D:\web\takahashi\Application\Runtime\Cache\Admin\b956215329b6f9aca22277599a4efdfc.php 第 100 行.
NOTIC: [8] Undefined variable: type D:\web\takahashi\Application\Runtime\Cache\Admin\b956215329b6f9aca22277599a4efdfc.php 第 114 行.
NOTIC: [8] Undefined variable: type D:\web\takahashi\Application\Runtime\Cache\Admin\b956215329b6f9aca22277599a4efdfc.php 第 115 行.
INFO: Run Behavior\ParseTemplateBehavior [ RunTime:0.014189s ]
INFO: [ view_parse ] --END-- [ RunTime:0.014344s ]
INFO: [ view_filter ] --START--
INFO: Run Behavior\WriteHtmlCacheBehavior [ RunTime:0.001585s ]
INFO: [ view_filter ] --END-- [ RunTime:0.001660s ]
INFO: [ app_end ] --START--
INFO: Run Behavior\ShowPageTraceBehavior [ RunTime:0.000926s ]
INFO: [ app_end ] --END-- [ RunTime:0.000993s ]

[ 2016-07-16T15:55:10+08:00 ] 127.0.0.1 /admin.php?c=menu
INFO: [ app_init ] --START--
INFO: Run Behavior\BuildLiteBehavior [ RunTime:0.000011s ]
INFO: [ app_init ] --END-- [ RunTime:0.000358s ]
INFO: [ app_begin ] --START--
INFO: Run Behavior\ReadHtmlCacheBehavior [ RunTime:0.000428s ]
INFO: [ app_begin ] --END-- [ RunTime:0.000471s ]
NOTIC: [2048] Declaration of Common\Model\MenuModel::find() should be compatible with Think\Model::find($options = Array) D:\web\takahashi\Application\Common\Model\MenuModel.class.php 第 13 行.
SQL: SHOW COLUMNS FROM `menu` [ RunTime:0.0007s ]
SQL: SELECT * FROM `menu` WHERE `status` <> -1 ORDER BY listorder desc, menu_id desc LIMIT 0,10   [ RunTime:0.0004s ]
SQL: SELECT COUNT(*) AS tp_count FROM `menu` WHERE `status` <> -1 LIMIT 1   [ RunTime:0.0002s ]
INFO: [ view_parse ] --START--
INFO: [ template_filter ] --START--
INFO: Run Behavior\ContentReplaceBehavior [ RunTime:0.000057s ]
INFO: [ template_filter ] --END-- [ RunTime:0.000101s ]
SQL: SELECT * FROM `menu` WHERE `status` <> -1 AND `type` = 1 ORDER BY listorder desc,menu_id desc  [ RunTime:0.0005s ]
NOTIC: [8] Undefined index: a D:\web\takahashi\Application\Common\Common\function.php 第 38 行.
NOTIC: [8] Undefined index: a D:\web\takahashi\Application\Common\Common\function.php 第 38 行.
NOTIC: [8] Undefined index: a D:\web\takahashi\Application\Common\Common\function.php 第 38 行.
NOTIC: [8] Undefined index: a D:\web\takahashi\Application\Common\Common\function.php 第 38 行.
NOTIC: [8] Undefined index: a D:\web\takahashi\Application\Common\Common\function.php 第 38 行.
NOTIC: [8] Undefined index: a D:\web\takahashi\Application\Common\Common\function.php 第 38 行.
NOTIC: [8] Array to string conversion D:\web\takahashi\Application\Runtime\Cache\Admin\b956215329b6f9aca22277599a4efdfc.php 第 100 行.
NOTIC: [8] Undefined variable: type D:\web\takahashi\Application\Runtime\Cache\Admin\b956215329b6f9aca22277599a4efdfc.php 第 114 行.
NOTIC: [8] Undefined variable: type D:\web\takahashi\Application\Runtime\Cache\Admin\b956215329b6f9aca22277599a4efdfc.php 第 115 行.
INFO: Run Behavior\ParseTemplateBehavior [ RunTime:0.012998s ]
INFO: [ view_parse ] --END-- [ RunTime:0.013040s ]
INFO: [ view_filter ] --START--
INFO: Run Behavior\WriteHtmlCacheBehavior [ RunTime:0.000311s ]
INFO: [ view_filter ] --END-- [ RunTime:0.000345s ]
INFO: [ app_end ] --START--
INFO: Run Behavior\ShowPageTraceBehavior [ RunTime:0.000485s ]
INFO: [ app_end ] --END-- [ RunTime:0.000529s ]

[ 2016-07-16T16:08:45+08:00 ] 127.0.0.1 /admin.php?c=index&a=index
INFO: [ app_init ] --START--
INFO: Run Behavior\BuildLiteBehavior [ RunTime:0.000012s ]
INFO: [ app_init ] --END-- [ RunTime:0.000606s ]
INFO: [ app_begin ] --START--
INFO: Run Behavior\ReadHtmlCacheBehavior [ RunTime:0.000763s ]
INFO: [ app_begin ] --END-- [ RunTime:0.000812s ]
INFO: [ view_parse ] --START--
INFO: [ template_filter ] --START--
INFO: Run Behavior\ContentReplaceBehavior [ RunTime:0.000064s ]
INFO: [ template_filter ] --END-- [ RunTime:0.000106s ]
NOTIC: [2048] Declaration of Common\Model\MenuModel::find() should be compatible with Think\Model::find($options = Array) D:\web\takahashi\Application\Common\Model\MenuModel.class.php 第 13 行.
SQL: SHOW COLUMNS FROM `menu` [ RunTime:0.0031s ]
SQL: SELECT * FROM `menu` WHERE `status` <> -1 AND `type` = 1 ORDER BY listorder desc,menu_id desc  [ RunTime:0.0010s ]
NOTIC: [8] Undefined index: a D:\web\takahashi\Application\Common\Common\function.php 第 38 行.
NOTIC: [8] Undefined index: a D:\web\takahashi\Application\Common\Common\function.php 第 38 行.
NOTIC: [8] Undefined index: a D:\web\takahashi\Application\Common\Common\function.php 第 38 行.
NOTIC: [8] Undefined index: a D:\web\takahashi\Application\Common\Common\function.php 第 38 行.
NOTIC: [8] Undefined index: a D:\web\takahashi\Application\Common\Common\function.php 第 38 行.
NOTIC: [8] Undefined index: a D:\web\takahashi\Application\Common\Common\function.php 第 38 行.
INFO: Run Behavior\ParseTemplateBehavior [ RunTime:0.032071s ]
INFO: [ view_parse ] --END-- [ RunTime:0.032109s ]
INFO: [ view_filter ] --START--
INFO: Run Behavior\WriteHtmlCacheBehavior [ RunTime:0.000544s ]
INFO: [ view_filter ] --END-- [ RunTime:0.000583s ]
INFO: [ app_end ] --START--
INFO: Run Behavior\ShowPageTraceBehavior [ RunTime:0.001143s ]
INFO: [ app_end ] --END-- [ RunTime:0.001292s ]

[ 2016-07-16T16:08:46+08:00 ] 127.0.0.1 /admin.php?c=menu
INFO: [ app_init ] --START--
INFO: Run Behavior\BuildLiteBehavior [ RunTime:0.000015s ]
INFO: [ app_init ] --END-- [ RunTime:0.000391s ]
INFO: [ app_begin ] --START--
INFO: Run Behavior\ReadHtmlCacheBehavior [ RunTime:0.000588s ]
INFO: [ app_begin ] --END-- [ RunTime:0.000646s ]
NOTIC: [2048] Declaration of Common\Model\MenuModel::find() should be compatible with Think\Model::find($options = Array) D:\web\takahashi\Application\Common\Model\MenuModel.class.php 第 13 行.
SQL: SHOW COLUMNS FROM `menu` [ RunTime:0.0008s ]
SQL: SELECT * FROM `menu` WHERE `status` <> -1 ORDER BY listorder desc, menu_id desc LIMIT 0,10   [ RunTime:0.0005s ]
SQL: SELECT COUNT(*) AS tp_count FROM `menu` WHERE `status` <> -1 LIMIT 1   [ RunTime:0.0003s ]
INFO: [ view_parse ] --START--
INFO: [ template_filter ] --START--
INFO: Run Behavior\ContentReplaceBehavior [ RunTime:0.000057s ]
INFO: [ template_filter ] --END-- [ RunTime:0.000104s ]
SQL: SELECT * FROM `menu` WHERE `status` <> -1 AND `type` = 1 ORDER BY listorder desc,menu_id desc  [ RunTime:0.0006s ]
NOTIC: [8] Undefined index: a D:\web\takahashi\Application\Common\Common\function.php 第 38 行.
NOTIC: [8] Undefined index: a D:\web\takahashi\Application\Common\Common\function.php 第 38 行.
NOTIC: [8] Undefined index: a D:\web\takahashi\Application\Common\Common\function.php 第 38 行.
NOTIC: [8] Undefined index: a D:\web\takahashi\Application\Common\Common\function.php 第 38 行.
NOTIC: [8] Undefined index: a D:\web\takahashi\Application\Common\Common\function.php 第 38 行.
NOTIC: [8] Undefined index: a D:\web\takahashi\Application\Common\Common\function.php 第 38 行.
NOTIC: [8] Array to string conversion D:\web\takahashi\Application\Runtime\Cache\Admin\b956215329b6f9aca22277599a4efdfc.php 第 100 行.
NOTIC: [8] Undefined variable: type D:\web\takahashi\Application\Runtime\Cache\Admin\b956215329b6f9aca22277599a4efdfc.php 第 114 行.
NOTIC: [8] Undefined variable: type D:\web\takahashi\Application\Runtime\Cache\Admin\b956215329b6f9aca22277599a4efdfc.php 第 115 行.
INFO: Run Behavior\ParseTemplateBehavior [ RunTime:0.013009s ]
INFO: [ view_parse ] --END-- [ RunTime:0.013050s ]
INFO: [ view_filter ] --START--
INFO: Run Behavior\WriteHtmlCacheBehavior [ RunTime:0.000325s ]
INFO: [ view_filter ] --END-- [ RunTime:0.000358s ]
INFO: [ app_end ] --START--
INFO: Run Behavior\ShowPageTraceBehavior [ RunTime:0.000636s ]
INFO: [ app_end ] --END-- [ RunTime:0.000705s ]

[ 2016-07-16T16:08:48+08:00 ] 127.0.0.1 /admin.php?c=menu&a=add
INFO: [ app_init ] --START--
INFO: Run Behavior\BuildLiteBehavior [ RunTime:0.000012s ]
INFO: [ app_init ] --END-- [ RunTime:0.000423s ]
INFO: [ app_begin ] --START--
INFO: Run Behavior\ReadHtmlCacheBehavior [ RunTime:0.000541s ]
INFO: [ app_begin ] --END-- [ RunTime:0.000593s ]
INFO: [ view_parse ] --START--
INFO: [ template_filter ] --START--
INFO: Run Behavior\ContentReplaceBehavior [ RunTime:0.000072s ]
INFO: [ template_filter ] --END-- [ RunTime:0.000146s ]
NOTIC: [2048] Declaration of Common\Model\MenuModel::find() should be compatible with Think\Model::find($options = Array) D:\web\takahashi\Application\Common\Model\MenuModel.class.php 第 13 行.
SQL: SHOW COLUMNS FROM `menu` [ RunTime:0.0008s ]
SQL: SELECT * FROM `menu` WHERE `status` <> -1 AND `type` = 1 ORDER BY listorder desc,menu_id desc  [ RunTime:0.0009s ]
NOTIC: [8] Undefined index: a D:\web\takahashi\Application\Common\Common\function.php 第 38 行.
NOTIC: [8] Undefined index: a D:\web\takahashi\Application\Common\Common\function.php 第 38 行.
NOTIC: [8] Undefined index: a D:\web\takahashi\Application\Common\Common\function.php 第 38 行.
NOTIC: [8] Undefined index: a D:\web\takahashi\Application\Common\Common\function.php 第 38 行.
NOTIC: [8] Undefined index: a D:\web\takahashi\Application\Common\Common\function.php 第 38 行.
NOTIC: [8] Undefined index: a D:\web\takahashi\Application\Common\Common\function.php 第 38 行.
NOTIC: [8] Undefined variable: menus D:\web\takahashi\Application\Runtime\Cache\Admin\31553d7bb41170a30982ff9dddd5d67e.php 第 122 行.
INFO: Run Behavior\ParseTemplateBehavior [ RunTime:0.062016s ]
INFO: [ view_parse ] --END-- [ RunTime:0.062061s ]
INFO: [ view_filter ] --START--
INFO: Run Behavior\WriteHtmlCacheBehavior [ RunTime:0.000542s ]
INFO: [ view_filter ] --END-- [ RunTime:0.000591s ]
INFO: [ app_end ] --START--
INFO: Run Behavior\ShowPageTraceBehavior [ RunTime:0.000955s ]
INFO: [ app_end ] --END-- [ RunTime:0.001037s ]

[ 2016-07-16T16:08:49+08:00 ] 127.0.0.1 /admin.php?c=menu&a=add
INFO: [ app_init ] --START--
INFO: Run Behavior\BuildLiteBehavior [ RunTime:0.000019s ]
INFO: [ app_init ] --END-- [ RunTime:0.000506s ]
INFO: [ app_begin ] --START--
INFO: Run Behavior\ReadHtmlCacheBehavior [ RunTime:0.000436s ]
INFO: [ app_begin ] --END-- [ RunTime:0.000476s ]

[ 2016-07-16T16:08:54+08:00 ] 127.0.0.1 /admin.php?c=menu
INFO: [ app_init ] --START--
INFO: Run Behavior\BuildLiteBehavior [ RunTime:0.000019s ]
INFO: [ app_init ] --END-- [ RunTime:0.000484s ]
INFO: [ app_begin ] --START--
INFO: Run Behavior\ReadHtmlCacheBehavior [ RunTime:0.000437s ]
INFO: [ app_begin ] --END-- [ RunTime:0.000480s ]
NOTIC: [2048] Declaration of Common\Model\MenuModel::find() should be compatible with Think\Model::find($options = Array) D:\web\takahashi\Application\Common\Model\MenuModel.class.php 第 13 行.
SQL: SHOW COLUMNS FROM `menu` [ RunTime:0.0008s ]
SQL: SELECT * FROM `menu` WHERE `status` <> -1 ORDER BY listorder desc, menu_id desc LIMIT 0,10   [ RunTime:0.0005s ]
SQL: SELECT COUNT(*) AS tp_count FROM `menu` WHERE `status` <> -1 LIMIT 1   [ RunTime:0.0003s ]
INFO: [ view_parse ] --START--
INFO: [ template_filter ] --START--
INFO: Run Behavior\ContentReplaceBehavior [ RunTime:0.000058s ]
INFO: [ template_filter ] --END-- [ RunTime:0.000104s ]
SQL: SELECT * FROM `menu` WHERE `status` <> -1 AND `type` = 1 ORDER BY listorder desc,menu_id desc  [ RunTime:0.0010s ]
NOTIC: [8] Undefined index: a D:\web\takahashi\Application\Common\Common\function.php 第 38 行.
NOTIC: [8] Undefined index: a D:\web\takahashi\Application\Common\Common\function.php 第 38 行.
NOTIC: [8] Undefined index: a D:\web\takahashi\Application\Common\Common\function.php 第 38 行.
NOTIC: [8] Undefined index: a D:\web\takahashi\Application\Common\Common\function.php 第 38 行.
NOTIC: [8] Undefined index: a D:\web\takahashi\Application\Common\Common\function.php 第 38 行.
NOTIC: [8] Undefined index: a D:\web\takahashi\Application\Common\Common\function.php 第 38 行.
NOTIC: [8] Array to string conversion D:\web\takahashi\Application\Runtime\Cache\Admin\b956215329b6f9aca22277599a4efdfc.php 第 100 行.
NOTIC: [8] Undefined variable: type D:\web\takahashi\Application\Runtime\Cache\Admin\b956215329b6f9aca22277599a4efdfc.php 第 114 行.
NOTIC: [8] Undefined variable: type D:\web\takahashi\Application\Runtime\Cache\Admin\b956215329b6f9aca22277599a4efdfc.php 第 115 行.
INFO: Run Behavior\ParseTemplateBehavior [ RunTime:0.012591s ]
INFO: [ view_parse ] --END-- [ RunTime:0.012643s ]
INFO: [ view_filter ] --START--
INFO: Run Behavior\WriteHtmlCacheBehavior [ RunTime:0.000426s ]
INFO: [ view_filter ] --END-- [ RunTime:0.000476s ]
INFO: [ app_end ] --START--
INFO: Run Behavior\ShowPageTraceBehavior [ RunTime:0.000880s ]
INFO: [ app_end ] --END-- [ RunTime:0.000935s ]

[ 2016-07-16T16:08:55+08:00 ] 127.0.0.1 /admin.php?c=menu&a=add
INFO: [ app_init ] --START--
INFO: Run Behavior\BuildLiteBehavior [ RunTime:0.000011s ]
INFO: [ app_init ] --END-- [ RunTime:0.000348s ]
INFO: [ app_begin ] --START--
INFO: Run Behavior\ReadHtmlCacheBehavior [ RunTime:0.000431s ]
INFO: [ app_begin ] --END-- [ RunTime:0.000476s ]
INFO: [ view_parse ] --START--
INFO: [ template_filter ] --START--
INFO: Run Behavior\ContentReplaceBehavior [ RunTime:0.000057s ]
INFO: [ template_filter ] --END-- [ RunTime:0.000102s ]
NOTIC: [2048] Declaration of Common\Model\MenuModel::find() should be compatible with Think\Model::find($options = Array) D:\web\takahashi\Application\Common\Model\MenuModel.class.php 第 13 行.
SQL: SHOW COLUMNS FROM `menu` [ RunTime:0.0018s ]
SQL: SELECT * FROM `menu` WHERE `status` <> -1 AND `type` = 1 ORDER BY listorder desc,menu_id desc  [ RunTime:0.0005s ]
NOTIC: [8] Undefined index: a D:\web\takahashi\Application\Common\Common\function.php 第 38 行.
NOTIC: [8] Undefined index: a D:\web\takahashi\Application\Common\Common\function.php 第 38 行.
NOTIC: [8] Undefined index: a D:\web\takahashi\Application\Common\Common\function.php 第 38 行.
NOTIC: [8] Undefined index: a D:\web\takahashi\Application\Common\Common\function.php 第 38 行.
NOTIC: [8] Undefined index: a D:\web\takahashi\Application\Common\Common\function.php 第 38 行.
NOTIC: [8] Undefined index: a D:\web\takahashi\Application\Common\Common\function.php 第 38 行.
NOTIC: [8] Undefined variable: menus D:\web\takahashi\Application\Runtime\Cache\Admin\31553d7bb41170a30982ff9dddd5d67e.php 第 122 行.
INFO: Run Behavior\ParseTemplateBehavior [ RunTime:0.024187s ]
INFO: [ view_parse ] --END-- [ RunTime:0.024252s ]
INFO: [ view_filter ] --START--
INFO: Run Behavior\WriteHtmlCacheBehavior [ RunTime:0.000361s ]
INFO: [ view_filter ] --END-- [ RunTime:0.000393s ]
INFO: [ app_end ] --START--
INFO: Run Behavior\ShowPageTraceBehavior [ RunTime:0.000633s ]
INFO: [ app_end ] --END-- [ RunTime:0.000691s ]

[ 2016-07-16T16:08:55+08:00 ] 127.0.0.1 /admin.php?c=menu&a=add
INFO: [ app_init ] --START--
INFO: Run Behavior\BuildLiteBehavior [ RunTime:0.000012s ]
INFO: [ app_init ] --END-- [ RunTime:0.000358s ]
INFO: [ app_begin ] --START--
INFO: Run Behavior\ReadHtmlCacheBehavior [ RunTime:0.000425s ]
INFO: [ app_begin ] --END-- [ RunTime:0.000464s ]

[ 2016-07-16T16:08:59+08:00 ] 127.0.0.1 /admin.php?c=menu
INFO: [ app_init ] --START--
INFO: Run Behavior\BuildLiteBehavior [ RunTime:0.000012s ]
INFO: [ app_init ] --END-- [ RunTime:0.000348s ]
INFO: [ app_begin ] --START--
INFO: Run Behavior\ReadHtmlCacheBehavior [ RunTime:0.000483s ]
INFO: [ app_begin ] --END-- [ RunTime:0.000551s ]
NOTIC: [2048] Declaration of Common\Model\MenuModel::find() should be compatible with Think\Model::find($options = Array) D:\web\takahashi\Application\Common\Model\MenuModel.class.php 第 13 行.
SQL: SHOW COLUMNS FROM `menu` [ RunTime:0.0011s ]
SQL: SELECT * FROM `menu` WHERE `status` <> -1 ORDER BY listorder desc, menu_id desc LIMIT 0,10   [ RunTime:0.0007s ]
SQL: SELECT COUNT(*) AS tp_count FROM `menu` WHERE `status` <> -1 LIMIT 1   [ RunTime:0.0003s ]
INFO: [ view_parse ] --START--
INFO: [ template_filter ] --START--
INFO: Run Behavior\ContentReplaceBehavior [ RunTime:0.000056s ]
INFO: [ template_filter ] --END-- [ RunTime:0.000098s ]
SQL: SELECT * FROM `menu` WHERE `status` <> -1 AND `type` = 1 ORDER BY listorder desc,menu_id desc  [ RunTime:0.0005s ]
NOTIC: [8] Undefined index: a D:\web\takahashi\Application\Common\Common\function.php 第 38 行.
NOTIC: [8] Undefined index: a D:\web\takahashi\Application\Common\Common\function.php 第 38 行.
NOTIC: [8] Undefined index: a D:\web\takahashi\Application\Common\Common\function.php 第 38 行.
NOTIC: [8] Undefined index: a D:\web\takahashi\Application\Common\Common\function.php 第 38 行.
NOTIC: [8] Undefined index: a D:\web\takahashi\Application\Common\Common\function.php 第 38 行.
NOTIC: [8] Undefined index: a D:\web\takahashi\Application\Common\Common\function.php 第 38 行.
NOTIC: [8] Array to string conversion D:\web\takahashi\Application\Runtime\Cache\Admin\b956215329b6f9aca22277599a4efdfc.php 第 100 行.
NOTIC: [8] Undefined variable: type D:\web\takahashi\Application\Runtime\Cache\Admin\b956215329b6f9aca22277599a4efdfc.php 第 114 行.
NOTIC: [8] Undefined variable: type D:\web\takahashi\Application\Runtime\Cache\Admin\b956215329b6f9aca22277599a4efdfc.php 第 115 行.
INFO: Run Behavior\ParseTemplateBehavior [ RunTime:0.011631s ]
INFO: [ view_parse ] --END-- [ RunTime:0.011669s ]
INFO: [ view_filter ] --START--
INFO: Run Behavior\WriteHtmlCacheBehavior [ RunTime:0.000281s ]
INFO: [ view_filter ] --END-- [ RunTime:0.000313s ]
INFO: [ app_end ] --START--
INFO: Run Behavior\ShowPageTraceBehavior [ RunTime:0.000462s ]
INFO: [ app_end ] --END-- [ RunTime:0.000504s ]

[ 2016-07-16T16:09:00+08:00 ] 127.0.0.1 /admin.php?c=menu&a=edit&id=8
INFO: [ app_init ] --START--
INFO: Run Behavior\BuildLiteBehavior [ RunTime:0.000011s ]
INFO: [ app_init ] --END-- [ RunTime:0.000353s ]
INFO: [ app_begin ] --START--
INFO: Run Behavior\ReadHtmlCacheBehavior [ RunTime:0.000417s ]
INFO: [ app_begin ] --END-- [ RunTime:0.000459s ]
NOTIC: [2048] Declaration of Common\Model\MenuModel::find() should be compatible with Think\Model::find($options = Array) D:\web\takahashi\Application\Common\Model\MenuModel.class.php 第 13 行.
SQL: SHOW COLUMNS FROM `menu` [ RunTime:0.0014s ]
SQL: SELECT * FROM `menu` WHERE ( menu_id=8 ) LIMIT 1   [ RunTime:0.0005s ]
INFO: [ view_parse ] --START--
INFO: [ template_filter ] --START--
INFO: Run Behavior\ContentReplaceBehavior [ RunTime:0.000052s ]
INFO: [ template_filter ] --END-- [ RunTime:0.000099s ]
SQL: SELECT * FROM `menu` WHERE `status` <> -1 AND `type` = 1 ORDER BY listorder desc,menu_id desc  [ RunTime:0.0005s ]
NOTIC: [8] Undefined index: a D:\web\takahashi\Application\Common\Common\function.php 第 38 行.
NOTIC: [8] Undefined index: a D:\web\takahashi\Application\Common\Common\function.php 第 38 行.
NOTIC: [8] Undefined index: a D:\web\takahashi\Application\Common\Common\function.php 第 38 行.
NOTIC: [8] Undefined index: a D:\web\takahashi\Application\Common\Common\function.php 第 38 行.
NOTIC: [8] Undefined index: a D:\web\takahashi\Application\Common\Common\function.php 第 38 行.
NOTIC: [8] Undefined index: a D:\web\takahashi\Application\Common\Common\function.php 第 38 行.
INFO: Run Behavior\ParseTemplateBehavior [ RunTime:0.050395s ]
INFO: [ view_parse ] --END-- [ RunTime:0.050441s ]
INFO: [ view_filter ] --START--
INFO: Run Behavior\WriteHtmlCacheBehavior [ RunTime:0.000286s ]
INFO: [ view_filter ] --END-- [ RunTime:0.000319s ]
INFO: [ app_end ] --START--
INFO: Run Behavior\ShowPageTraceBehavior [ RunTime:0.000423s ]
INFO: [ app_end ] --END-- [ RunTime:0.000459s ]

[ 2016-07-16T16:09:01+08:00 ] 127.0.0.1 /admin.php?c=menu&a=add
INFO: [ app_init ] --START--
INFO: Run Behavior\BuildLiteBehavior [ RunTime:0.000010s ]
INFO: [ app_init ] --END-- [ RunTime:0.000343s ]
INFO: [ app_begin ] --START--
INFO: Run Behavior\ReadHtmlCacheBehavior [ RunTime:0.000414s ]
INFO: [ app_begin ] --END-- [ RunTime:0.000453s ]
NOTIC: [2048] Declaration of Common\Model\MenuModel::find() should be compatible with Think\Model::find($options = Array) D:\web\takahashi\Application\Common\Model\MenuModel.class.php 第 13 行.
SQL: SHOW COLUMNS FROM `menu` [ RunTime:0.0012s ]
SQL: UPDATE `menu` SET `name`='科技',`type`='0',`m`='home',`c`='cat',`f`='index',`status`='0' WHERE ( menu_id=8 ) [ RunTime:0.0017s ]

[ 2016-07-16T16:09:05+08:00 ] 127.0.0.1 /admin.php?c=menu&a=add
INFO: [ app_init ] --START--
INFO: Run Behavior\BuildLiteBehavior [ RunTime:0.000011s ]
INFO: [ app_init ] --END-- [ RunTime:0.000347s ]
INFO: [ app_begin ] --START--
INFO: Run Behavior\ReadHtmlCacheBehavior [ RunTime:0.000410s ]
INFO: [ app_begin ] --END-- [ RunTime:0.000449s ]
NOTIC: [2048] Declaration of Common\Model\MenuModel::find() should be compatible with Think\Model::find($options = Array) D:\web\takahashi\Application\Common\Model\MenuModel.class.php 第 13 行.
SQL: SHOW COLUMNS FROM `menu` [ RunTime:0.0010s ]
SQL: UPDATE `menu` SET `name`='科技',`type`='1',`m`='home',`c`='cat',`f`='index',`status`='0' WHERE ( menu_id=8 ) [ RunTime:0.0004s ]

[ 2016-07-16T16:09:06+08:00 ] 127.0.0.1 /admin.php?c=menu
INFO: [ app_init ] --START--
INFO: Run Behavior\BuildLiteBehavior [ RunTime:0.000013s ]
INFO: [ app_init ] --END-- [ RunTime:0.000449s ]
INFO: [ app_begin ] --START--
INFO: Run Behavior\ReadHtmlCacheBehavior [ RunTime:0.000556s ]
INFO: [ app_begin ] --END-- [ RunTime:0.000613s ]
NOTIC: [2048] Declaration of Common\Model\MenuModel::find() should be compatible with Think\Model::find($options = Array) D:\web\takahashi\Application\Common\Model\MenuModel.class.php 第 13 行.
SQL: SHOW COLUMNS FROM `menu` [ RunTime:0.0020s ]
SQL: SELECT * FROM `menu` WHERE `status` <> -1 ORDER BY listorder desc, menu_id desc LIMIT 0,10   [ RunTime:0.0005s ]
SQL: SELECT COUNT(*) AS tp_count FROM `menu` WHERE `status` <> -1 LIMIT 1   [ RunTime:0.0003s ]
INFO: [ view_parse ] --START--
INFO: [ template_filter ] --START--
INFO: Run Behavior\ContentReplaceBehavior [ RunTime:0.000056s ]
INFO: [ template_filter ] --END-- [ RunTime:0.000097s ]
SQL: SELECT * FROM `menu` WHERE `status` <> -1 AND `type` = 1 ORDER BY listorder desc,menu_id desc  [ RunTime:0.0006s ]
NOTIC: [8] Undefined index: a D:\web\takahashi\Application\Common\Common\function.php 第 38 行.
NOTIC: [8] Undefined index: a D:\web\takahashi\Application\Common\Common\function.php 第 38 行.
NOTIC: [8] Undefined index: a D:\web\takahashi\Application\Common\Common\function.php 第 38 行.
NOTIC: [8] Undefined index: a D:\web\takahashi\Application\Common\Common\function.php 第 38 行.
NOTIC: [8] Undefined index: a D:\web\takahashi\Application\Common\Common\function.php 第 38 行.
NOTIC: [8] Undefined index: a D:\web\takahashi\Application\Common\Common\function.php 第 38 行.
NOTIC: [8] Undefined index: a D:\web\takahashi\Application\Common\Common\function.php 第 38 行.
NOTIC: [8] Array to string conversion D:\web\takahashi\Application\Runtime\Cache\Admin\b956215329b6f9aca22277599a4efdfc.php 第 100 行.
NOTIC: [8] Undefined variable: type D:\web\takahashi\Application\Runtime\Cache\Admin\b956215329b6f9aca22277599a4efdfc.php 第 114 行.
NOTIC: [8] Undefined variable: type D:\web\takahashi\Application\Runtime\Cache\Admin\b956215329b6f9aca22277599a4efdfc.php 第 115 行.
INFO: Run Behavior\ParseTemplateBehavior [ RunTime:0.011246s ]
INFO: [ view_parse ] --END-- [ RunTime:0.011304s ]
INFO: [ view_filter ] --START--
INFO: Run Behavior\WriteHtmlCacheBehavior [ RunTime:0.000328s ]
INFO: [ view_filter ] --END-- [ RunTime:0.000371s ]
INFO: [ app_end ] --START--
INFO: Run Behavior\ShowPageTraceBehavior [ RunTime:0.000685s ]
INFO: [ app_end ] --END-- [ RunTime:0.000740s ]

[ 2016-07-16T16:09:08+08:00 ] 127.0.0.1 /admin.php?c=menu&a=edit&id=8
INFO: [ app_init ] --START--
INFO: Run Behavior\BuildLiteBehavior [ RunTime:0.000026s ]
INFO: [ app_init ] --END-- [ RunTime:0.000385s ]
INFO: [ app_begin ] --START--
INFO: Run Behavior\ReadHtmlCacheBehavior [ RunTime:0.000464s ]
INFO: [ app_begin ] --END-- [ RunTime:0.000509s ]
NOTIC: [2048] Declaration of Common\Model\MenuModel::find() should be compatible with Think\Model::find($options = Array) D:\web\takahashi\Application\Common\Model\MenuModel.class.php 第 13 行.
SQL: SHOW COLUMNS FROM `menu` [ RunTime:0.0007s ]
SQL: SELECT * FROM `menu` WHERE ( menu_id=8 ) LIMIT 1   [ RunTime:0.0003s ]
INFO: [ view_parse ] --START--
INFO: [ template_filter ] --START--
INFO: Run Behavior\ContentReplaceBehavior [ RunTime:0.000058s ]
INFO: [ template_filter ] --END-- [ RunTime:0.000105s ]
SQL: SELECT * FROM `menu` WHERE `status` <> -1 AND `type` = 1 ORDER BY listorder desc,menu_id desc  [ RunTime:0.0005s ]
NOTIC: [8] Undefined index: a D:\web\takahashi\Application\Common\Common\function.php 第 38 行.
NOTIC: [8] Undefined index: a D:\web\takahashi\Application\Common\Common\function.php 第 38 行.
NOTIC: [8] Undefined index: a D:\web\takahashi\Application\Common\Common\function.php 第 38 行.
NOTIC: [8] Undefined index: a D:\web\takahashi\Application\Common\Common\function.php 第 38 行.
NOTIC: [8] Undefined index: a D:\web\takahashi\Application\Common\Common\function.php 第 38 行.
NOTIC: [8] Undefined index: a D:\web\takahashi\Application\Common\Common\function.php 第 38 行.
NOTIC: [8] Undefined index: a D:\web\takahashi\Application\Common\Common\function.php 第 38 行.
INFO: Run Behavior\ParseTemplateBehavior [ RunTime:0.011253s ]
INFO: [ view_parse ] --END-- [ RunTime:0.011298s ]
INFO: [ view_filter ] --START--
INFO: Run Behavior\WriteHtmlCacheBehavior [ RunTime:0.000276s ]
INFO: [ view_filter ] --END-- [ RunTime:0.000307s ]
INFO: [ app_end ] --START--
INFO: Run Behavior\ShowPageTraceBehavior [ RunTime:0.000426s ]
INFO: [ app_end ] --END-- [ RunTime:0.000463s ]

[ 2016-07-16T16:09:09+08:00 ] 127.0.0.1 /admin.php?c=menu&a=add
INFO: [ app_init ] --START--
INFO: Run Behavior\BuildLiteBehavior [ RunTime:0.000013s ]
INFO: [ app_init ] --END-- [ RunTime:0.000383s ]
INFO: [ app_begin ] --START--
INFO: Run Behavior\ReadHtmlCacheBehavior [ RunTime:0.000419s ]
INFO: [ app_begin ] --END-- [ RunTime:0.000458s ]
NOTIC: [2048] Declaration of Common\Model\MenuModel::find() should be compatible with Think\Model::find($options = Array) D:\web\takahashi\Application\Common\Model\MenuModel.class.php 第 13 行.
SQL: SHOW COLUMNS FROM `menu` [ RunTime:0.0007s ]
SQL: UPDATE `menu` SET `name`='科技',`type`='0',`m`='home',`c`='cat',`f`='index',`status`='0' WHERE ( menu_id=8 ) [ RunTime:0.0005s ]

[ 2016-07-16T16:09:10+08:00 ] 127.0.0.1 /admin.php?c=menu
INFO: [ app_init ] --START--
INFO: Run Behavior\BuildLiteBehavior [ RunTime:0.000012s ]
INFO: [ app_init ] --END-- [ RunTime:0.000367s ]
INFO: [ app_begin ] --START--
INFO: Run Behavior\ReadHtmlCacheBehavior [ RunTime:0.000423s ]
INFO: [ app_begin ] --END-- [ RunTime:0.000472s ]
NOTIC: [2048] Declaration of Common\Model\MenuModel::find() should be compatible with Think\Model::find($options = Array) D:\web\takahashi\Application\Common\Model\MenuModel.class.php 第 13 行.
SQL: SHOW COLUMNS FROM `menu` [ RunTime:0.0007s ]
SQL: SELECT * FROM `menu` WHERE `status` <> -1 ORDER BY listorder desc, menu_id desc LIMIT 0,10   [ RunTime:0.0004s ]
SQL: SELECT COUNT(*) AS tp_count FROM `menu` WHERE `status` <> -1 LIMIT 1   [ RunTime:0.0003s ]
INFO: [ view_parse ] --START--
INFO: [ template_filter ] --START--
INFO: Run Behavior\ContentReplaceBehavior [ RunTime:0.000063s ]
INFO: [ template_filter ] --END-- [ RunTime:0.000117s ]
SQL: SELECT * FROM `menu` WHERE `status` <> -1 AND `type` = 1 ORDER BY listorder desc,menu_id desc  [ RunTime:0.0005s ]
NOTIC: [8] Undefined index: a D:\web\takahashi\Application\Common\Common\function.php 第 38 行.
NOTIC: [8] Undefined index: a D:\web\takahashi\Application\Common\Common\function.php 第 38 行.
NOTIC: [8] Undefined index: a D:\web\takahashi\Application\Common\Common\function.php 第 38 行.
NOTIC: [8] Undefined index: a D:\web\takahashi\Application\Common\Common\function.php 第 38 行.
NOTIC: [8] Undefined index: a D:\web\takahashi\Application\Common\Common\function.php 第 38 行.
NOTIC: [8] Undefined index: a D:\web\takahashi\Application\Common\Common\function.php 第 38 行.
NOTIC: [8] Array to string conversion D:\web\takahashi\Application\Runtime\Cache\Admin\b956215329b6f9aca22277599a4efdfc.php 第 100 行.
NOTIC: [8] Undefined variable: type D:\web\takahashi\Application\Runtime\Cache\Admin\b956215329b6f9aca22277599a4efdfc.php 第 114 行.
NOTIC: [8] Undefined variable: type D:\web\takahashi\Application\Runtime\Cache\Admin\b956215329b6f9aca22277599a4efdfc.php 第 115 行.
INFO: Run Behavior\ParseTemplateBehavior [ RunTime:0.012264s ]
INFO: [ view_parse ] --END-- [ RunTime:0.012300s ]
INFO: [ view_filter ] --START--
INFO: Run Behavior\WriteHtmlCacheBehavior [ RunTime:0.000278s ]
INFO: [ view_filter ] --END-- [ RunTime:0.000309s ]
INFO: [ app_end ] --START--
INFO: Run Behavior\ShowPageTraceBehavior [ RunTime:0.000455s ]
INFO: [ app_end ] --END-- [ RunTime:0.000496s ]

[ 2016-07-16T16:09:12+08:00 ] 127.0.0.1 /admin.php?c=menu&a=edit&id=8
INFO: [ app_init ] --START--
INFO: Run Behavior\BuildLiteBehavior [ RunTime:0.000012s ]
INFO: [ app_init ] --END-- [ RunTime:0.000354s ]
INFO: [ app_begin ] --START--
INFO: Run Behavior\ReadHtmlCacheBehavior [ RunTime:0.000414s ]
INFO: [ app_begin ] --END-- [ RunTime:0.000458s ]
NOTIC: [2048] Declaration of Common\Model\MenuModel::find() should be compatible with Think\Model::find($options = Array) D:\web\takahashi\Application\Common\Model\MenuModel.class.php 第 13 行.
SQL: SHOW COLUMNS FROM `menu` [ RunTime:0.0008s ]
SQL: SELECT * FROM `menu` WHERE ( menu_id=8 ) LIMIT 1   [ RunTime:0.0004s ]
INFO: [ view_parse ] --START--
INFO: [ template_filter ] --START--
INFO: Run Behavior\ContentReplaceBehavior [ RunTime:0.000057s ]
INFO: [ template_filter ] --END-- [ RunTime:0.000102s ]
SQL: SELECT * FROM `menu` WHERE `status` <> -1 AND `type` = 1 ORDER BY listorder desc,menu_id desc  [ RunTime:0.0006s ]
NOTIC: [8] Undefined index: a D:\web\takahashi\Application\Common\Common\function.php 第 38 行.
NOTIC: [8] Undefined index: a D:\web\takahashi\Application\Common\Common\function.php 第 38 行.
NOTIC: [8] Undefined index: a D:\web\takahashi\Application\Common\Common\function.php 第 38 行.
NOTIC: [8] Undefined index: a D:\web\takahashi\Application\Common\Common\function.php 第 38 行.
NOTIC: [8] Undefined index: a D:\web\takahashi\Application\Common\Common\function.php 第 38 行.
NOTIC: [8] Undefined index: a D:\web\takahashi\Application\Common\Common\function.php 第 38 行.
INFO: Run Behavior\ParseTemplateBehavior [ RunTime:0.011844s ]
INFO: [ view_parse ] --END-- [ RunTime:0.011913s ]
INFO: [ view_filter ] --START--
INFO: Run Behavior\WriteHtmlCacheBehavior [ RunTime:0.000335s ]
INFO: [ view_filter ] --END-- [ RunTime:0.000381s ]
INFO: [ app_end ] --START--
INFO: Run Behavior\ShowPageTraceBehavior [ RunTime:0.000467s ]
INFO: [ app_end ] --END-- [ RunTime:0.000512s ]

[ 2016-07-16T16:09:13+08:00 ] 127.0.0.1 /admin.php?c=menu&a=add
INFO: [ app_init ] --START--
INFO: Run Behavior\BuildLiteBehavior [ RunTime:0.000011s ]
INFO: [ app_init ] --END-- [ RunTime:0.000372s ]
INFO: [ app_begin ] --START--
INFO: Run Behavior\ReadHtmlCacheBehavior [ RunTime:0.000418s ]
INFO: [ app_begin ] --END-- [ RunTime:0.000460s ]
NOTIC: [2048] Declaration of Common\Model\MenuModel::find() should be compatible with Think\Model::find($options = Array) D:\web\takahashi\Application\Common\Model\MenuModel.class.php 第 13 行.
SQL: SHOW COLUMNS FROM `menu` [ RunTime:0.0008s ]
SQL: UPDATE `menu` SET `name`='科技',`type`='0',`m`='home',`c`='cat',`f`='index',`status`='0' WHERE ( menu_id=8 ) [ RunTime:0.0004s ]

[ 2016-07-16T16:09:19+08:00 ] 127.0.0.1 /admin.php?c=menu
INFO: [ app_init ] --START--
INFO: Run Behavior\BuildLiteBehavior [ RunTime:0.000012s ]
INFO: [ app_init ] --END-- [ RunTime:0.000351s ]
INFO: [ app_begin ] --START--
INFO: Run Behavior\ReadHtmlCacheBehavior [ RunTime:0.000416s ]
INFO: [ app_begin ] --END-- [ RunTime:0.000460s ]
NOTIC: [2048] Declaration of Common\Model\MenuModel::find() should be compatible with Think\Model::find($options = Array) D:\web\takahashi\Application\Common\Model\MenuModel.class.php 第 13 行.
SQL: SHOW COLUMNS FROM `menu` [ RunTime:0.0007s ]
SQL: SELECT * FROM `menu` WHERE `status` <> -1 ORDER BY listorder desc, menu_id desc LIMIT 0,10   [ RunTime:0.0004s ]
SQL: SELECT COUNT(*) AS tp_count FROM `menu` WHERE `status` <> -1 LIMIT 1   [ RunTime:0.0003s ]
INFO: [ view_parse ] --START--
INFO: [ template_filter ] --START--
INFO: Run Behavior\ContentReplaceBehavior [ RunTime:0.000154s ]
INFO: [ template_filter ] --END-- [ RunTime:0.000593s ]
SQL: SELECT * FROM `menu` WHERE `status` <> -1 AND `type` = 1 ORDER BY listorder desc,menu_id desc  [ RunTime:0.0006s ]
NOTIC: [8] Undefined index: a D:\web\takahashi\Application\Common\Common\function.php 第 38 行.
NOTIC: [8] Undefined index: a D:\web\takahashi\Application\Common\Common\function.php 第 38 行.
NOTIC: [8] Undefined index: a D:\web\takahashi\Application\Common\Common\function.php 第 38 行.
NOTIC: [8] Undefined index: a D:\web\takahashi\Application\Common\Common\function.php 第 38 行.
NOTIC: [8] Undefined index: a D:\web\takahashi\Application\Common\Common\function.php 第 38 行.
NOTIC: [8] Undefined index: a D:\web\takahashi\Application\Common\Common\function.php 第 38 行.
NOTIC: [8] Array to string conversion D:\web\takahashi\Application\Runtime\Cache\Admin\b956215329b6f9aca22277599a4efdfc.php 第 100 行.
NOTIC: [8] Undefined variable: type D:\web\takahashi\Application\Runtime\Cache\Admin\b956215329b6f9aca22277599a4efdfc.php 第 114 行.
NOTIC: [8] Undefined variable: type D:\web\takahashi\Application\Runtime\Cache\Admin\b956215329b6f9aca22277599a4efdfc.php 第 115 行.
INFO: Run Behavior\ParseTemplateBehavior [ RunTime:0.012846s ]
INFO: [ view_parse ] --END-- [ RunTime:0.012882s ]
INFO: [ view_filter ] --START--
INFO: Run Behavior\WriteHtmlCacheBehavior [ RunTime:0.000294s ]
INFO: [ view_filter ] --END-- [ RunTime:0.000326s ]
INFO: [ app_end ] --START--
INFO: Run Behavior\ShowPageTraceBehavior [ RunTime:0.000688s ]
INFO: [ app_end ] --END-- [ RunTime:0.000763s ]

[ 2016-07-16T16:09:24+08:00 ] 127.0.0.1 /admin.php
INFO: [ app_init ] --START--
INFO: Run Behavior\BuildLiteBehavior [ RunTime:0.000012s ]
INFO: [ app_init ] --END-- [ RunTime:0.000350s ]
INFO: [ app_begin ] --START--
INFO: Run Behavior\ReadHtmlCacheBehavior [ RunTime:0.000413s ]
INFO: [ app_begin ] --END-- [ RunTime:0.000455s ]
INFO: [ view_parse ] --START--
INFO: [ template_filter ] --START--
INFO: Run Behavior\ContentReplaceBehavior [ RunTime:0.000135s ]
INFO: [ template_filter ] --END-- [ RunTime:0.000308s ]
NOTIC: [2048] Declaration of Common\Model\MenuModel::find() should be compatible with Think\Model::find($options = Array) D:\web\takahashi\Application\Common\Model\MenuModel.class.php 第 13 行.
SQL: SHOW COLUMNS FROM `menu` [ RunTime:0.0009s ]
SQL: SELECT * FROM `menu` WHERE `status` <> -1 AND `type` = 1 ORDER BY listorder desc,menu_id desc  [ RunTime:0.0005s ]
NOTIC: [8] Undefined index: a D:\web\takahashi\Application\Common\Common\function.php 第 38 行.
NOTIC: [8] Undefined index: a D:\web\takahashi\Application\Common\Common\function.php 第 38 行.
NOTIC: [8] Undefined index: a D:\web\takahashi\Application\Common\Common\function.php 第 38 行.
NOTIC: [8] Undefined index: a D:\web\takahashi\Application\Common\Common\function.php 第 38 行.
NOTIC: [8] Undefined index: a D:\web\takahashi\Application\Common\Common\function.php 第 38 行.
NOTIC: [8] Undefined index: a D:\web\takahashi\Application\Common\Common\function.php 第 38 行.
INFO: Run Behavior\ParseTemplateBehavior [ RunTime:0.020652s ]
INFO: [ view_parse ] --END-- [ RunTime:0.020701s ]
INFO: [ view_filter ] --START--
INFO: Run Behavior\WriteHtmlCacheBehavior [ RunTime:0.000470s ]
INFO: [ view_filter ] --END-- [ RunTime:0.000521s ]
INFO: [ app_end ] --START--
INFO: Run Behavior\ShowPageTraceBehavior [ RunTime:0.001307s ]
INFO: [ app_end ] --END-- [ RunTime:0.001424s ]

[ 2016-07-16T16:09:29+08:00 ] 127.0.0.1 /admin.php?c=login&a=loginout
INFO: [ app_init ] --START--
INFO: Run Behavior\BuildLiteBehavior [ RunTime:0.000012s ]
INFO: [ app_init ] --END-- [ RunTime:0.000363s ]
INFO: [ app_begin ] --START--
INFO: Run Behavior\ReadHtmlCacheBehavior [ RunTime:0.000561s ]
INFO: [ app_begin ] --END-- [ RunTime:0.000626s ]
NOTIC: [8] Undefined variable: module D:\web\takahashi\ThinkPHP\Common\functions.php 第 990 行.
NOTIC: [8] Undefined variable: var D:\web\takahashi\ThinkPHP\Common\functions.php 第 990 行.
NOTIC: [2] array_reverse() expects parameter 1 to be array, null given D:\web\takahashi\ThinkPHP\Common\functions.php 第 990 行.
NOTIC: [2] http_build_query(): Parameter 1 expected to be Array or Object.  Incorrect value given D:\web\takahashi\ThinkPHP\Common\functions.php 第 990 行.

[ 2016-07-16T16:09:29+08:00 ] 127.0.0.1 /admin.php?m=&&c=login&a=index
INFO: [ app_init ] --START--
INFO: Run Behavior\BuildLiteBehavior [ RunTime:0.000014s ]
INFO: [ app_init ] --END-- [ RunTime:0.000382s ]
INFO: [ app_begin ] --START--
INFO: Run Behavior\ReadHtmlCacheBehavior [ RunTime:0.000458s ]
INFO: [ app_begin ] --END-- [ RunTime:0.000511s ]
INFO: [ view_parse ] --START--
INFO: [ template_filter ] --START--
INFO: Run Behavior\ContentReplaceBehavior [ RunTime:0.000038s ]
INFO: [ template_filter ] --END-- [ RunTime:0.000087s ]
INFO: Run Behavior\ParseTemplateBehavior [ RunTime:0.024975s ]
INFO: [ view_parse ] --END-- [ RunTime:0.025035s ]
INFO: [ view_filter ] --START--
INFO: Run Behavior\WriteHtmlCacheBehavior [ RunTime:0.000267s ]
INFO: [ view_filter ] --END-- [ RunTime:0.000298s ]
INFO: [ app_end ] --START--
INFO: Run Behavior\ShowPageTraceBehavior [ RunTime:0.000446s ]
INFO: [ app_end ] --END-- [ RunTime:0.000482s ]

[ 2016-07-16T16:09:29+08:00 ] 127.0.0.1 /admin.php?m=&&c=login&a=index
INFO: [ app_init ] --START--
INFO: Run Behavior\BuildLiteBehavior [ RunTime:0.000012s ]
INFO: [ app_init ] --END-- [ RunTime:0.000362s ]
INFO: [ app_begin ] --START--
INFO: Run Behavior\ReadHtmlCacheBehavior [ RunTime:0.000421s ]
INFO: [ app_begin ] --END-- [ RunTime:0.000465s ]
INFO: [ view_parse ] --START--
INFO: [ template_filter ] --START--
INFO: Run Behavior\ContentReplaceBehavior [ RunTime:0.000038s ]
INFO: [ template_filter ] --END-- [ RunTime:0.000086s ]
INFO: Run Behavior\ParseTemplateBehavior [ RunTime:0.006081s ]
INFO: [ view_parse ] --END-- [ RunTime:0.006126s ]
INFO: [ view_filter ] --START--
INFO: Run Behavior\WriteHtmlCacheBehavior [ RunTime:0.000257s ]
INFO: [ view_filter ] --END-- [ RunTime:0.000296s ]
INFO: [ app_end ] --START--
INFO: Run Behavior\ShowPageTraceBehavior [ RunTime:0.000478s ]
INFO: [ app_end ] --END-- [ RunTime:0.000522s ]

[ 2016-07-16T16:09:36+08:00 ] 127.0.0.1 /admin.php?c=login&a=check
INFO: [ app_init ] --START--
INFO: Run Behavior\BuildLiteBehavior [ RunTime:0.000018s ]
INFO: [ app_init ] --END-- [ RunTime:0.000427s ]
INFO: [ app_begin ] --START--
INFO: Run Behavior\ReadHtmlCacheBehavior [ RunTime:0.000448s ]
INFO: [ app_begin ] --END-- [ RunTime:0.000491s ]
SQL: SHOW COLUMNS FROM `admin` [ RunTime:0.0011s ]
SQL: SELECT * FROM `admin` WHERE ( username="woya" ) LIMIT 1   [ RunTime:0.0003s ]

[ 2016-07-16T16:09:38+08:00 ] 127.0.0.1 /admin.php?c=index&a=index
INFO: [ app_init ] --START--
INFO: Run Behavior\BuildLiteBehavior [ RunTime:0.000011s ]
INFO: [ app_init ] --END-- [ RunTime:0.000349s ]
INFO: [ app_begin ] --START--
INFO: Run Behavior\ReadHtmlCacheBehavior [ RunTime:0.000416s ]
INFO: [ app_begin ] --END-- [ RunTime:0.000458s ]
INFO: [ view_parse ] --START--
INFO: [ template_filter ] --START--
INFO: Run Behavior\ContentReplaceBehavior [ RunTime:0.000049s ]
INFO: [ template_filter ] --END-- [ RunTime:0.000090s ]
NOTIC: [2048] Declaration of Common\Model\MenuModel::find() should be compatible with Think\Model::find($options = Array) D:\web\takahashi\Application\Common\Model\MenuModel.class.php 第 13 行.
SQL: SHOW COLUMNS FROM `menu` [ RunTime:0.0007s ]
SQL: SELECT * FROM `menu` WHERE `status` <> -1 AND `type` = 1 ORDER BY listorder desc,menu_id desc  [ RunTime:0.0004s ]
NOTIC: [8] Undefined index: a D:\web\takahashi\Application\Common\Common\function.php 第 38 行.
NOTIC: [8] Undefined index: a D:\web\takahashi\Application\Common\Common\function.php 第 38 行.
NOTIC: [8] Undefined index: a D:\web\takahashi\Application\Common\Common\function.php 第 38 行.
NOTIC: [8] Undefined index: a D:\web\takahashi\Application\Common\Common\function.php 第 38 行.
NOTIC: [8] Undefined index: a D:\web\takahashi\Application\Common\Common\function.php 第 38 行.
NOTIC: [8] Undefined index: a D:\web\takahashi\Application\Common\Common\function.php 第 38 行.
INFO: Run Behavior\ParseTemplateBehavior [ RunTime:0.018997s ]
INFO: [ view_parse ] --END-- [ RunTime:0.019035s ]
INFO: [ view_filter ] --START--
INFO: Run Behavior\WriteHtmlCacheBehavior [ RunTime:0.000388s ]
INFO: [ view_filter ] --END-- [ RunTime:0.000421s ]
INFO: [ app_end ] --START--
INFO: Run Behavior\ShowPageTraceBehavior [ RunTime:0.000671s ]
INFO: [ app_end ] --END-- [ RunTime:0.000741s ]

[ 2016-07-16T16:09:54+08:00 ] 127.0.0.1 /admin.php?c=login&a=loginout
INFO: [ app_init ] --START--
INFO: Run Behavior\BuildLiteBehavior [ RunTime:0.000012s ]
INFO: [ app_init ] --END-- [ RunTime:0.000353s ]
INFO: [ app_begin ] --START--
INFO: Run Behavior\ReadHtmlCacheBehavior [ RunTime:0.000418s ]
INFO: [ app_begin ] --END-- [ RunTime:0.000460s ]
NOTIC: [8] Undefined variable: module D:\web\takahashi\ThinkPHP\Common\functions.php 第 990 行.
NOTIC: [8] Undefined variable: var D:\web\takahashi\ThinkPHP\Common\functions.php 第 990 行.
NOTIC: [2] array_reverse() expects parameter 1 to be array, null given D:\web\takahashi\ThinkPHP\Common\functions.php 第 990 行.
NOTIC: [2] http_build_query(): Parameter 1 expected to be Array or Object.  Incorrect value given D:\web\takahashi\ThinkPHP\Common\functions.php 第 990 行.

[ 2016-07-16T16:09:54+08:00 ] 127.0.0.1 /admin.php?m=&&c=login&a=index
INFO: [ app_init ] --START--
INFO: Run Behavior\BuildLiteBehavior [ RunTime:0.000013s ]
INFO: [ app_init ] --END-- [ RunTime:0.000365s ]
INFO: [ app_begin ] --START--
INFO: Run Behavior\ReadHtmlCacheBehavior [ RunTime:0.000448s ]
INFO: [ app_begin ] --END-- [ RunTime:0.000491s ]
INFO: [ view_parse ] --START--
INFO: [ template_filter ] --START--
INFO: Run Behavior\ContentReplaceBehavior [ RunTime:0.000034s ]
INFO: [ template_filter ] --END-- [ RunTime:0.000073s ]
INFO: Run Behavior\ParseTemplateBehavior [ RunTime:0.005074s ]
INFO: [ view_parse ] --END-- [ RunTime:0.005128s ]
INFO: [ view_filter ] --START--
INFO: Run Behavior\WriteHtmlCacheBehavior [ RunTime:0.000264s ]
INFO: [ view_filter ] --END-- [ RunTime:0.000301s ]
INFO: [ app_end ] --START--
INFO: Run Behavior\ShowPageTraceBehavior [ RunTime:0.000432s ]
INFO: [ app_end ] --END-- [ RunTime:0.000468s ]

[ 2016-07-16T16:09:54+08:00 ] 127.0.0.1 /admin.php?m=&&c=login&a=index
INFO: [ app_init ] --START--
INFO: Run Behavior\BuildLiteBehavior [ RunTime:0.000053s ]
INFO: [ app_init ] --END-- [ RunTime:0.001242s ]
INFO: [ app_begin ] --START--
INFO: Run Behavior\ReadHtmlCacheBehavior [ RunTime:0.000515s ]
INFO: [ app_begin ] --END-- [ RunTime:0.000573s ]
INFO: [ view_parse ] --START--
INFO: [ template_filter ] --START--
INFO: Run Behavior\ContentReplaceBehavior [ RunTime:0.000059s ]
INFO: [ template_filter ] --END-- [ RunTime:0.000136s ]
INFO: Run Behavior\ParseTemplateBehavior [ RunTime:0.007152s ]
INFO: [ view_parse ] --END-- [ RunTime:0.007210s ]
INFO: [ view_filter ] --START--
INFO: Run Behavior\WriteHtmlCacheBehavior [ RunTime:0.000266s ]
INFO: [ view_filter ] --END-- [ RunTime:0.000296s ]
INFO: [ app_end ] --START--
INFO: Run Behavior\ShowPageTraceBehavior [ RunTime:0.000434s ]
INFO: [ app_end ] --END-- [ RunTime:0.000470s ]

